[2025-09-23 14:03:58] [INFO] Feedback cog logging initialized
[2025-09-23 14:03:58] [INFO] Feedback cog initialized
[2025-09-23 14:03:58] [INFO] ✅ Persistent views re-registered: FeedbackView, CloseThreadView, ConfirmCloseView
[2025-09-23 14:14:49] [INFO] Feedback cog logging initialized
[2025-09-23 14:14:49] [INFO] Feedback cog initialized
[2025-09-23 14:14:49] [INFO] ✅ Persistent views re-registered: FeedbackView, CloseThreadView, ConfirmCloseView
[2025-09-23 14:16:07] [INFO] Feedback cog logging initialized
[2025-09-23 14:16:07] [INFO] Feedback cog initialized
[2025-09-23 14:16:07] [INFO] ✅ Persistent views re-registered: FeedbackView, CloseThreadView, ConfirmCloseView
[2025-09-23 14:18:21] [INFO] Feedback cog logging initialized
[2025-09-23 14:18:21] [INFO] Feedback cog initialized
[2025-09-23 14:18:21] [INFO] ✅ Persistent views re-registered: FeedbackView, CloseThreadView, ConfirmCloseView
[2025-09-23 14:21:20] [INFO] Feedback cog logging initialized
[2025-09-23 14:21:20] [INFO] Feedback cog initialized
[2025-09-23 14:21:20] [INFO] ✅ Persistent views re-registered: FeedbackView, CloseThreadView, ConfirmCloseView
[2025-09-23 14:22:31] [INFO] Feedback cog logging reinitialized - using existing handler
[2025-09-23 14:22:31] [INFO] Feedback cog initialized
[2025-09-23 14:22:31] [INFO] ✅ Persistent views re-registered: FeedbackView, CloseThreadView, ConfirmCloseView
[2025-09-23 14:22:48] [INFO] Feedback cog logging reinitialized - using existing handler
[2025-09-23 14:22:48] [INFO] Feedback cog initialized
[2025-09-23 14:22:48] [INFO] ✅ Persistent views re-registered: FeedbackView, CloseThreadView, ConfirmCloseView
[2025-09-23 14:22:59] [INFO] Feedback cog logging initialized
[2025-09-23 14:22:59] [INFO] Feedback cog initialized
[2025-09-23 14:22:59] [INFO] ✅ Persistent views re-registered: FeedbackView, CloseThreadView, ConfirmCloseView
[2025-09-23 14:31:52] [INFO] Feedback cog logging initialized
[2025-09-23 14:31:52] [INFO] Feedback cog initialized
[2025-09-23 14:31:52] [INFO] ✅ Persistent views re-registered: FeedbackView, CloseThreadView, ConfirmCloseView
[2025-09-23 14:43:56] [INFO] Feedback cog logging initialized
[2025-09-23 14:43:56] [INFO] Feedback cog initialized
[2025-09-23 14:43:56] [INFO] ✅ Persistent views re-registered: FeedbackView, CloseThreadView, ConfirmCloseView
[2025-09-23 14:45:27] [INFO] Feedback cog logging initialized
[2025-09-23 14:45:27] [INFO] Feedback cog initialized
[2025-09-23 14:45:27] [INFO] ✅ Persistent views re-registered: FeedbackView, CloseThreadView, ConfirmCloseView
[2025-09-23 15:29:29] [INFO] Feedback cog logging initialized
[2025-09-23 15:29:29] [INFO] Feedback cog initialized
[2025-09-23 15:29:29] [INFO] ✅ Persistent views re-registered: FeedbackView, CloseThreadView, ConfirmCloseView
[2025-09-23 15:30:15] [INFO] Feedback cog logging initialized
[2025-09-23 15:30:15] [INFO] Feedback cog initialized
[2025-09-23 15:30:15] [INFO] ✅ Persistent views re-registered: FeedbackView, CloseThreadView, ConfirmCloseView
[2025-09-23 15:37:24] [INFO] Feedback cog logging initialized
[2025-09-23 15:37:24] [INFO] Feedback cog initialized
[2025-09-23 15:37:24] [INFO] ✅ Persistent views re-registered: FeedbackView, CloseThreadView, ConfirmCloseView
[2025-09-23 15:45:44] [INFO] Feedback cog logging initialized
[2025-09-23 15:45:44] [INFO] Feedback cog initialized
[2025-09-23 15:45:44] [INFO] ✅ Persistent views re-registered: FeedbackView, CloseThreadView, ConfirmCloseView
[2025-09-23 15:57:24] [INFO] Feedback cog logging initialized
[2025-09-23 15:57:24] [INFO] Feedback cog initialized
[2025-09-23 15:57:24] [INFO] ✅ Persistent views re-registered: FeedbackView, CloseThreadView, ConfirmCloseView
[2025-09-23 16:00:39] [INFO] Feedback cog logging initialized
[2025-09-23 16:00:39] [INFO] Feedback cog initialized
[2025-09-23 16:00:39] [INFO] ✅ Persistent views re-registered: FeedbackView, CloseThreadView, ConfirmCloseView
[2025-09-23 16:03:37] [INFO] Feedback cog logging initialized
[2025-09-23 16:03:37] [INFO] Feedback cog initialized
[2025-09-23 16:03:37] [INFO] ✅ Persistent views re-registered: FeedbackView, CloseThreadView, ConfirmCloseView
[2025-09-23 16:05:23] [INFO] Feedback cog logging initialized
[2025-09-23 16:05:23] [INFO] Feedback cog initialized
[2025-09-23 16:05:23] [INFO] ✅ Persistent views re-registered: FeedbackView, CloseThreadView, ConfirmCloseView
[2025-09-23 16:08:55] [INFO] Feedback cog logging initialized
[2025-09-23 16:08:55] [INFO] Feedback cog initialized
[2025-09-23 16:08:55] [INFO] ✅ Persistent views re-registered: FeedbackView, CloseThreadView, ConfirmCloseView
[2025-09-23 17:09:24] [INFO] Feedback cog logging initialized
[2025-09-23 17:09:24] [INFO] Feedback cog initialized
[2025-09-23 17:09:24] [INFO] ✅ Persistent views re-registered: FeedbackView, CloseThreadView, ConfirmCloseView
[2025-09-23 23:59:03] [INFO] Feedback cog logging initialized
[2025-09-23 23:59:03] [INFO] Feedback cog initialized
[2025-09-23 23:59:03] [INFO] ✅ Persistent views re-registered: FeedbackView, CloseThreadView, ConfirmCloseView
[2025-09-24 00:02:03] [INFO] Feedback cog logging reinitialized - using existing handler
[2025-09-24 00:02:03] [INFO] Feedback cog initialized
[2025-09-24 00:02:03] [INFO] ✅ Persistent views re-registered: FeedbackView, CloseThreadView, ConfirmCloseView
[2025-09-24 00:02:23] [INFO] Feedback cog logging initialized
[2025-09-24 00:02:23] [INFO] Feedback cog initialized
[2025-09-24 00:02:23] [INFO] ✅ Persistent views re-registered: FeedbackView, CloseThreadView, ConfirmCloseView
[2025-09-24 00:02:56] [INFO] Feedback cog logging reinitialized - using existing handler
[2025-09-24 00:02:56] [INFO] Feedback cog initialized
[2025-09-24 00:02:56] [INFO] ✅ Persistent views re-registered: FeedbackView, CloseThreadView, ConfirmCloseView
[2025-09-24 00:03:05] [INFO] Feedback cog logging initialized
[2025-09-24 00:03:05] [INFO] Feedback cog initialized
[2025-09-24 00:03:05] [INFO] ✅ Persistent views re-registered: FeedbackView, CloseThreadView, ConfirmCloseView
[2025-09-24 00:11:43] [INFO] Feedback cog logging initialized
[2025-09-24 00:11:43] [INFO] Feedback cog initialized
[2025-09-24 00:11:43] [INFO] ✅ Persistent views re-registered: FeedbackView, CloseThreadView, ConfirmCloseView
[2025-09-24 00:13:41] [INFO] Feedback cog logging initialized
[2025-09-24 00:13:41] [INFO] Feedback cog initialized
[2025-09-24 00:13:41] [INFO] ✅ Persistent views re-registered: FeedbackView, CloseThreadView, ConfirmCloseView
[2025-09-24 00:17:03] [INFO] Feedback cog logging initialized
[2025-09-24 00:17:03] [INFO] Feedback cog initialized
[2025-09-24 00:17:03] [INFO] ✅ Persistent views re-registered: FeedbackView, CloseThreadView, ConfirmCloseView
[2025-09-24 00:25:03] [INFO] Feedback cog logging initialized
[2025-09-24 00:25:03] [INFO] Feedback cog initialized
[2025-09-24 00:25:03] [INFO] ✅ Persistent views re-registered: FeedbackView, CloseThreadView, ConfirmCloseView
[2025-09-24 13:43:49] [INFO] Feedback cog logging initialized
[2025-09-24 13:43:49] [INFO] Feedback cog initialized
[2025-09-24 13:43:49] [INFO] ✅ Persistent views re-registered: FeedbackView, CloseThreadView, ConfirmCloseView
[2025-09-24 13:45:46] [INFO] Feedback cog logging initialized
[2025-09-24 13:45:46] [INFO] Feedback cog initialized
[2025-09-24 13:45:46] [INFO] ✅ Persistent views re-registered: FeedbackView, CloseThreadView, ConfirmCloseView
[2025-09-24 16:03:28] [INFO] Feedback submission started by MyeTezz (ID: 1034606763330248744) - Type: Ideas
[2025-09-24 16:03:28] [INFO] Feedback submitted successfully by MyeTezz (ID: 1034606763330248744) in message 1420425408397971586
[2025-09-24 17:31:21] [INFO] Opening thread for feedback from MyeTezz
[2025-09-24 17:31:21] [INFO] Thread 1420425408397971586 created for MyeTezz
[2025-09-24 17:31:51] [INFO] Mod reply in thread 1420425408397971586 for user MyeTezz
[2025-09-24 17:31:51] [INFO] Successfully forwarded mod reply to MyeTezz
[2025-09-24 17:32:07] [INFO] Mod reply in thread 1420425408397971586 for user MyeTezz
[2025-09-24 17:32:09] [INFO] Successfully forwarded mod reply to MyeTezz
[2025-09-24 17:44:52] [INFO] Forwarding user DM from MyeTezz to thread 1420425408397971586
[2025-09-24 17:46:26] [INFO] Mod reply in thread 1420425408397971586 for user MyeTezz
[2025-09-24 17:46:26] [INFO] Successfully forwarded mod reply to MyeTezz
[2025-09-24 17:58:09] [INFO] Mod reply in thread 1420425408397971586 for user MyeTezz
[2025-09-24 17:58:10] [INFO] Successfully forwarded mod reply to MyeTezz
[2025-09-24 18:09:45] [INFO] Forwarding user DM from MyeTezz to thread 1420425408397971586
[2025-09-24 18:11:39] [INFO] Mod reply in thread 1420425408397971586 for user MyeTezz
[2025-09-24 18:11:40] [INFO] Successfully forwarded mod reply to MyeTezz
[2025-09-24 19:41:28] [INFO] Feedback cog logging initialized
[2025-09-24 19:41:28] [INFO] Feedback cog initialized
[2025-09-24 19:41:28] [INFO] ✅ Persistent views re-registered: FeedbackView, CloseThreadView, ConfirmCloseView
[2025-09-24 19:44:22] [INFO] Feedback cog logging initialized
[2025-09-24 19:44:22] [INFO] Feedback cog initialized
[2025-09-24 19:44:22] [INFO] ✅ Persistent views re-registered: FeedbackView, CloseThreadView, ConfirmCloseView
[2025-09-24 19:50:43] [INFO] Feedback cog logging initialized
[2025-09-24 19:50:43] [INFO] Feedback cog initialized
[2025-09-24 19:50:43] [INFO] ✅ Persistent views re-registered: FeedbackView, CloseThreadView, ConfirmCloseView
[2025-09-24 19:57:36] [INFO] Feedback cog logging initialized
[2025-09-24 19:57:36] [INFO] Feedback cog initialized
[2025-09-24 19:57:36] [INFO] ✅ Persistent views re-registered: FeedbackView, CloseThreadView, ConfirmCloseView
[2025-09-24 20:09:50] [INFO] Feedback cog logging initialized
[2025-09-24 20:09:50] [INFO] Feedback cog initialized
[2025-09-24 20:09:50] [INFO] ✅ Persistent views re-registered: FeedbackView, CloseThreadView, ConfirmCloseView
[2025-09-24 20:17:49] [INFO] Feedback cog logging initialized
[2025-09-24 20:17:49] [INFO] Feedback cog initialized
[2025-09-24 20:17:49] [INFO] ✅ Persistent views re-registered: FeedbackView, CloseThreadView, ConfirmCloseView
[2025-09-24 21:24:32] [INFO] Feedback cog logging initialized
[2025-09-24 21:24:32] [INFO] Feedback cog initialized
[2025-09-24 21:24:32] [INFO] ✅ Persistent views re-registered: FeedbackView, CloseThreadView, ConfirmCloseView
[2025-09-24 21:25:23] [INFO] Feedback cog logging initialized
[2025-09-24 21:25:23] [INFO] Feedback cog initialized
[2025-09-24 21:25:23] [INFO] ✅ Persistent views re-registered: FeedbackView, CloseThreadView, ConfirmCloseView
[2025-09-24 21:28:05] [INFO] Feedback cog logging initialized
[2025-09-24 21:28:05] [INFO] Feedback cog initialized
[2025-09-24 21:28:05] [INFO] ✅ Persistent views re-registered: FeedbackView, CloseThreadView, ConfirmCloseView
[2025-09-24 21:47:25] [INFO] Feedback cog logging initialized
[2025-09-24 21:47:25] [INFO] Feedback cog initialized
[2025-09-24 21:47:25] [INFO] ✅ Persistent views re-registered: FeedbackView, CloseThreadView, ConfirmCloseView
[2025-09-24 22:59:01] [INFO] Feedback cog logging initialized
[2025-09-24 22:59:01] [INFO] Feedback cog initialized
[2025-09-24 22:59:01] [INFO] ✅ Persistent views re-registered: FeedbackView, CloseThreadView, ConfirmCloseView
[2025-09-24 23:02:20] [INFO] Feedback cog logging initialized
[2025-09-24 23:02:20] [INFO] Feedback cog initialized
[2025-09-24 23:02:20] [INFO] ✅ Persistent views re-registered: FeedbackView, CloseThreadView, ConfirmCloseView
[2025-09-24 23:05:07] [INFO] Feedback cog logging initialized
[2025-09-24 23:05:07] [INFO] Feedback cog initialized
[2025-09-24 23:05:07] [INFO] ✅ Persistent views re-registered: FeedbackView, CloseThreadView, ConfirmCloseView
[2025-09-24 23:10:39] [INFO] Feedback cog logging initialized
[2025-09-24 23:10:39] [INFO] Feedback cog initialized
[2025-09-24 23:10:39] [INFO] ✅ Persistent views re-registered: FeedbackView, CloseThreadView, ConfirmCloseView
[2025-09-24 23:23:06] [INFO] Feedback cog logging initialized
[2025-09-24 23:23:06] [INFO] Feedback cog initialized
[2025-09-24 23:23:06] [INFO] ✅ Persistent views re-registered: FeedbackView, CloseThreadView, ConfirmCloseView
[2025-09-24 23:26:55] [INFO] Feedback cog logging initialized
[2025-09-24 23:26:55] [INFO] Feedback cog initialized
[2025-09-24 23:26:55] [INFO] ✅ Persistent views re-registered: FeedbackView, CloseThreadView, ConfirmCloseView
[2025-09-24 23:30:06] [INFO] Feedback cog logging initialized
[2025-09-24 23:30:06] [INFO] Feedback cog initialized
[2025-09-24 23:30:06] [INFO] ✅ Persistent views re-registered: FeedbackView, CloseThreadView, ConfirmCloseView
[2025-09-24 23:33:28] [INFO] Feedback cog logging initialized
[2025-09-24 23:33:28] [INFO] Feedback cog initialized
[2025-09-24 23:33:28] [INFO] ✅ Persistent views re-registered: FeedbackView, CloseThreadView, ConfirmCloseView
[2025-09-24 23:40:55] [INFO] Feedback cog logging initialized
[2025-09-24 23:40:55] [INFO] Feedback cog initialized
[2025-09-24 23:40:55] [INFO] ✅ Persistent views re-registered: FeedbackView, CloseThreadView, ConfirmCloseView
[2025-09-24 23:42:52] [INFO] Feedback cog logging initialized
[2025-09-24 23:42:52] [INFO] Feedback cog initialized
[2025-09-24 23:42:52] [INFO] ✅ Persistent views re-registered: FeedbackView, CloseThreadView, ConfirmCloseView
[2025-09-24 23:43:31] [INFO] Feedback cog logging initialized
[2025-09-24 23:43:31] [INFO] Feedback cog initialized
[2025-09-24 23:43:31] [INFO] ✅ Persistent views re-registered: FeedbackView, CloseThreadView, ConfirmCloseView
[2025-09-24 23:47:46] [INFO] Feedback cog logging initialized
[2025-09-24 23:47:46] [INFO] Feedback cog initialized
[2025-09-24 23:47:46] [INFO] ✅ Persistent views re-registered: FeedbackView, CloseThreadView, ConfirmCloseView
[2025-09-24 23:52:30] [INFO] Feedback cog logging initialized
[2025-09-24 23:52:30] [INFO] Feedback cog initialized
[2025-09-24 23:52:30] [INFO] ✅ Persistent views re-registered: FeedbackView, CloseThreadView, ConfirmCloseView
[2025-09-24 23:59:23] [INFO] Feedback cog logging initialized
[2025-09-24 23:59:23] [INFO] Feedback cog initialized
[2025-09-24 23:59:23] [INFO] ✅ Persistent views re-registered: FeedbackView, CloseThreadView, ConfirmCloseView
[2025-09-25 00:06:03] [INFO] Feedback cog logging initialized
[2025-09-25 00:06:03] [INFO] Feedback cog initialized
[2025-09-25 00:06:03] [INFO] ✅ Persistent views re-registered: FeedbackView, CloseThreadView, ConfirmCloseView
[2025-09-25 00:12:44] [INFO] Feedback cog logging initialized
[2025-09-25 00:12:44] [INFO] Feedback cog initialized
[2025-09-25 00:12:44] [INFO] ✅ Persistent views re-registered: FeedbackView, CloseThreadView, ConfirmCloseView
[2025-09-25 00:15:29] [INFO] Feedback cog logging initialized
[2025-09-25 00:15:29] [INFO] Feedback cog initialized
[2025-09-25 00:15:29] [INFO] ✅ Persistent views re-registered: FeedbackView, CloseThreadView, ConfirmCloseView
[2025-09-25 00:18:51] [INFO] Feedback cog logging initialized
[2025-09-25 00:18:51] [INFO] Feedback cog initialized
[2025-09-25 00:18:51] [INFO] ✅ Persistent views re-registered: FeedbackView, CloseThreadView, ConfirmCloseView
[2025-09-25 01:12:34] [INFO] Feedback cog logging initialized
[2025-09-25 01:12:34] [INFO] Feedback cog initialized
[2025-09-25 01:12:34] [INFO] ✅ Persistent views re-registered: FeedbackView, CloseThreadView, ConfirmCloseView
[2025-09-25 02:51:51] [INFO] Feedback cog logging initialized
[2025-09-25 02:51:51] [INFO] Feedback cog initialized
[2025-09-25 02:51:51] [INFO] ✅ Persistent views re-registered: FeedbackView, CloseThreadView, ConfirmCloseView
[2025-09-25 02:56:26] [INFO] Feedback cog logging initialized
[2025-09-25 02:56:26] [INFO] Feedback cog initialized
[2025-09-25 02:56:26] [INFO] ✅ Persistent views re-registered: FeedbackView, CloseThreadView, ConfirmCloseView
[2025-09-25 03:06:06] [INFO] Feedback cog logging initialized
[2025-09-25 03:06:06] [INFO] Feedback cog initialized
[2025-09-25 03:06:06] [INFO] ✅ Persistent views re-registered: FeedbackView, CloseThreadView, ConfirmCloseView
[2025-09-25 03:07:47] [INFO] Feedback cog logging initialized
[2025-09-25 03:07:47] [INFO] Feedback cog initialized
[2025-09-25 03:07:47] [INFO] ✅ Persistent views re-registered: FeedbackView, CloseThreadView, ConfirmCloseView
[2025-09-25 03:09:12] [INFO] Feedback cog logging initialized
[2025-09-25 03:09:12] [INFO] Feedback cog initialized
[2025-09-25 03:09:12] [INFO] ✅ Persistent views re-registered: FeedbackView, CloseThreadView, ConfirmCloseView
[2025-09-25 03:10:28] [INFO] Feedback cog logging initialized
[2025-09-25 03:10:28] [INFO] Feedback cog initialized
[2025-09-25 03:10:28] [INFO] ✅ Persistent views re-registered: FeedbackView, CloseThreadView, ConfirmCloseView
[2025-09-25 03:34:37] [INFO] Feedback cog logging reinitialized - using existing handler
[2025-09-25 03:34:37] [INFO] Feedback cog initialized
[2025-09-25 03:34:37] [INFO] ✅ Persistent views re-registered: FeedbackView, CloseThreadView, ConfirmCloseView
[2025-09-25 03:35:24] [INFO] Feedback cog logging initialized
[2025-09-25 03:35:24] [INFO] Feedback cog initialized
[2025-09-25 03:35:24] [INFO] ✅ Persistent views re-registered: FeedbackView, CloseThreadView, ConfirmCloseView
[2025-09-25 03:42:44] [INFO] Feedback cog logging initialized
[2025-09-25 03:42:44] [INFO] Feedback cog initialized
[2025-09-25 03:42:44] [INFO] ✅ Persistent views re-registered: FeedbackView, CloseThreadView, ConfirmCloseView
[2025-09-25 03:44:22] [INFO] Feedback cog logging initialized
[2025-09-25 03:44:22] [INFO] Feedback cog initialized
[2025-09-25 03:44:22] [INFO] ✅ Persistent views re-registered: FeedbackView, CloseThreadView, ConfirmCloseView
[2025-09-25 03:45:12] [INFO] Feedback cog logging initialized
[2025-09-25 03:45:12] [INFO] Feedback cog initialized
[2025-09-25 03:45:12] [INFO] ✅ Persistent views re-registered: FeedbackView, CloseThreadView, ConfirmCloseView
[2025-09-25 03:48:22] [INFO] Feedback cog logging initialized
[2025-09-25 03:48:22] [INFO] Feedback cog initialized
[2025-09-25 03:48:22] [INFO] ✅ Persistent views re-registered: FeedbackView, CloseThreadView, ConfirmCloseView
[2025-09-25 04:02:04] [INFO] Feedback cog logging initialized
[2025-09-25 04:02:04] [INFO] Feedback cog initialized
[2025-09-25 04:02:04] [INFO] ✅ Persistent views re-registered: FeedbackView, CloseThreadView, ConfirmCloseView
[2025-09-25 04:07:21] [INFO] Feedback cog logging initialized
[2025-09-25 04:07:21] [INFO] Feedback cog initialized
[2025-09-25 04:07:21] [INFO] ✅ Persistent views re-registered: FeedbackView, CloseThreadView, ConfirmCloseView
[2025-09-25 04:10:56] [INFO] Feedback cog logging initialized
[2025-09-25 04:10:56] [INFO] Feedback cog initialized
[2025-09-25 04:10:56] [INFO] ✅ Persistent views re-registered: FeedbackView, CloseThreadView, ConfirmCloseView
[2025-09-25 13:04:55] [INFO] Feedback cog logging initialized
[2025-09-25 13:04:55] [INFO] Feedback cog initialized
[2025-09-25 13:04:55] [INFO] ✅ Persistent views re-registered: FeedbackView, CloseThreadView, ConfirmCloseView
[2025-09-25 13:05:42] [INFO] Feedback cog logging initialized
[2025-09-25 13:05:42] [INFO] Feedback cog initialized
[2025-09-25 13:05:42] [INFO] ✅ Persistent views re-registered: FeedbackView, CloseThreadView, ConfirmCloseView
[2025-09-25 13:09:47] [INFO] Feedback cog logging initialized
[2025-09-25 13:09:47] [INFO] Feedback cog initialized
[2025-09-25 13:09:47] [INFO] ✅ Persistent views re-registered: FeedbackView, CloseThreadView, ConfirmCloseView
[2025-09-25 13:31:39] [INFO] Feedback cog logging initialized
[2025-09-25 13:31:39] [INFO] Feedback cog initialized
[2025-09-25 13:31:39] [INFO] ✅ Persistent views re-registered: FeedbackView, CloseThreadView, ConfirmCloseView
[2025-09-25 13:37:33] [INFO] Feedback cog logging initialized
[2025-09-25 13:37:33] [INFO] Feedback cog initialized
[2025-09-25 13:37:33] [INFO] ✅ Persistent views re-registered: FeedbackView, CloseThreadView, ConfirmCloseView
[2025-09-25 13:41:21] [INFO] Feedback cog logging initialized
[2025-09-25 13:41:21] [INFO] Feedback cog initialized
[2025-09-25 13:41:21] [INFO] ✅ Persistent views re-registered: FeedbackView, CloseThreadView, ConfirmCloseView
[2025-09-27 04:36:34] [INFO] Feedback cog logging initialized
[2025-09-27 04:36:34] [INFO] Feedback cog initialized
[2025-09-27 04:36:34] [INFO] ✅ Persistent views re-registered: FeedbackView, CloseThreadView, ConfirmCloseView
[2025-09-27 04:39:29] [INFO] Feedback cog logging initialized
[2025-09-27 04:39:29] [INFO] Feedback cog initialized
[2025-09-27 04:39:29] [INFO] ✅ Persistent views re-registered: FeedbackView, CloseThreadView, ConfirmCloseView
[2025-09-27 04:42:33] [INFO] Feedback cog logging initialized
[2025-09-27 04:42:33] [INFO] Feedback cog initialized
[2025-09-27 04:42:33] [INFO] ✅ Persistent views re-registered: FeedbackView, CloseThreadView, ConfirmCloseView
[2025-09-27 04:46:51] [INFO] Feedback cog logging initialized
[2025-09-27 04:46:51] [INFO] Feedback cog initialized
[2025-09-27 04:46:51] [INFO] ✅ Persistent views re-registered: FeedbackView, CloseThreadView, ConfirmCloseView
[2025-09-27 05:08:03] [INFO] Feedback cog logging initialized
[2025-09-27 05:08:55] [INFO] Feedback cog logging initialized
[2025-09-27 05:08:55] [INFO] Feedback cog initialized
[2025-09-27 05:08:55] [INFO] ✅ Persistent views re-registered: FeedbackView, CloseThreadView, ConfirmCloseView
[2025-09-27 05:45:49] [INFO] Feedback cog logging initialized
[2025-09-27 05:45:49] [INFO] Feedback cog initialized
[2025-09-27 05:45:49] [INFO] ✅ Persistent views re-registered: FeedbackView, CloseThreadView, ConfirmCloseView
[2025-09-27 05:46:18] [INFO] Feedback cog logging initialized
[2025-09-27 05:46:18] [INFO] Feedback cog initialized
[2025-09-27 05:46:18] [INFO] ✅ Persistent views re-registered: FeedbackView, CloseThreadView, ConfirmCloseView
[2025-09-27 05:46:38] [INFO] Feedback cog logging initialized
[2025-09-27 05:46:38] [INFO] Feedback cog initialized
[2025-09-27 05:46:38] [INFO] ✅ Persistent views re-registered: FeedbackView, CloseThreadView, ConfirmCloseView
[2025-09-27 05:50:11] [INFO] Feedback cog logging initialized
[2025-09-27 05:50:11] [INFO] Feedback cog initialized
[2025-09-27 05:50:11] [INFO] ✅ Persistent views re-registered: FeedbackView, CloseThreadView, ConfirmCloseView
[2025-09-27 05:56:39] [INFO] Feedback cog logging initialized
[2025-09-27 05:56:39] [INFO] Feedback cog initialized
[2025-09-27 05:56:39] [INFO] ✅ Persistent views re-registered: FeedbackView, CloseThreadView, ConfirmCloseView
[2025-09-27 05:58:37] [INFO] Feedback cog logging initialized
[2025-09-27 05:58:37] [INFO] Feedback cog initialized
[2025-09-27 05:58:37] [INFO] ✅ Persistent views re-registered: FeedbackView, CloseThreadView, ConfirmCloseView
[2025-09-27 14:14:55] [INFO] Feedback cog logging initialized
[2025-09-27 14:14:55] [INFO] Feedback cog initialized
[2025-09-27 14:14:55] [INFO] ✅ Persistent views re-registered: FeedbackView, CloseThreadView, ConfirmCloseView
[2025-09-27 14:20:36] [INFO] Feedback cog logging initialized
[2025-09-27 14:20:36] [INFO] Feedback cog initialized
[2025-09-27 14:20:36] [INFO] ✅ Persistent views re-registered: FeedbackView, CloseThreadView, ConfirmCloseView
[2025-09-27 14:23:25] [INFO] Feedback cog logging initialized
[2025-09-27 14:23:25] [INFO] Feedback cog initialized
[2025-09-27 14:23:25] [INFO] ✅ Persistent views re-registered: FeedbackView, CloseThreadView, ConfirmCloseView
[2025-09-28 13:20:56] [INFO] Feedback cog logging initialized
[2025-09-28 13:23:30] [INFO] Feedback cog logging initialized
[2025-09-28 13:23:30] [INFO] Feedback cog logging reinitialized - using existing handler
[2025-09-28 13:25:33] [INFO] Feedback cog logging initialized
[2025-09-28 13:25:33] [INFO] Feedback cog logging reinitialized - using existing handler
[2025-09-28 13:36:21] [INFO] Feedback cog logging initialized
[2025-09-28 13:36:21] [INFO] Feedback cog initialized
[2025-09-28 13:36:21] [INFO] ✅ Persistent views re-registered: FeedbackView, CloseThreadView, ConfirmCloseView
[2025-09-28 13:36:21] [INFO] Loaded 0 feedback mappings from DB
[2025-09-28 13:39:53] [INFO] Feedback cog logging initialized
[2025-09-28 13:39:53] [INFO] Feedback cog initialized
[2025-09-28 13:39:53] [INFO] ✅ Persistent views re-registered: FeedbackView, CloseThreadView, ConfirmCloseView
[2025-09-28 13:39:53] [INFO] Loaded 0 feedback mappings from DB
[2025-09-28 13:49:35] [INFO] Feedback cog logging initialized
[2025-09-28 13:49:35] [INFO] Feedback cog initialized
[2025-09-28 13:49:35] [INFO] ✅ Persistent views re-registered: FeedbackView, CloseThreadView, ConfirmCloseView
[2025-09-28 13:49:35] [INFO] Loaded 0 feedback mappings from DB
[2025-09-28 13:51:38] [INFO] Feedback cog logging initialized
[2025-09-28 13:51:38] [INFO] Feedback cog initialized
[2025-09-28 13:51:38] [INFO] ✅ Persistent views re-registered: FeedbackView, CloseThreadView, ConfirmCloseView
[2025-09-28 13:51:38] [INFO] Loaded 0 feedback mappings from DB
[2025-09-28 13:52:27] [INFO] Feedback cog logging initialized
[2025-09-28 13:52:27] [INFO] Feedback cog initialized
[2025-09-28 13:52:27] [INFO] ✅ Persistent views re-registered: FeedbackView, CloseThreadView, ConfirmCloseView
[2025-09-28 13:52:27] [INFO] Loaded 0 feedback mappings from DB
[2025-09-28 13:54:37] [INFO] Feedback cog logging initialized
[2025-09-28 13:54:37] [INFO] Feedback cog initialized
[2025-09-28 13:54:37] [INFO] ✅ Persistent views re-registered: FeedbackView, CloseThreadView, ConfirmCloseView
[2025-09-28 13:54:37] [INFO] Loaded 0 feedback mappings from DB
[2025-09-28 13:57:16] [INFO] Feedback cog logging initialized
[2025-09-28 13:57:16] [INFO] Feedback cog initialized
[2025-09-28 13:57:16] [INFO] ✅ Persistent views re-registered: FeedbackView, CloseThreadView, ConfirmCloseView
[2025-09-28 13:57:16] [INFO] Loaded 0 feedback mappings from DB
[2025-09-28 14:09:01] [INFO] Feedback cog logging initialized
[2025-09-28 14:09:01] [INFO] Feedback cog initialized
[2025-09-28 14:09:01] [INFO] ✅ Persistent views re-registered: FeedbackView, CloseThreadView, ConfirmCloseView
[2025-09-28 14:09:01] [INFO] Loaded 0 feedback mappings from DB
[2025-09-28 14:20:30] [INFO] Feedback cog logging initialized
[2025-09-28 14:20:30] [INFO] Feedback cog initialized
[2025-09-28 14:20:30] [INFO] ✅ Persistent views re-registered: FeedbackView, CloseThreadView, ConfirmCloseView
[2025-09-28 14:20:30] [INFO] Loaded 0 feedback mappings from DB
[2025-09-28 14:34:28] [INFO] Removed DB mapping for deleted feedback message 1421852558044954646
[2025-09-28 14:40:15] [INFO] Feedback cog logging initialized
[2025-09-28 14:40:15] [INFO] Feedback cog initialized
[2025-09-28 14:40:15] [INFO] ✅ Persistent views re-registered: FeedbackView, CloseThreadView, ConfirmCloseView
[2025-09-28 14:40:15] [INFO] Loaded 0 feedback mappings from DB
[2025-09-28 14:49:43] [INFO] Feedback cog logging initialized
[2025-09-28 14:49:43] [INFO] Feedback cog initialized
[2025-09-28 14:49:43] [INFO] ✅ Persistent views re-registered: FeedbackView, CloseThreadView, ConfirmCloseView
[2025-09-28 14:49:43] [INFO] Loaded 0 feedback mappings from DB
[2025-09-28 14:50:53] [INFO] Feedback cog logging initialized
[2025-09-28 14:50:53] [INFO] Feedback cog initialized
[2025-09-28 14:50:53] [INFO] ✅ Persistent views re-registered: FeedbackView, CloseThreadView, ConfirmCloseView
[2025-09-28 14:50:53] [INFO] Loaded 0 feedback mappings from DB
[2025-09-28 14:52:46] [INFO] Feedback cog logging initialized
[2025-09-28 14:52:46] [INFO] Feedback cog initialized
[2025-09-28 14:52:46] [INFO] ✅ Persistent views re-registered: FeedbackView, CloseThreadView, ConfirmCloseView
[2025-09-28 14:52:46] [INFO] Loaded 0 feedback mappings from DB
[2025-09-28 14:55:57] [INFO] Feedback cog logging initialized
[2025-09-28 14:55:57] [INFO] Feedback cog initialized
[2025-09-28 14:55:57] [INFO] ✅ Persistent views re-registered: FeedbackView, CloseThreadView, ConfirmCloseView
[2025-09-28 14:55:57] [INFO] Loaded 0 feedback mappings from DB
[2025-09-28 14:58:35] [INFO] Feedback cog logging initialized
[2025-09-28 14:58:35] [INFO] Feedback cog initialized
[2025-09-28 14:58:35] [INFO] ✅ Persistent views re-registered: FeedbackView, CloseThreadView, ConfirmCloseView
[2025-09-28 14:58:35] [INFO] Loaded 0 feedback mappings from DB
[2025-09-28 15:00:50] [INFO] Feedback cog logging initialized
[2025-09-28 15:00:50] [INFO] Feedback cog initialized
[2025-09-28 15:00:50] [INFO] ✅ Persistent views re-registered: FeedbackView, CloseThreadView, ConfirmCloseView
[2025-09-28 15:00:50] [INFO] Loaded 0 feedback mappings from DB
[2025-09-28 15:03:00] [INFO] Feedback cog logging initialized
[2025-09-28 15:03:00] [INFO] Feedback cog initialized
[2025-09-28 15:03:00] [INFO] ✅ Persistent views re-registered: FeedbackView, CloseThreadView, ConfirmCloseView
[2025-09-28 15:03:00] [INFO] Loaded 0 feedback mappings from DB
[2025-09-28 15:04:18] [INFO] Feedback cog logging initialized
[2025-09-28 15:04:18] [INFO] Feedback cog initialized
[2025-09-28 15:04:18] [INFO] ✅ Persistent views re-registered: FeedbackView, CloseThreadView, ConfirmCloseView
[2025-09-28 15:04:18] [INFO] Loaded 0 feedback mappings from DB
[2025-09-28 15:09:59] [INFO] Removed DB mapping for deleted feedback message 1421861495758782484
[2025-09-28 15:09:59] [INFO] Removed DB mapping for deleted feedback message 1421861495758782484
[2025-09-28 15:09:59] [INFO] Removed DB mapping for deleted feedback message 1421861495758782484
[2025-09-28 15:09:59] [INFO] Removed DB mapping for deleted feedback message 1421861495758782484
[2025-09-28 15:10:01] [INFO] Removed DB mapping for deleted feedback message 1421861501282554037
[2025-09-28 15:10:01] [INFO] Removed DB mapping for deleted feedback message 1421861501282554037
[2025-09-28 15:10:02] [INFO] Removed DB mapping for deleted feedback message 1421861501136015490
[2025-09-28 15:10:02] [INFO] Removed DB mapping for deleted feedback message 1421861501136015490
[2025-09-28 15:10:11] [INFO] Removed DB mapping for deleted feedback message 1421861548095181010
[2025-09-28 15:10:11] [INFO] Removed DB mapping for deleted feedback message 1421861548095181010
[2025-09-28 15:10:11] [INFO] Removed DB mapping for deleted feedback message 1421861548095181010
[2025-09-28 15:10:11] [INFO] Removed DB mapping for deleted feedback message 1421861548095181010
[2025-09-28 15:10:25] [INFO] Removed DB mapping for deleted feedback message 1421861605754535946
[2025-09-28 15:10:25] [INFO] Removed DB mapping for deleted feedback message 1421861605754535946
[2025-09-28 15:10:59] [INFO] Removed DB mapping for deleted feedback message 1421861750113964032
[2025-09-28 15:10:59] [INFO] Removed DB mapping for deleted feedback message 1421861750113964032
[2025-09-28 15:14:39] [INFO] Removed DB mapping for deleted feedback message 1421862670050791424
[2025-09-28 15:14:39] [INFO] Removed DB mapping for deleted feedback message 1421862670050791424
[2025-09-28 15:19:33] [INFO] Feedback cog logging initialized
[2025-09-28 15:19:33] [INFO] Feedback cog initialized
[2025-09-28 15:19:33] [INFO] ✅ Persistent views re-registered: FeedbackView, CloseThreadView, ConfirmCloseView
[2025-09-28 15:19:33] [INFO] Loaded 0 feedback mappings from DB
[2025-09-28 15:19:43] [INFO] Removed DB mapping for deleted feedback message 1421863945920057425
[2025-09-28 15:20:38] [INFO] Removed DB mapping for deleted feedback message 1421864175696744448
[2025-09-28 15:35:15] [INFO] Feedback cog logging initialized
[2025-09-28 15:35:15] [INFO] Feedback cog initialized
[2025-09-28 15:35:15] [INFO] ✅ Persistent views re-registered: FeedbackView, CloseThreadView, ConfirmCloseView
[2025-09-28 15:35:15] [INFO] Loaded 0 feedback mappings from DB
[2025-09-28 15:36:20] [INFO] Feedback cog logging initialized
[2025-09-28 15:36:20] [INFO] Feedback cog initialized
[2025-09-28 15:36:20] [INFO] ✅ Persistent views re-registered: FeedbackView, CloseThreadView, ConfirmCloseView
[2025-09-28 15:36:20] [INFO] Loaded 0 feedback mappings from DB
[2025-09-28 15:43:17] [INFO] Removed DB mapping for deleted feedback message 1421869882701512715
[2025-09-28 15:49:25] [INFO] Removed DB mapping for deleted feedback message 1421871113499054151
[2025-09-28 15:54:16] [INFO] Removed DB mapping for deleted feedback message 1421872639525523546
[2025-09-28 15:57:05] [INFO] Removed DB mapping for deleted feedback message 1421873353513373797
[2025-09-28 15:57:24] [INFO] Removed DB mapping for deleted feedback message 1421873431733080154
[2025-09-28 15:57:27] [INFO] Removed DB mapping for deleted feedback message 1421873432903024772
[2025-09-28 15:58:02] [INFO] Feedback cog logging initialized
[2025-09-28 15:58:02] [INFO] Feedback cog initialized
[2025-09-28 15:58:02] [INFO] ✅ Persistent views re-registered: FeedbackView, CloseThreadView, ConfirmCloseView
[2025-09-28 15:58:02] [INFO] Loaded 0 feedback mappings from DB
[2025-09-28 16:08:05] [INFO] Feedback cog logging initialized
[2025-09-28 16:08:05] [INFO] Feedback cog initialized
[2025-09-28 16:08:05] [INFO] ✅ Persistent views re-registered: FeedbackView, CloseThreadView, ConfirmCloseView
[2025-09-28 16:08:05] [INFO] Loaded 0 feedback mappings from DB
[2025-09-28 16:22:39] [INFO] Feedback cog logging reinitialized - using existing handler
[2025-09-28 16:22:39] [INFO] Feedback cog initialized
[2025-09-28 16:22:39] [INFO] ✅ Persistent views re-registered: FeedbackView, CloseThreadView, ConfirmCloseView
