[2025-09-22 20:59:33,460] [INFO] ============================================================
[2025-09-22 20:59:33,460] [INFO] STARTING GUILD MIGRATION - PHASE 2
[2025-09-22 20:59:33,460] [INFO] ============================================================
[2025-09-22 20:59:33,468] [INFO] ✅ Database backup created: database_guild_migration_phase2_20250922_205933.db
[2025-09-22 20:59:33,468] [INFO] Migrating user_stats table...
[2025-09-22 20:59:33,478] [INFO] ✅ Added guild_id column to user_stats
[2025-09-22 20:59:33,479] [INFO] Migrating global_challenges table...
[2025-09-22 20:59:33,489] [INFO] ✅ Added guild_id column to global_challenges
[2025-09-22 20:59:33,489] [INFO] Migrating challenge_rules table...
[2025-09-22 20:59:33,496] [INFO] ✅ Added guild_id column to challenge_rules
[2025-09-22 20:59:33,496] [INFO] Migrating manga_challenges table...
[2025-09-22 20:59:33,507] [INFO] ✅ Added guild_id column to manga_challenges
[2025-09-22 20:59:33,508] [INFO] Migrating challenge_manga table...
[2025-09-22 20:59:33,516] [INFO] ✅ Added guild_id column to challenge_manga
[2025-09-22 20:59:33,518] [INFO] Migrating user_progress_checkpoint table...
[2025-09-22 20:59:33,526] [INFO] ✅ Added guild_id column to user_progress_checkpoint
[2025-09-22 20:59:33,527] [INFO] Migrating manga_recommendations_votes table...
[2025-09-22 20:59:33,536] [INFO] ✅ Added guild_id column to manga_recommendations_votes
[2025-09-22 20:59:33,536] [INFO] Verifying migration...
[2025-09-22 20:59:33,539] [INFO] Migration verification: 19/19 tables are guild-ready
[2025-09-22 20:59:33,540] [INFO] 🎉 ALL TABLES ARE NOW GUILD-READY!
[2025-09-22 20:59:33,540] [INFO] 🎉 Guild migration Phase 2 completed successfully!
[2025-09-22 20:59:33,540] [INFO] Backup available at: database_guild_migration_phase2_20250922_205933.db
