[2025-09-23 14:03:58] [INFO] [help] Help cog logging initialized
[2025-09-23 14:03:58] [INFO] [help] Help cog initialized
[2025-09-23 14:03:58] [INFO] [help] Help cog loaded successfully
[2025-09-23 14:03:58] [INFO] [help] Help cog successfully loaded
[2025-09-23 14:14:49] [INFO] [help] Help cog logging initialized
[2025-09-23 14:14:49] [INFO] [help] Help cog initialized
[2025-09-23 14:14:49] [INFO] [help] Help cog loaded successfully
[2025-09-23 14:14:49] [INFO] [help] Help cog successfully loaded
[2025-09-23 14:16:07] [INFO] [help] Help cog logging initialized
[2025-09-23 14:16:07] [INFO] [help] Help cog initialized
[2025-09-23 14:16:07] [INFO] [help] Help cog loaded successfully
[2025-09-23 14:16:07] [INFO] [help] Help cog successfully loaded
[2025-09-23 14:18:21] [INFO] [help] Help cog logging initialized
[2025-09-23 14:18:21] [INFO] [help] Help cog initialized
[2025-09-23 14:18:21] [INFO] [help] Help cog loaded successfully
[2025-09-23 14:18:21] [INFO] [help] Help cog successfully loaded
[2025-09-23 14:21:20] [INFO] [help] Help cog logging initialized
[2025-09-23 14:21:20] [INFO] [help] Help cog initialized
[2025-09-23 14:21:20] [INFO] [help] Help cog loaded successfully
[2025-09-23 14:21:20] [INFO] [help] Help cog successfully loaded
[2025-09-23 14:22:31] [INFO] [help] Help cog initialized
[2025-09-23 14:22:31] [INFO] [help] Help cog loaded successfully
[2025-09-23 14:22:31] [INFO] [help] Help cog successfully loaded
[2025-09-23 14:22:48] [INFO] [help] Help cog logging initialized
[2025-09-23 14:22:48] [INFO] [help] Help cog initialized
[2025-09-23 14:22:48] [INFO] [help] Help cog loaded successfully
[2025-09-23 14:22:48] [INFO] [help] Help cog successfully loaded
[2025-09-23 14:22:59] [INFO] [help] Help cog logging initialized
[2025-09-23 14:22:59] [INFO] [help] Help cog initialized
[2025-09-23 14:22:59] [INFO] [help] Help cog loaded successfully
[2025-09-23 14:22:59] [INFO] [help] Help cog successfully loaded
[2025-09-23 14:31:52] [INFO] [help] Help cog logging initialized
[2025-09-23 14:31:52] [INFO] [help] Help cog initialized
[2025-09-23 14:31:52] [INFO] [help] Help cog loaded successfully
[2025-09-23 14:31:52] [INFO] [help] Help cog successfully loaded
[2025-09-23 14:43:56] [INFO] [help] Help cog logging initialized
[2025-09-23 14:43:56] [INFO] [help] Help cog initialized
[2025-09-23 14:43:56] [INFO] [help] Help cog loaded successfully
[2025-09-23 14:43:56] [INFO] [help] Help cog successfully loaded
[2025-09-23 14:45:27] [INFO] [help] Help cog logging initialized
[2025-09-23 14:45:27] [INFO] [help] Help cog initialized
[2025-09-23 14:45:27] [INFO] [help] Help cog loaded successfully
[2025-09-23 14:45:27] [INFO] [help] Help cog successfully loaded
[2025-09-23 15:29:29] [INFO] [help] Help cog logging initialized
[2025-09-23 15:29:29] [INFO] [help] Help cog initialized
[2025-09-23 15:29:29] [INFO] [help] Help cog loaded successfully
[2025-09-23 15:29:29] [INFO] [help] Help cog successfully loaded
[2025-09-23 15:30:15] [INFO] [help] Help cog logging initialized
[2025-09-23 15:30:15] [INFO] [help] Help cog initialized
[2025-09-23 15:30:15] [INFO] [help] Help cog loaded successfully
[2025-09-23 15:30:15] [INFO] [help] Help cog successfully loaded
[2025-09-23 15:37:24] [INFO] [help] Help cog logging initialized
[2025-09-23 15:37:24] [INFO] [help] Help cog initialized
[2025-09-23 15:37:24] [INFO] [help] Help cog loaded successfully
[2025-09-23 15:37:24] [INFO] [help] Help cog successfully loaded
[2025-09-23 15:45:44] [INFO] [help] Help cog logging initialized
[2025-09-23 15:45:44] [INFO] [help] Help cog initialized
[2025-09-23 15:45:44] [INFO] [help] Help cog loaded successfully
[2025-09-23 15:45:44] [INFO] [help] Help cog successfully loaded
[2025-09-23 15:57:24] [INFO] [help] Help cog logging initialized
[2025-09-23 15:57:24] [INFO] [help] Help cog initialized
[2025-09-23 15:57:24] [INFO] [help] Help cog loaded successfully
[2025-09-23 15:57:24] [INFO] [help] Help cog successfully loaded
[2025-09-23 16:00:39] [INFO] [help] Help cog logging initialized
[2025-09-23 16:00:39] [INFO] [help] Help cog initialized
[2025-09-23 16:00:39] [INFO] [help] Help cog loaded successfully
[2025-09-23 16:00:39] [INFO] [help] Help cog successfully loaded
[2025-09-23 16:03:37] [INFO] [help] Help cog logging initialized
[2025-09-23 16:03:37] [INFO] [help] Help cog initialized
[2025-09-23 16:03:37] [INFO] [help] Help cog loaded successfully
[2025-09-23 16:03:37] [INFO] [help] Help cog successfully loaded
[2025-09-23 16:05:23] [INFO] [help] Help cog logging initialized
[2025-09-23 16:05:23] [INFO] [help] Help cog initialized
[2025-09-23 16:05:23] [INFO] [help] Help cog loaded successfully
[2025-09-23 16:05:23] [INFO] [help] Help cog successfully loaded
[2025-09-23 16:08:55] [INFO] [help] Help cog logging initialized
[2025-09-23 16:08:55] [INFO] [help] Help cog initialized
[2025-09-23 16:08:55] [INFO] [help] Help cog loaded successfully
[2025-09-23 16:08:55] [INFO] [help] Help cog successfully loaded
[2025-09-23 16:16:18] [INFO] [help] Help command requested by ☆ (ID: 331164413623009281) - Category: overview
[2025-09-23 16:16:18] [INFO] [help] Help information sent successfully to ☆
[2025-09-23 16:16:28] [INFO] [help] Help category 'info' displayed for ☆
[2025-09-23 16:18:40] [INFO] [help] Help cog logging initialized
[2025-09-23 16:18:40] [INFO] [help] Help cog initialized
[2025-09-23 16:18:40] [INFO] [help] Help cog loaded successfully
[2025-09-23 16:18:40] [INFO] [help] Help cog successfully loaded
[2025-09-23 16:18:51] [INFO] [help] Help cog logging initialized
[2025-09-23 16:18:51] [INFO] [help] Help cog initialized
[2025-09-23 16:18:51] [INFO] [help] Help cog loaded successfully
[2025-09-23 16:18:51] [INFO] [help] Help cog successfully loaded
[2025-09-23 16:19:01] [INFO] [help] Help cog logging initialized
[2025-09-23 16:19:01] [INFO] [help] Help cog initialized
[2025-09-23 16:19:01] [INFO] [help] Help cog loaded successfully
[2025-09-23 16:19:01] [INFO] [help] Help cog successfully loaded
[2025-09-23 16:19:09] [INFO] [help] Help cog logging initialized
[2025-09-23 16:19:09] [INFO] [help] Help cog initialized
[2025-09-23 16:19:09] [INFO] [help] Help cog loaded successfully
[2025-09-23 16:19:09] [INFO] [help] Help cog successfully loaded
[2025-09-23 16:19:17] [INFO] [help] Help cog logging initialized
[2025-09-23 16:19:17] [INFO] [help] Help cog initialized
[2025-09-23 16:19:17] [INFO] [help] Help cog loaded successfully
[2025-09-23 16:19:17] [INFO] [help] Help cog successfully loaded
[2025-09-23 16:19:27] [INFO] [help] Help cog logging initialized
[2025-09-23 16:19:27] [INFO] [help] Help cog initialized
[2025-09-23 16:19:27] [INFO] [help] Help cog loaded successfully
[2025-09-23 16:19:27] [INFO] [help] Help cog successfully loaded
[2025-09-23 16:19:35] [INFO] [help] Help cog logging initialized
[2025-09-23 16:19:35] [INFO] [help] Help cog initialized
[2025-09-23 16:19:35] [INFO] [help] Help cog loaded successfully
[2025-09-23 16:19:35] [INFO] [help] Help cog successfully loaded
[2025-09-23 16:19:47] [INFO] [help] Help cog logging initialized
[2025-09-23 16:19:47] [INFO] [help] Help cog initialized
[2025-09-23 16:19:47] [INFO] [help] Help cog loaded successfully
[2025-09-23 16:19:47] [INFO] [help] Help cog successfully loaded
[2025-09-23 16:19:57] [INFO] [help] Help cog logging initialized
[2025-09-23 16:19:57] [INFO] [help] Help cog initialized
[2025-09-23 16:19:57] [INFO] [help] Help cog loaded successfully
[2025-09-23 16:19:57] [INFO] [help] Help cog successfully loaded
[2025-09-23 16:20:21] [INFO] [help] Help cog logging initialized
[2025-09-23 16:21:09] [INFO] [help] Help cog logging initialized
[2025-09-23 16:21:09] [INFO] [help] Help cog initialized
[2025-09-23 16:21:42] [INFO] [help] Help command requested by ☆ (ID: 331164413623009281) - Category: overview
[2025-09-23 16:21:43] [INFO] [help] Help information sent successfully to ☆
[2025-09-23 16:21:52] [INFO] [help] Help category 'info' displayed for ☆
[2025-09-23 16:22:05] [INFO] [help] Help category 'utilities' displayed for ☆
[2025-09-23 16:22:32] [INFO] [help] Help cog logging initialized
[2025-09-23 16:22:32] [INFO] [help] Help cog initialized
[2025-09-23 16:22:32] [INFO] [help] Help cog loaded successfully
[2025-09-23 16:22:32] [INFO] [help] Help cog successfully loaded
