[2025-09-28 16:08:05] [INFO] Invite Tracker cog logging initialized
[2025-09-28 16:08:05] [INFO] Invite Tracker cog initialized
[2025-09-28 16:08:05] [INFO] Loaded announcement channel settings for 1 guilds
[2025-09-28 16:08:05] [INFO] Invite Tracker cog loaded, will cache invites when bot is ready
[2025-09-28 16:08:21] [INFO] Cached 6 invites for guild Apocrypha's Records
[2025-09-28 16:22:39] [INFO] Invite Tracker cog logging initialized
[2025-09-28 16:22:39] [INFO] Invite Tracker cog initialized
[2025-09-28 16:22:41] [INFO] Invite Tracker cog logging initialized
[2025-09-28 16:22:41] [INFO] Invite Tracker cog initialized
[2025-09-28 16:22:43] [INFO] Invite Tracker cog logging initialized
[2025-09-28 16:22:43] [INFO] Invite Tracker cog initialized
[2025-09-28 16:22:45] [INFO] Invite Tracker cog logging initialized
[2025-09-28 16:22:45] [INFO] Invite Tracker cog initialized
[2025-09-28 16:22:47] [INFO] Invite Tracker cog logging initialized
[2025-09-28 16:22:47] [INFO] Invite Tracker cog initialized
[2025-09-28 16:22:49] [INFO] Invite Tracker cog logging initialized
[2025-09-28 16:22:49] [INFO] Invite Tracker cog initialized
[2025-09-28 16:22:51] [INFO] Invite Tracker cog logging initialized
[2025-09-28 16:22:51] [INFO] Invite Tracker cog initialized
[2025-09-28 16:22:53] [INFO] Invite Tracker cog logging initialized
[2025-09-28 16:22:53] [INFO] Invite Tracker cog initialized
[2025-09-28 16:22:56] [INFO] Invite Tracker cog logging initialized
[2025-09-28 16:22:56] [INFO] Invite Tracker cog initialized
[2025-09-28 16:22:58] [INFO] Invite Tracker cog logging initialized
[2025-09-28 16:22:58] [INFO] Invite Tracker cog initialized
[2025-09-28 16:23:00] [INFO] Invite Tracker cog logging initialized
[2025-09-28 16:23:00] [INFO] Invite Tracker cog initialized
[2025-09-28 16:23:02] [INFO] Invite Tracker cog logging initialized
[2025-09-28 16:23:02] [INFO] Invite Tracker cog initialized
[2025-09-28 16:23:04] [INFO] Invite Tracker cog logging initialized
[2025-09-28 16:23:04] [INFO] Invite Tracker cog initialized
[2025-09-28 16:23:06] [INFO] Invite Tracker cog logging initialized
[2025-09-28 16:23:06] [INFO] Invite Tracker cog initialized
[2025-09-28 16:23:08] [INFO] Invite Tracker cog logging initialized
[2025-09-28 16:23:08] [INFO] Invite Tracker cog initialized
[2025-09-28 16:23:20] [INFO] Invite Tracker cog logging initialized
[2025-09-28 16:23:20] [INFO] Invite Tracker cog initialized
[2025-09-28 16:23:22] [INFO] Invite Tracker cog logging initialized
[2025-09-28 16:23:22] [INFO] Invite Tracker cog initialized
[2025-09-28 16:23:24] [INFO] Invite Tracker cog logging initialized
[2025-09-28 16:23:24] [INFO] Invite Tracker cog initialized
[2025-09-28 16:23:26] [INFO] Invite Tracker cog logging initialized
[2025-09-28 16:23:26] [INFO] Invite Tracker cog initialized
[2025-09-28 16:23:28] [INFO] Invite Tracker cog logging initialized
[2025-09-28 16:23:28] [INFO] Invite Tracker cog initialized
[2025-09-28 16:23:30] [INFO] Invite Tracker cog logging initialized
[2025-09-28 16:23:30] [INFO] Invite Tracker cog initialized
[2025-09-28 16:23:32] [INFO] Invite Tracker cog logging initialized
[2025-09-28 16:23:32] [INFO] Invite Tracker cog initialized
[2025-09-28 16:23:34] [INFO] Invite Tracker cog logging initialized
[2025-09-28 16:23:34] [INFO] Invite Tracker cog initialized
[2025-09-28 16:23:36] [INFO] Invite Tracker cog logging initialized
[2025-09-28 16:23:36] [INFO] Invite Tracker cog initialized
[2025-09-28 16:23:38] [INFO] Invite Tracker cog logging initialized
[2025-09-28 16:23:38] [INFO] Invite Tracker cog initialized
[2025-09-28 16:23:40] [INFO] Invite Tracker cog logging initialized
[2025-09-28 16:23:40] [INFO] Invite Tracker cog initialized
[2025-09-28 16:23:42] [INFO] Invite Tracker cog logging initialized
[2025-09-28 16:23:42] [INFO] Invite Tracker cog initialized
[2025-09-28 16:23:45] [INFO] Invite Tracker cog logging initialized
[2025-09-28 16:23:45] [INFO] Invite Tracker cog initialized
[2025-09-28 16:23:47] [INFO] Invite Tracker cog logging initialized
[2025-09-28 16:23:47] [INFO] Invite Tracker cog initialized
[2025-09-28 16:23:49] [INFO] Invite Tracker cog logging initialized
[2025-09-28 16:23:49] [INFO] Invite Tracker cog initialized
[2025-09-28 16:23:51] [INFO] Invite Tracker cog logging initialized
[2025-09-28 16:23:51] [INFO] Invite Tracker cog initialized
[2025-09-28 16:23:53] [INFO] Invite Tracker cog logging initialized
[2025-09-28 16:23:53] [INFO] Invite Tracker cog initialized
[2025-09-28 16:23:55] [INFO] Invite Tracker cog logging initialized
[2025-09-28 16:23:55] [INFO] Invite Tracker cog initialized
[2025-09-28 16:23:57] [INFO] Invite Tracker cog logging initialized
[2025-09-28 16:23:57] [INFO] Invite Tracker cog initialized
[2025-09-28 16:23:59] [INFO] Invite Tracker cog logging initialized
[2025-09-28 16:23:59] [INFO] Invite Tracker cog initialized
[2025-09-28 16:24:01] [INFO] Invite Tracker cog logging initialized
[2025-09-28 16:24:01] [INFO] Invite Tracker cog initialized
[2025-09-28 16:24:03] [INFO] Invite Tracker cog logging initialized
[2025-09-28 16:24:03] [INFO] Invite Tracker cog initialized
[2025-09-28 16:24:05] [INFO] Invite Tracker cog logging initialized
[2025-09-28 16:24:05] [INFO] Invite Tracker cog initialized
[2025-09-28 16:24:07] [INFO] Invite Tracker cog logging initialized
[2025-09-28 16:24:07] [INFO] Invite Tracker cog initialized
[2025-09-28 16:24:09] [INFO] Invite Tracker cog logging initialized
[2025-09-28 16:24:09] [INFO] Invite Tracker cog initialized
[2025-09-28 16:24:11] [INFO] Invite Tracker cog logging initialized
[2025-09-28 16:24:11] [INFO] Invite Tracker cog initialized
[2025-09-28 16:24:13] [INFO] Invite Tracker cog logging initialized
[2025-09-28 16:24:13] [INFO] Invite Tracker cog initialized
[2025-09-28 16:24:15] [INFO] Invite Tracker cog logging initialized
[2025-09-28 16:24:15] [INFO] Invite Tracker cog initialized
[2025-09-28 16:24:18] [INFO] Invite Tracker cog logging initialized
[2025-09-28 16:24:18] [INFO] Invite Tracker cog initialized
[2025-09-28 16:24:20] [INFO] Invite Tracker cog logging initialized
[2025-09-28 16:24:20] [INFO] Invite Tracker cog initialized
[2025-09-28 16:24:22] [INFO] Invite Tracker cog logging initialized
[2025-09-28 16:24:22] [INFO] Invite Tracker cog initialized
[2025-09-28 16:24:24] [INFO] Invite Tracker cog logging initialized
[2025-09-28 16:24:24] [INFO] Invite Tracker cog initialized
