[2025-09-23 14:03:58] [INFO] [invite] Invite cog logging initialized
[2025-09-23 14:03:58] [INFO] [invite] Invite cog initialized
[2025-09-23 14:03:58] [INFO] [invite] Invite cog loaded successfully
[2025-09-23 14:03:58] [INFO] [invite] Invite cog successfully loaded
[2025-09-23 14:14:49] [INFO] [invite] Invite cog logging initialized
[2025-09-23 14:14:49] [INFO] [invite] Invite cog initialized
[2025-09-23 14:14:49] [INFO] [invite] Invite cog loaded successfully
[2025-09-23 14:14:49] [INFO] [invite] Invite cog successfully loaded
[2025-09-23 14:16:07] [INFO] [invite] Invite cog logging initialized
[2025-09-23 14:16:07] [INFO] [invite] Invite cog initialized
[2025-09-23 14:16:07] [INFO] [invite] Invite cog loaded successfully
[2025-09-23 14:16:07] [INFO] [invite] Invite cog successfully loaded
[2025-09-23 14:18:21] [INFO] [invite] Invite cog logging initialized
[2025-09-23 14:18:21] [INFO] [invite] Invite cog initialized
[2025-09-23 14:18:21] [INFO] [invite] Invite cog loaded successfully
[2025-09-23 14:18:21] [INFO] [invite] Invite cog successfully loaded
[2025-09-23 14:21:20] [INFO] [invite] Invite cog logging initialized
[2025-09-23 14:21:20] [INFO] [invite] Invite cog initialized
[2025-09-23 14:21:20] [INFO] [invite] Invite cog loaded successfully
[2025-09-23 14:21:20] [INFO] [invite] Invite cog successfully loaded
[2025-09-23 14:22:31] [INFO] [invite] Invite cog initialized
[2025-09-23 14:22:31] [INFO] [invite] Invite cog loaded successfully
[2025-09-23 14:22:31] [INFO] [invite] Invite cog successfully loaded
[2025-09-23 14:22:48] [INFO] [invite] Invite cog logging initialized
[2025-09-23 14:22:48] [INFO] [invite] Invite cog initialized
[2025-09-23 14:22:48] [INFO] [invite] Invite cog loaded successfully
[2025-09-23 14:22:48] [INFO] [invite] Invite cog successfully loaded
[2025-09-23 14:22:59] [INFO] [invite] Invite cog logging initialized
[2025-09-23 14:22:59] [INFO] [invite] Invite cog initialized
[2025-09-23 14:22:59] [INFO] [invite] Invite cog loaded successfully
[2025-09-23 14:22:59] [INFO] [invite] Invite cog successfully loaded
[2025-09-23 14:24:17] [INFO] [invite] Invite command requested by ☆ (ID: 331164413623009281)
[2025-09-23 14:24:18] [INFO] [invite] Invite link generated successfully for ☆
[2025-09-23 14:31:52] [INFO] [invite] Invite cog logging initialized
[2025-09-23 14:31:52] [INFO] [invite] Invite cog initialized
[2025-09-23 14:31:52] [INFO] [invite] Invite cog loaded successfully
[2025-09-23 14:31:52] [INFO] [invite] Invite cog successfully loaded
[2025-09-23 14:43:56] [INFO] [invite] Invite cog logging initialized
[2025-09-23 14:43:56] [INFO] [invite] Invite cog initialized
[2025-09-23 14:43:56] [INFO] [invite] Invite cog loaded successfully
[2025-09-23 14:43:56] [INFO] [invite] Invite cog successfully loaded
[2025-09-23 14:45:27] [INFO] [invite] Invite cog logging initialized
[2025-09-23 14:45:27] [INFO] [invite] Invite cog initialized
[2025-09-23 14:45:27] [INFO] [invite] Invite cog loaded successfully
[2025-09-23 14:45:27] [INFO] [invite] Invite cog successfully loaded
[2025-09-23 15:29:29] [INFO] [invite] Invite cog logging initialized
[2025-09-23 15:29:29] [INFO] [invite] Invite cog initialized
[2025-09-23 15:29:29] [INFO] [invite] Invite cog loaded successfully
[2025-09-23 15:29:29] [INFO] [invite] Invite cog successfully loaded
[2025-09-23 15:30:15] [INFO] [invite] Invite cog logging initialized
[2025-09-23 15:30:15] [INFO] [invite] Invite cog initialized
[2025-09-23 15:30:15] [INFO] [invite] Invite cog loaded successfully
[2025-09-23 15:30:15] [INFO] [invite] Invite cog successfully loaded
[2025-09-23 15:37:24] [INFO] [invite] Invite cog logging initialized
[2025-09-23 15:37:24] [INFO] [invite] Invite cog initialized
[2025-09-23 15:37:24] [INFO] [invite] Invite cog loaded successfully
[2025-09-23 15:37:24] [INFO] [invite] Invite cog successfully loaded
[2025-09-23 15:45:44] [INFO] [invite] Invite cog logging initialized
[2025-09-23 15:45:44] [INFO] [invite] Invite cog initialized
[2025-09-23 15:45:44] [INFO] [invite] Invite cog loaded successfully
[2025-09-23 15:45:44] [INFO] [invite] Invite cog successfully loaded
[2025-09-23 15:57:24] [INFO] [invite] Invite cog logging initialized
[2025-09-23 15:57:24] [INFO] [invite] Invite cog initialized
[2025-09-23 15:57:24] [INFO] [invite] Invite cog loaded successfully
[2025-09-23 15:57:24] [INFO] [invite] Invite cog successfully loaded
[2025-09-23 16:00:39] [INFO] [invite] Invite cog logging initialized
[2025-09-23 16:00:39] [INFO] [invite] Invite cog initialized
[2025-09-23 16:00:39] [INFO] [invite] Invite cog loaded successfully
[2025-09-23 16:00:39] [INFO] [invite] Invite cog successfully loaded
[2025-09-23 16:03:37] [INFO] [invite] Invite cog logging initialized
[2025-09-23 16:03:37] [INFO] [invite] Invite cog initialized
[2025-09-23 16:03:37] [INFO] [invite] Invite cog loaded successfully
[2025-09-23 16:03:37] [INFO] [invite] Invite cog successfully loaded
[2025-09-23 16:05:23] [INFO] [invite] Invite cog logging initialized
[2025-09-23 16:05:23] [INFO] [invite] Invite cog initialized
[2025-09-23 16:05:23] [INFO] [invite] Invite cog loaded successfully
[2025-09-23 16:05:23] [INFO] [invite] Invite cog successfully loaded
[2025-09-23 16:08:55] [INFO] [invite] Invite cog logging initialized
[2025-09-23 16:08:55] [INFO] [invite] Invite cog initialized
[2025-09-23 16:08:55] [INFO] [invite] Invite cog loaded successfully
[2025-09-23 16:08:55] [INFO] [invite] Invite cog successfully loaded
[2025-09-23 17:09:24] [INFO] [invite] Invite cog logging initialized
[2025-09-23 17:09:24] [INFO] [invite] Invite cog initialized
[2025-09-23 17:09:24] [INFO] [invite] Invite cog loaded successfully
[2025-09-23 17:09:24] [INFO] [invite] Invite cog successfully loaded
