[2025-09-23 14:10:11,553] [INFO] Recommendations command invoked for Discord user <__main__.MockUser object at 0x0000022618658AD0> -> AniList 'Kyerstorm'
[2025-09-23 14:10:11,553] [INFO] Fetching MediaListCollection for AniList user 'Kyerstorm'
[2025-09-23 14:10:22,892] [INFO] Fetched 1787 entries for 'Kyerstorm' (raw entries: 1787, with recommendations: 1550)
[2025-09-23 14:10:22,894] [INFO] Total entries received from AniList for 'Kyerstorm': 1787
[2025-09-23 14:10:22,895] [INFO] User 'Kyerstorm' has 1485 titles on their list (includes Planning).
[2025-09-23 14:10:22,896] [INFO] Selected top 100 rated entries (by normalized score) out of 1722 scored entries.
[2025-09-23 14:10:22,896] [INFO] Using 100 high-rated entries (>= 8.0) out of 100 top entries
[2025-09-23 14:10:22,897] [INFO] Considered 680 recommendation entries across top 100 high-rated titles.
[2025-09-23 14:10:22,897] [INFO] Unique recommended titles after excluding user's list: 293
[2025-09-23 14:10:22,897] [INFO] Stage 1 - Occurrence filter: 66 candidates with >= 3 occurrences
[2025-09-23 14:10:22,897] [INFO] Stage 2 - Limited to top 50 by occurrence count: 50 candidates
[2025-09-23 14:10:22,897] [INFO] Stage 3 - Country-balanced sampling: 19 final candidates
[2025-09-23 14:10:22,897] [INFO] Cache performance: 0 cached, 19 need API calls
[2025-09-23 14:10:22,897] [INFO] Fetching global recommendation totals for 19 candidates (batch_size=2, interval=3.0s).
[2025-09-23 14:10:51,728] [INFO] Fetched global rec totals for 18 candidates (requested 19). Rate-limited/exhausted hits may be reflected as 0 totals.
[2025-09-23 14:10:51,728] [INFO] Top recommendations (top 10):
[2025-09-23 14:10:51,728] [INFO] #1: Fruits Basket (id=30102) — Votes: 108, occurrences: 7
[2025-09-23 14:10:51,728] [INFO] #2: Kubo Won't Let Me Be Invisible (id=112981) — Votes: 87, occurrences: 7
[2025-09-23 14:10:51,728] [INFO] #3: The Dangers in My Heart (id=101557) — Votes: 73, occurrences: 7
[2025-09-23 14:10:51,728] [INFO] #4: A Silent Voice (id=85135) — Votes: 72, occurrences: 7
[2025-09-23 14:10:51,728] [INFO] #5: Blue Box (id=132182) — Votes: 48, occurrences: 7
[2025-09-23 14:10:51,728] [INFO] #6: Love, That's an Understatement (id=136943) — Votes: 37, occurrences: 7
[2025-09-23 14:10:51,729] [INFO] #7: Senryuu Shoujo (id=99183) — Votes: 31, occurrences: 7
[2025-09-23 14:10:51,729] [INFO] #8: Kono Oto Tomare! (id=75143) — Votes: 29, occurrences: 7
[2025-09-23 14:10:51,729] [INFO] #9: The Advanced Player of the Tutorial Tower (id=119276) — Votes: 29, occurrences: 4
[2025-09-23 14:10:51,729] [INFO] #10: The Celestial Returned from Hell (id=132457) — Votes: 25, occurrences: 4
[2025-09-23 14:10:51,729] [INFO] Top sizes -> Manga: 10, Manhwa: 10, Manhua: 9
[2025-09-23 14:10:57,886] [INFO] Fetching MediaListCollection for AniList user 'Kyerstorm'
[2025-09-23 14:11:08,069] [INFO] Fetched 1787 entries for 'Kyerstorm' (raw entries: 1787, with recommendations: 1550)
[2025-09-23 14:11:25,637] [INFO] Fetching MediaListCollection for AniList user 'Kyerstorm'
[2025-09-23 14:11:36,441] [INFO] Fetched 1787 entries for 'Kyerstorm' (raw entries: 1787, with recommendations: 1550)
[2025-09-23 14:12:12,794] [INFO] Fetching MediaListCollection for AniList user 'Kyerstorm'
[2025-09-23 14:12:23,311] [INFO] Fetched 1787 entries for 'Kyerstorm' (raw entries: 1787, with recommendations: 1550)
[2025-09-23 14:38:02,885] [INFO] Database query successful for user 331164413623009281 in guild 897814031346319382
[2025-09-23 14:38:02,885] [INFO] Recommendations command invoked for Discord user ☆ (331164413623009281) -> AniList 'Kyerstorm' in guild 897814031346319382
[2025-09-23 14:38:03,758] [INFO] Fetching MediaListCollection for AniList user 'Kyerstorm'
[2025-09-23 14:38:14,582] [INFO] Fetched 1787 entries for 'Kyerstorm' (raw entries: 1787, with recommendations: 1550)
[2025-09-23 14:38:14,584] [INFO] Total entries received from AniList for 'Kyerstorm': 1787
[2025-09-23 14:38:14,585] [INFO] User 'Kyerstorm' has 1485 titles on their list (includes Planning).
[2025-09-23 14:38:14,586] [INFO] Selected top 100 rated entries (by normalized score) out of 1722 scored entries.
[2025-09-23 14:38:14,586] [INFO] Using 100 high-rated entries (>= 8.0) out of 100 top entries
[2025-09-23 14:38:14,587] [INFO] Considered 680 recommendation entries across top 100 high-rated titles.
[2025-09-23 14:38:14,587] [INFO] Unique recommended titles after excluding user's list: 293
[2025-09-23 14:38:14,587] [INFO] Stage 1 - Occurrence filter: 66 candidates with >= 3 occurrences
[2025-09-23 14:38:14,588] [INFO] Stage 2 - Limited to top 50 by occurrence count: 50 candidates
[2025-09-23 14:38:14,588] [INFO] Stage 3 - Country-balanced sampling: 19 final candidates
[2025-09-23 14:38:14,588] [INFO] Cache performance: 0 cached, 19 need API calls
[2025-09-23 14:38:14,829] [INFO] Fetching global recommendation totals for 19 candidates (batch_size=2, interval=3.0s).
[2025-09-23 14:38:49,209] [INFO] Fetched global rec totals for 18 candidates (requested 19). Rate-limited/exhausted hits may be reflected as 0 totals.
[2025-09-23 14:38:49,480] [INFO] Top recommendations (top 10):
[2025-09-23 14:38:49,480] [INFO] #1: Fruits Basket (id=30102) — Votes: 108, occurrences: 7
[2025-09-23 14:38:49,480] [INFO] #2: Kubo Won't Let Me Be Invisible (id=112981) — Votes: 87, occurrences: 7
[2025-09-23 14:38:49,480] [INFO] #3: The Dangers in My Heart (id=101557) — Votes: 73, occurrences: 7
[2025-09-23 14:38:49,481] [INFO] #4: A Silent Voice (id=85135) — Votes: 72, occurrences: 7
[2025-09-23 14:38:49,481] [INFO] #5: Blue Box (id=132182) — Votes: 48, occurrences: 7
[2025-09-23 14:38:49,481] [INFO] #6: Love, That's an Understatement (id=136943) — Votes: 37, occurrences: 7
[2025-09-23 14:38:49,481] [INFO] #7: Senryuu Shoujo (id=99183) — Votes: 31, occurrences: 7
[2025-09-23 14:38:49,481] [INFO] #8: Kono Oto Tomare! (id=75143) — Votes: 29, occurrences: 7
[2025-09-23 14:38:49,481] [INFO] #9: The Advanced Player of the Tutorial Tower (id=119276) — Votes: 29, occurrences: 4
[2025-09-23 14:38:49,481] [INFO] #10: The Celestial Returned from Hell (id=132457) — Votes: 25, occurrences: 4
[2025-09-23 14:38:49,481] [INFO] Top sizes -> Manga: 10, Manhwa: 10, Manhua: 9
[2025-09-23 14:46:15,873] [INFO] Database query successful for user 331164413623009281 in guild 897814031346319382
[2025-09-23 14:46:15,873] [INFO] Recommendations command invoked for Discord user ☆ (331164413623009281) -> AniList 'Kyerstorm' in guild 897814031346319382
[2025-09-23 14:46:16,129] [INFO] Fetching MediaListCollection for AniList user 'Kyerstorm'
[2025-09-23 14:46:27,351] [INFO] Fetched 1787 entries for 'Kyerstorm' (raw entries: 1787, with recommendations: 1550)
[2025-09-23 14:46:27,354] [INFO] Total entries received from AniList for 'Kyerstorm': 1787
[2025-09-23 14:46:27,354] [INFO] User 'Kyerstorm' has 1485 titles on their list (includes Planning).
[2025-09-23 14:46:27,356] [INFO] Selected top 100 rated entries (by normalized score) out of 1722 scored entries.
[2025-09-23 14:46:27,356] [INFO] Using 100 high-rated entries (>= 8.0) out of 100 top entries
[2025-09-23 14:46:27,357] [INFO] Considered 680 recommendation entries across top 100 high-rated titles.
[2025-09-23 14:46:27,357] [INFO] Unique recommended titles after excluding user's list: 293
[2025-09-23 14:46:27,357] [INFO] Stage 1 - Occurrence filter: 66 candidates with >= 3 occurrences
[2025-09-23 14:46:27,357] [INFO] Stage 2 - Limited to top 50 by occurrence count: 50 candidates
[2025-09-23 14:46:27,358] [INFO] Stage 3 - Country-balanced sampling: 19 final candidates
[2025-09-23 14:46:27,358] [INFO] Cache performance: 0 cached, 19 need API calls
[2025-09-23 14:46:27,649] [INFO] Fetching global recommendation totals for 19 candidates (batch_size=2, interval=3.0s).
[2025-09-23 14:47:02,685] [INFO] Fetched global rec totals for 18 candidates (requested 19). Rate-limited/exhausted hits may be reflected as 0 totals.
[2025-09-23 14:47:03,128] [INFO] Top recommendations (top 10):
[2025-09-23 14:47:03,128] [INFO] #1: Fruits Basket (id=30102) — Votes: 108, occurrences: 7
[2025-09-23 14:47:03,129] [INFO] #2: Kubo Won't Let Me Be Invisible (id=112981) — Votes: 87, occurrences: 7
[2025-09-23 14:47:03,129] [INFO] #3: The Dangers in My Heart (id=101557) — Votes: 73, occurrences: 7
[2025-09-23 14:47:03,129] [INFO] #4: A Silent Voice (id=85135) — Votes: 72, occurrences: 7
[2025-09-23 14:47:03,129] [INFO] #5: Blue Box (id=132182) — Votes: 48, occurrences: 7
[2025-09-23 14:47:03,129] [INFO] #6: Love, That's an Understatement (id=136943) — Votes: 37, occurrences: 7
[2025-09-23 14:47:03,129] [INFO] #7: Senryuu Shoujo (id=99183) — Votes: 31, occurrences: 7
[2025-09-23 14:47:03,129] [INFO] #8: Kono Oto Tomare! (id=75143) — Votes: 29, occurrences: 7
[2025-09-23 14:47:03,129] [INFO] #9: The Advanced Player of the Tutorial Tower (id=119276) — Votes: 29, occurrences: 4
[2025-09-23 14:47:03,130] [INFO] #10: The Celestial Returned from Hell (id=132457) — Votes: 25, occurrences: 4
[2025-09-23 14:47:03,130] [INFO] Top sizes -> Manga: 10, Manhwa: 10, Manhua: 9
[2025-09-23 14:47:06,873] [WARNING] Failed to fetch media details for ID 114714: HTTP 429
[2025-09-23 14:47:07,094] [WARNING] Failed to fetch media details for ID 130231: HTTP 429
[2025-09-23 14:47:07,285] [WARNING] Failed to fetch media details for ID 139639: HTTP 429
[2025-09-23 14:47:07,487] [WARNING] Failed to fetch media details for ID 172269: HTTP 429
[2025-09-23 14:47:07,674] [WARNING] Failed to fetch media details for ID 144204: HTTP 429
[2025-09-23 14:47:07,868] [WARNING] Failed to fetch media details for ID 99396: HTTP 429
[2025-09-23 14:47:08,078] [WARNING] Failed to fetch media details for ID 114599: HTTP 429
[2025-09-23 14:47:08,293] [WARNING] Failed to fetch media details for ID 132791: HTTP 429
[2025-09-23 14:47:08,481] [WARNING] Failed to fetch media details for ID 119526: HTTP 429
[2025-09-23 14:47:08,676] [WARNING] Failed to fetch media details for ID 119486: HTTP 429
[2025-09-23 14:47:08,868] [WARNING] Failed to fetch media details for ID 31320: HTTP 429
[2025-09-23 14:47:09,072] [WARNING] Failed to fetch media details for ID 133700: HTTP 429
[2025-09-23 14:47:09,267] [WARNING] Failed to fetch media details for ID 160269: HTTP 429
[2025-09-23 14:47:09,336] [WARNING] Failed to fetch media details for ID 155627: HTTP 429
[2025-09-23 14:47:09,408] [WARNING] Failed to fetch media details for ID 128791: HTTP 429
[2025-09-23 14:47:09,479] [WARNING] Failed to fetch media details for ID 133070: HTTP 429
[2025-09-23 14:47:09,480] [INFO] Enriched recommendations -> Manga: 10, Manhwa: 10, Manhua: 9
[2025-09-23 14:51:18,311] [INFO] Database query successful for user 331164413623009281 in guild 897814031346319382
[2025-09-23 14:51:18,311] [INFO] Recommendations command invoked for Discord user ☆ (331164413623009281) -> AniList 'Kyerstorm' in guild 897814031346319382
[2025-09-23 14:51:18,956] [INFO] Fetching MediaListCollection for AniList user 'Kyerstorm'
[2025-09-23 14:51:29,928] [INFO] Fetched 1787 entries for 'Kyerstorm' (raw entries: 1787, with recommendations: 1550)
[2025-09-23 14:51:29,930] [INFO] Total entries received from AniList for 'Kyerstorm': 1787
[2025-09-23 14:51:29,931] [INFO] User 'Kyerstorm' has 1485 titles on their list (includes Planning).
[2025-09-23 14:51:29,932] [INFO] Selected top 100 rated entries (by normalized score) out of 1722 scored entries.
[2025-09-23 14:51:29,932] [INFO] Using 100 high-rated entries (>= 8.0) out of 100 top entries
[2025-09-23 14:51:29,933] [INFO] Considered 680 recommendation entries across top 100 high-rated titles.
[2025-09-23 14:51:29,933] [INFO] Unique recommended titles after excluding user's list: 293
[2025-09-23 14:51:29,934] [INFO] Stage 1 - Occurrence filter: 66 candidates with >= 3 occurrences
[2025-09-23 14:51:29,934] [INFO] Stage 2 - Limited to top 50 by occurrence count: 50 candidates
[2025-09-23 14:51:29,934] [INFO] Stage 3 - Country-balanced sampling: 19 final candidates
[2025-09-23 14:51:29,934] [INFO] Cache performance: 19 cached, 0 need API calls
[2025-09-23 14:51:30,477] [INFO] Top recommendations (top 10):
[2025-09-23 14:51:30,477] [INFO] #1: Switch (id=169115) — Votes: 8, occurrences: 8
[2025-09-23 14:51:30,477] [INFO] #2: Senryuu Shoujo (id=99183) — Votes: 7, occurrences: 7
[2025-09-23 14:51:30,478] [INFO] #3: The Dangers in My Heart (id=101557) — Votes: 7, occurrences: 7
[2025-09-23 14:51:30,478] [INFO] #4: Fukinoshita-san wa Sega Chiisai  (id=128305) — Votes: 7, occurrences: 7
[2025-09-23 14:51:30,478] [INFO] #5: Fruits Basket (id=30102) — Votes: 7, occurrences: 7
[2025-09-23 14:51:30,478] [INFO] #6: A Silent Voice (id=85135) — Votes: 7, occurrences: 7
[2025-09-23 14:51:30,478] [INFO] #7: Love, That's an Understatement (id=136943) — Votes: 7, occurrences: 7
[2025-09-23 14:51:30,478] [INFO] #8: Blue Box (id=132182) — Votes: 7, occurrences: 7
[2025-09-23 14:51:30,478] [INFO] #9: Kono Oto Tomare! (id=75143) — Votes: 7, occurrences: 7
[2025-09-23 14:51:30,478] [INFO] #10: Kubo Won't Let Me Be Invisible (id=112981) — Votes: 7, occurrences: 7
[2025-09-23 14:51:30,478] [INFO] Top sizes -> Manga: 10, Manhwa: 10, Manhua: 9
[2025-09-23 14:51:37,296] [INFO] Enriched recommendations -> Manga: 10, Manhwa: 10, Manhua: 9
[2025-09-23 14:59:02,124] [INFO] Recommendations command invoked for Discord user kyerstorm -> AniList 'Kyerstorm'
[2025-09-23 14:59:02,549] [INFO] Fetching MediaListCollection for AniList user 'Kyerstorm'
[2025-09-23 14:59:14,885] [INFO] Fetched 1787 entries for 'Kyerstorm' (raw entries: 1787, with recommendations: 1550)
[2025-09-23 14:59:14,887] [INFO] Total entries received from AniList for 'Kyerstorm': 1787
[2025-09-23 14:59:14,888] [INFO] User 'Kyerstorm' has 1485 titles on their list (includes Planning).
[2025-09-23 14:59:14,889] [INFO] Selected top 100 rated entries (by normalized score) out of 1722 scored entries.
[2025-09-23 14:59:14,889] [INFO] Using 100 high-rated entries (>= 8.0) out of 100 top entries
[2025-09-23 14:59:14,890] [INFO] Considered 680 recommendation entries across top 100 high-rated titles.
[2025-09-23 14:59:14,890] [INFO] Unique recommended titles after excluding user's list: 293
[2025-09-23 14:59:14,890] [INFO] Stage 1 - Occurrence filter: 66 candidates with >= 3 occurrences
[2025-09-23 14:59:14,890] [INFO] Stage 2 - Limited to top 50 by occurrence count: 50 candidates
[2025-09-23 14:59:14,890] [INFO] Stage 3 - Country-balanced sampling: 19 final candidates
[2025-09-23 15:00:52,262] [INFO] Recommendations command invoked for Discord user kyerstorm -> AniList 'Kyerstorm'
[2025-09-23 15:00:52,640] [INFO] Fetching MediaListCollection for AniList user 'Kyerstorm'
[2025-09-23 15:01:04,829] [INFO] Fetched 1787 entries for 'Kyerstorm' (raw entries: 1787, with recommendations: 1550)
[2025-09-23 15:01:04,831] [INFO] Total entries received from AniList for 'Kyerstorm': 1787
[2025-09-23 15:01:04,832] [INFO] User 'Kyerstorm' has 1485 titles on their list (includes Planning).
[2025-09-23 15:01:04,833] [INFO] Selected top 100 rated entries (by normalized score) out of 1722 scored entries.
[2025-09-23 15:01:04,833] [INFO] Using 100 high-rated entries (>= 8.0) out of 100 top entries
[2025-09-23 15:01:04,834] [INFO] Considered 680 recommendation entries across top 100 high-rated titles.
[2025-09-23 15:01:04,834] [INFO] Unique recommended titles after excluding user's list: 293
[2025-09-23 15:01:04,834] [INFO] Stage 1 - Occurrence filter: 66 candidates with >= 3 occurrences
[2025-09-23 15:01:04,835] [INFO] Stage 2 - Limited to top 50 by occurrence count: 50 candidates
[2025-09-23 15:01:04,835] [INFO] Stage 3 - Country-balanced sampling: 19 final candidates
[2025-09-23 15:01:04,835] [INFO] Cache performance: 0 cached, 19 need API calls
[2025-09-23 15:01:05,268] [INFO] Fetching global recommendation totals for 19 candidates (batch_size=2, interval=3.0s).
[2025-09-23 15:01:39,870] [INFO] Fetched global rec totals for 18 candidates (requested 19). Rate-limited/exhausted hits may be reflected as 0 totals.
[2025-09-23 15:01:40,195] [INFO] Top recommendations (top 10):
[2025-09-23 15:01:40,195] [INFO] #1: Fruits Basket (id=30102) — Votes: 108, occurrences: 7
[2025-09-23 15:01:40,195] [INFO] #2: Kubo Won't Let Me Be Invisible (id=112981) — Votes: 87, occurrences: 7
[2025-09-23 15:01:40,196] [INFO] #3: The Dangers in My Heart (id=101557) — Votes: 73, occurrences: 7
[2025-09-23 15:01:40,196] [INFO] #4: A Silent Voice (id=85135) — Votes: 72, occurrences: 7
[2025-09-23 15:01:40,196] [INFO] #5: Blue Box (id=132182) — Votes: 48, occurrences: 7
[2025-09-23 15:01:40,196] [INFO] #6: Love, That's an Understatement (id=136943) — Votes: 37, occurrences: 7
[2025-09-23 15:01:40,196] [INFO] #7: Senryuu Shoujo (id=99183) — Votes: 31, occurrences: 7
[2025-09-23 15:01:40,196] [INFO] #8: Kono Oto Tomare! (id=75143) — Votes: 29, occurrences: 7
[2025-09-23 15:01:40,197] [INFO] #9: The Advanced Player of the Tutorial Tower (id=119276) — Votes: 29, occurrences: 4
[2025-09-23 15:01:40,197] [INFO] #10: The Celestial Returned from Hell (id=132457) — Votes: 25, occurrences: 4
[2025-09-23 15:01:40,197] [INFO] Top sizes -> Manga: 10, Manhwa: 10, Manhua: 9
[2025-09-23 15:01:42,798] [WARNING] Failed to fetch media details for ID 119276: HTTP 429
[2025-09-23 15:01:42,982] [WARNING] Failed to fetch media details for ID 132457: HTTP 429
[2025-09-23 15:01:43,200] [WARNING] Failed to fetch media details for ID 122110: HTTP 429
[2025-09-23 15:01:43,381] [WARNING] Failed to fetch media details for ID 114714: HTTP 429
[2025-09-23 15:01:43,567] [WARNING] Failed to fetch media details for ID 130231: HTTP 429
[2025-09-23 15:01:43,742] [WARNING] Failed to fetch media details for ID 139639: HTTP 429
[2025-09-23 15:01:43,795] [WARNING] Failed to fetch media details for ID 172269: HTTP 429
[2025-09-23 15:01:43,839] [WARNING] Failed to fetch media details for ID 144204: HTTP 429
[2025-09-23 15:01:43,891] [WARNING] Failed to fetch media details for ID 99396: HTTP 429
[2025-09-23 15:01:43,938] [WARNING] Failed to fetch media details for ID 114599: HTTP 429
[2025-09-23 15:01:43,988] [WARNING] Failed to fetch media details for ID 132791: HTTP 429
[2025-09-23 15:01:44,033] [WARNING] Failed to fetch media details for ID 119526: HTTP 429
[2025-09-23 15:01:44,076] [WARNING] Failed to fetch media details for ID 119486: HTTP 429
[2025-09-23 15:01:44,130] [WARNING] Failed to fetch media details for ID 31320: HTTP 429
[2025-09-23 15:01:44,178] [WARNING] Failed to fetch media details for ID 133700: HTTP 429
[2025-09-23 15:01:44,238] [WARNING] Failed to fetch media details for ID 160269: HTTP 429
[2025-09-23 15:01:44,288] [WARNING] Failed to fetch media details for ID 155627: HTTP 429
[2025-09-23 15:01:44,335] [WARNING] Failed to fetch media details for ID 128791: HTTP 429
[2025-09-23 15:01:44,379] [WARNING] Failed to fetch media details for ID 133070: HTTP 429
[2025-09-23 15:01:44,379] [INFO] Enriched recommendations -> Manga: 10, Manhwa: 10, Manhua: 9
[2025-09-23 15:09:31,021] [INFO] Recommendations command invoked for Discord user xuehua._ -> AniList 'xuehua'
[2025-09-23 15:09:32,817] [INFO] Fetching MediaListCollection for AniList user 'xuehua'
[2025-09-23 15:09:39,446] [INFO] Fetched 880 entries for 'xuehua' (raw entries: 880, with recommendations: 837)
[2025-09-23 15:09:39,448] [INFO] Total entries received from AniList for 'xuehua': 880
[2025-09-23 15:09:39,448] [INFO] User 'xuehua' has 512 titles on their list (includes Planning).
[2025-09-23 15:09:39,448] [INFO] Selected top 0 rated entries (by normalized score) out of 0 scored entries.
[2025-09-23 15:09:39,449] [INFO] Using 0 high-rated entries (>= 8.0) out of 0 top entries
[2025-09-23 15:09:39,449] [INFO] Considered 0 recommendation entries across top 0 high-rated titles.
[2025-09-23 15:09:39,449] [INFO] Unique recommended titles after excluding user's list: 0
[2025-09-23 15:10:02,742] [INFO] Recommendations command invoked for Discord user mrtester. -> AniList 'tes'
[2025-09-23 15:10:04,250] [INFO] Fetching MediaListCollection for AniList user 'tes'
[2025-09-23 15:10:16,502] [INFO] Fetched 1380 entries for 'tes' (raw entries: 1380, with recommendations: 1273)
[2025-09-23 15:10:16,504] [INFO] Total entries received from AniList for 'tes': 1380
[2025-09-23 15:10:16,505] [INFO] User 'tes' has 1293 titles on their list (includes Planning).
[2025-09-23 15:10:16,506] [INFO] Selected top 100 rated entries (by normalized score) out of 298 scored entries.
[2025-09-23 15:10:16,506] [INFO] Using 100 high-rated entries (>= 8.0) out of 100 top entries
[2025-09-23 15:10:16,507] [INFO] Considered 1181 recommendation entries across top 100 high-rated titles.
[2025-09-23 15:10:16,507] [INFO] Unique recommended titles after excluding user's list: 693
[2025-09-23 15:10:16,508] [INFO] Stage 1 - Occurrence filter: 80 candidates with >= 3 occurrences
[2025-09-23 15:10:16,508] [INFO] Stage 2 - Limited to top 50 by occurrence count: 50 candidates
[2025-09-23 15:10:16,508] [INFO] Stage 3 - Country-balanced sampling: 24 final candidates
[2025-09-23 15:10:16,508] [INFO] Cache performance: 0 cached, 24 need API calls
[2025-09-23 15:10:16,508] [INFO] Limited API calls to top 20 candidates by occurrence: 20
[2025-09-23 15:10:16,824] [INFO] Fetching global recommendation totals for 20 candidates (batch_size=2, interval=3.0s).
[2025-09-23 15:10:51,691] [INFO] Fetched global rec totals for 17 candidates (requested 20). Rate-limited/exhausted hits may be reflected as 0 totals.
[2025-09-23 15:10:51,938] [INFO] Top recommendations (top 10):
[2025-09-23 15:10:51,938] [INFO] #1: S.K.T(Swallow Knights Tales) (id=171990) — Votes: 192, occurrences: 4
[2025-09-23 15:10:51,938] [INFO] #2: A Bride's Story (id=41514) — Votes: 150, occurrences: 4
[2025-09-23 15:10:51,938] [INFO] #3: Attack on Titan (id=53390) — Votes: 127, occurrences: 5
[2025-09-23 15:10:51,939] [INFO] #4: Dusk Howler (id=87139) — Votes: 127, occurrences: 4
[2025-09-23 15:10:51,939] [INFO] #5: Demon Slayer: Kimetsu no Yaiba (id=87216) — Votes: 121, occurrences: 7
[2025-09-23 15:10:51,939] [INFO] #6: Vinland Saga (id=30642) — Votes: 94, occurrences: 7
[2025-09-23 15:10:51,939] [INFO] #7: Sillyongui Juin (id=164447) — Votes: 85, occurrences: 6
[2025-09-23 15:10:51,939] [INFO] #8: Fullmetal Alchemist (id=30025) — Votes: 77, occurrences: 8
[2025-09-23 15:10:51,939] [INFO] #9: Blissful Land (id=103144) — Votes: 59, occurrences: 4
[2025-09-23 15:10:51,939] [INFO] #10: Doctor Elise: The Royal Lady with the Lamp (id=107918) — Votes: 52, occurrences: 4
[2025-09-23 15:10:51,940] [INFO] Top sizes -> Manga: 10, Manhwa: 10, Manhua: 10
[2025-09-23 15:11:33,178] [WARNING] Failed to fetch media details for ID 138766: HTTP 429
[2025-09-23 15:11:35,400] [WARNING] Failed to fetch media details for ID 110078: HTTP 429
[2025-09-23 15:11:53,226] [INFO] Enriched recommendations -> Manga: 10, Manhwa: 10, Manhua: 10
[2025-09-23 15:23:05,989] [INFO] Recommendations command invoked for Discord user kyerstorm -> AniList 'Kyerstorm'
[2025-09-23 15:23:06,240] [INFO] Fetching MediaListCollection for AniList user 'Kyerstorm'
[2025-09-23 15:23:18,197] [INFO] Fetched 1787 entries for 'Kyerstorm' (raw entries: 1787, with recommendations: 1550)
[2025-09-23 15:23:18,200] [INFO] Total entries received from AniList for 'Kyerstorm': 1787
[2025-09-23 15:23:18,200] [INFO] User 'Kyerstorm' has 1485 titles on their list (includes Planning).
[2025-09-23 15:23:18,202] [INFO] Selected top 100 rated entries (by normalized score) out of 1722 scored entries.
[2025-09-23 15:23:18,202] [INFO] Using 100 high-rated entries (>= 8.0) out of 100 top entries
[2025-09-23 15:23:18,203] [INFO] Considered 680 recommendation entries across top 100 high-rated titles.
[2025-09-23 15:23:18,203] [INFO] Unique recommended titles after excluding user's list: 293
[2025-09-23 15:23:18,203] [INFO] Stage 1 - Occurrence filter: 66 candidates with >= 3 occurrences
[2025-09-23 15:23:18,203] [INFO] Stage 2 - Limited to top 50 by occurrence count: 50 candidates
[2025-09-23 15:23:18,204] [INFO] Stage 3 - Country-balanced sampling: 19 final candidates
[2025-09-23 15:23:18,204] [INFO] Cache performance: 0 cached, 19 need API calls
[2025-09-23 15:23:18,608] [INFO] Fetching global recommendation totals for 19 candidates (batch_size=2, interval=3.0s).
[2025-09-23 15:23:55,051] [INFO] Fetched global rec totals for 18 candidates (requested 19). Rate-limited/exhausted hits may be reflected as 0 totals.
[2025-09-23 15:23:55,272] [INFO] Top recommendations (top 10):
[2025-09-23 15:23:55,273] [INFO] #1: Fruits Basket (id=30102) — Votes: 108, occurrences: 7
[2025-09-23 15:23:55,273] [INFO] #2: Kubo Won't Let Me Be Invisible (id=112981) — Votes: 87, occurrences: 7
[2025-09-23 15:23:55,273] [INFO] #3: The Dangers in My Heart (id=101557) — Votes: 73, occurrences: 7
[2025-09-23 15:23:55,273] [INFO] #4: A Silent Voice (id=85135) — Votes: 72, occurrences: 7
[2025-09-23 15:23:55,273] [INFO] #5: Blue Box (id=132182) — Votes: 48, occurrences: 7
[2025-09-23 15:23:55,273] [INFO] #6: Love, That's an Understatement (id=136943) — Votes: 37, occurrences: 7
[2025-09-23 15:23:55,274] [INFO] #7: Senryuu Shoujo (id=99183) — Votes: 31, occurrences: 7
[2025-09-23 15:23:55,274] [INFO] #8: Kono Oto Tomare! (id=75143) — Votes: 29, occurrences: 7
[2025-09-23 15:23:55,274] [INFO] #9: The Advanced Player of the Tutorial Tower (id=119276) — Votes: 29, occurrences: 4
[2025-09-23 15:23:55,274] [INFO] #10: The Celestial Returned from Hell (id=132457) — Votes: 25, occurrences: 4
[2025-09-23 15:23:55,274] [INFO] Top sizes -> Manga: 10, Manhwa: 10, Manhua: 9
[2025-09-23 15:23:55,537] [INFO] Created recommendation data -> Manga: 10, Manhwa: 10, Manhua: 9
[2025-09-23 15:30:26,397] [INFO] Recommendations command invoked for Discord user kyerstorm -> AniList 'Kyerstorm'
[2025-09-23 15:30:26,398] [INFO] Fetching MediaListCollection for AniList user 'Kyerstorm'
[2025-09-23 15:30:37,451] [INFO] Fetched 1787 entries for 'Kyerstorm' (raw entries: 1787, with recommendations: 1550)
[2025-09-23 15:30:37,453] [INFO] Total entries received from AniList for 'Kyerstorm': 1787
[2025-09-23 15:30:37,454] [INFO] User 'Kyerstorm' has 1485 titles on their list (includes Planning).
[2025-09-23 15:30:37,455] [INFO] Selected top 100 rated entries (by normalized score) out of 1722 scored entries.
[2025-09-23 15:30:37,455] [INFO] Using 100 high-rated entries (>= 8.0) out of 100 top entries
[2025-09-23 15:30:37,456] [INFO] Considered 680 recommendation entries across top 100 high-rated titles.
[2025-09-23 15:30:37,456] [INFO] Unique recommended titles after excluding user's list: 293
[2025-09-23 15:30:37,456] [INFO] Stage 1 - Occurrence filter: 66 candidates with >= 3 occurrences
[2025-09-23 15:30:37,456] [INFO] Stage 2 - Limited to top 50 by occurrence count: 50 candidates
[2025-09-23 15:30:37,457] [INFO] Stage 3 - Country-balanced sampling: 19 final candidates
[2025-09-23 15:30:37,457] [INFO] Cache performance: 0 cached, 19 need API calls
[2025-09-23 15:30:37,457] [INFO] Fetching global recommendation totals for 19 candidates (batch_size=2, interval=3.0s).
[2025-09-23 15:31:06,359] [INFO] Fetched global rec totals for 18 candidates (requested 19). Rate-limited/exhausted hits may be reflected as 0 totals.
[2025-09-23 15:31:06,359] [INFO] Top recommendations (top 10):
[2025-09-23 15:31:06,359] [INFO] #1: Fruits Basket (id=30102) — Votes: 108, occurrences: 7
[2025-09-23 15:31:06,360] [INFO] #2: Kubo Won't Let Me Be Invisible (id=112981) — Votes: 87, occurrences: 7
[2025-09-23 15:31:06,360] [INFO] #3: The Dangers in My Heart (id=101557) — Votes: 73, occurrences: 7
[2025-09-23 15:31:06,360] [INFO] #4: A Silent Voice (id=85135) — Votes: 72, occurrences: 7
[2025-09-23 15:31:06,360] [INFO] #5: Blue Box (id=132182) — Votes: 48, occurrences: 7
[2025-09-23 15:31:06,360] [INFO] #6: Love, That's an Understatement (id=136943) — Votes: 37, occurrences: 7
[2025-09-23 15:31:06,360] [INFO] #7: Senryuu Shoujo (id=99183) — Votes: 31, occurrences: 7
[2025-09-23 15:31:06,360] [INFO] #8: Kono Oto Tomare! (id=75143) — Votes: 29, occurrences: 7
[2025-09-23 15:31:06,361] [INFO] #9: The Advanced Player of the Tutorial Tower (id=119276) — Votes: 29, occurrences: 4
[2025-09-23 15:31:06,361] [INFO] #10: The Celestial Returned from Hell (id=132457) — Votes: 25, occurrences: 4
[2025-09-23 15:31:06,361] [INFO] Top sizes -> Manga: 10, Manhwa: 10, Manhua: 9
[2025-09-23 15:31:06,362] [INFO] Created recommendation data -> Manga: 10, Manhwa: 10, Manhua: 9
[2025-09-23 15:34:52,190] [INFO] No existing recommendation cache file found, starting fresh
[2025-09-23 15:34:52,191] [INFO] No existing popular titles cache file found, starting fresh
[2025-09-23 15:35:30,534] [INFO] No existing recommendation cache file found, starting fresh
[2025-09-23 15:35:30,535] [INFO] No existing popular titles cache file found, starting fresh
[2025-09-23 15:35:48,685] [INFO] No existing recommendation cache file found, starting fresh
[2025-09-23 15:35:48,685] [INFO] No existing popular titles cache file found, starting fresh
[2025-09-23 15:36:08,902] [INFO] No existing recommendation cache file found, starting fresh
[2025-09-23 15:36:08,902] [INFO] No existing popular titles cache file found, starting fresh
[2025-09-23 15:36:08,903] [INFO] Recommendations cog initialized with persistent cache system
[2025-09-23 15:37:15,211] [INFO] Saving recommendation caches before cog unload...
[2025-09-23 15:37:15,212] [INFO] Recommendation caches saved successfully
[2025-09-23 15:37:16,795] [INFO] Loaded 0 valid cache entries from persistent storage
[2025-09-23 15:37:16,795] [INFO] Loaded 0 popular titles from persistent storage
[2025-09-23 15:37:24,432] [INFO] Loaded 0 valid cache entries from persistent storage
[2025-09-23 15:37:24,432] [INFO] Loaded 0 popular titles from persistent storage
[2025-09-23 15:37:24,433] [INFO] Recommendations cog initialized with persistent cache system
[2025-09-23 15:38:55,156] [INFO] Saving recommendation caches before cog unload...
[2025-09-23 15:38:55,157] [INFO] Recommendation caches saved successfully
[2025-09-23 15:38:55,187] [INFO] Loaded 0 valid cache entries from persistent storage
[2025-09-23 15:38:55,187] [INFO] Loaded 0 popular titles from persistent storage
[2025-09-23 15:38:55,188] [INFO] Recommendations cog initialized with persistent cache system
[2025-09-23 15:40:00,520] [INFO] Saving recommendation caches before cog unload...
[2025-09-23 15:40:00,522] [INFO] Recommendation caches saved successfully
[2025-09-23 15:45:44,291] [INFO] Loaded 0 valid cache entries from persistent storage
[2025-09-23 15:45:44,291] [INFO] Loaded 0 popular titles from persistent storage
[2025-09-23 15:45:44,292] [INFO] Recommendations cog initialized with persistent cache system
[2025-09-23 15:47:25,057] [INFO] Recommendations command invoked for Discord user slopking._ -> AniList 'slopking._'
[2025-09-23 15:47:25,057] [INFO] Fetching MediaListCollection for AniList user 'slopking._'
[2025-09-23 15:47:25,260] [WARNING] AniList API returned 404 for user 'slopking._': {'errors': [{'message': 'User not found', 'status': 404, 'locations': [{'line': 3, 'column': 11}]}], 'data': {'MediaListCollection': None}}
[2025-09-23 15:57:23,519] [INFO] Saving recommendation caches before cog unload...
[2025-09-23 15:57:23,521] [INFO] Recommendation caches saved successfully
[2025-09-23 15:57:24,509] [INFO] Loaded 0 valid cache entries from persistent storage
[2025-09-23 15:57:24,509] [INFO] Loaded 0 popular titles from persistent storage
[2025-09-23 15:57:24,509] [INFO] Recommendations cog initialized with persistent cache system
[2025-09-23 15:58:17,133] [INFO] Saving recommendation caches before cog unload...
[2025-09-23 15:58:17,136] [INFO] Recommendation caches saved successfully
[2025-09-23 15:58:17,169] [INFO] Loaded 0 valid cache entries from persistent storage
[2025-09-23 15:58:17,170] [INFO] Loaded 0 popular titles from persistent storage
[2025-09-23 15:58:17,170] [INFO] Recommendations cog initialized with persistent cache system
[2025-09-23 15:58:29,277] [INFO] Saving recommendation caches before cog unload...
[2025-09-23 15:58:29,279] [INFO] Recommendation caches saved successfully
[2025-09-23 15:58:29,311] [INFO] Loaded 0 valid cache entries from persistent storage
[2025-09-23 15:58:29,312] [INFO] Loaded 0 popular titles from persistent storage
[2025-09-23 15:58:29,312] [INFO] Recommendations cog initialized with persistent cache system
[2025-09-23 15:58:39,396] [INFO] Saving recommendation caches before cog unload...
[2025-09-23 15:58:39,398] [INFO] Recommendation caches saved successfully
[2025-09-23 15:58:39,429] [INFO] Loaded 0 valid cache entries from persistent storage
[2025-09-23 15:58:39,429] [INFO] Loaded 0 popular titles from persistent storage
[2025-09-23 15:58:39,430] [INFO] Recommendations cog initialized with persistent cache system
[2025-09-23 15:58:49,516] [INFO] Saving recommendation caches before cog unload...
[2025-09-23 15:58:49,518] [INFO] Recommendation caches saved successfully
[2025-09-23 15:58:49,552] [INFO] Loaded 0 valid cache entries from persistent storage
[2025-09-23 15:58:49,552] [INFO] Loaded 0 popular titles from persistent storage
[2025-09-23 15:58:49,553] [INFO] Recommendations cog initialized with persistent cache system
[2025-09-23 15:59:23,844] [INFO] Saving recommendation caches before cog unload...
[2025-09-23 15:59:23,846] [INFO] Recommendation caches saved successfully
[2025-09-23 15:59:23,881] [INFO] Loaded 0 valid cache entries from persistent storage
[2025-09-23 15:59:23,882] [INFO] Loaded 0 popular titles from persistent storage
[2025-09-23 15:59:23,882] [INFO] Recommendations cog initialized with persistent cache system
[2025-09-23 15:59:34,849] [INFO] Saving recommendation caches before cog unload...
[2025-09-23 15:59:34,852] [INFO] Recommendation caches saved successfully
[2025-09-23 15:59:36,522] [INFO] Loaded 0 valid cache entries from persistent storage
[2025-09-23 15:59:36,523] [INFO] Loaded 0 popular titles from persistent storage
[2025-09-23 16:00:39,881] [INFO] Loaded 0 valid cache entries from persistent storage
[2025-09-23 16:00:39,881] [INFO] Loaded 0 popular titles from persistent storage
[2025-09-23 16:00:39,882] [INFO] Recommendations cog initialized with persistent cache system
[2025-09-23 16:02:47,700] [INFO] Saving recommendation caches before cog unload...
[2025-09-23 16:02:47,703] [INFO] Recommendation caches saved successfully
[2025-09-23 16:03:37,100] [INFO] Loaded 0 valid cache entries from persistent storage
[2025-09-23 16:03:37,101] [INFO] Loaded 0 popular titles from persistent storage
[2025-09-23 16:03:37,101] [INFO] Recommendations cog initialized with persistent cache system
[2025-09-23 16:05:21,243] [INFO] Saving recommendation caches before cog unload...
[2025-09-23 16:05:21,245] [INFO] Recommendation caches saved successfully
[2025-09-23 16:05:23,334] [INFO] Loaded 0 valid cache entries from persistent storage
[2025-09-23 16:05:23,334] [INFO] Loaded 0 popular titles from persistent storage
[2025-09-23 16:05:23,335] [INFO] Recommendations cog initialized with persistent cache system
[2025-09-23 16:07:43,711] [INFO] Saving recommendation caches before cog unload...
[2025-09-23 16:07:43,713] [INFO] Recommendation caches saved successfully
[2025-09-23 16:08:55,594] [INFO] Loaded 0 valid cache entries from persistent storage
[2025-09-23 16:08:55,595] [INFO] Loaded 0 popular titles from persistent storage
[2025-09-23 16:08:55,595] [INFO] Recommendations cog initialized with persistent cache system
[2025-09-23 16:09:27,875] [INFO] Recommendations command invoked for Discord user slopking._ -> AniList 'Vireon'
[2025-09-23 16:09:27,875] [INFO] Fetching MediaListCollection for AniList user 'Vireon'
[2025-09-23 16:09:51,918] [INFO] Fetched 4389 entries for 'Vireon' (raw entries: 4389, with recommendations: 3492)
[2025-09-23 16:09:51,922] [INFO] Total entries received from AniList for 'Vireon': 4389
[2025-09-23 16:09:51,924] [INFO] User 'Vireon' has 3269 titles on their list (includes Planning).
[2025-09-23 16:09:51,926] [INFO] Selected top 100 rated entries (by normalized score) out of 2083 scored entries.
[2025-09-23 16:09:51,926] [INFO] Using 100 high-rated entries (>= 8.0) out of 100 top entries
[2025-09-23 16:09:51,927] [INFO] Considered 962 recommendation entries across top 100 high-rated titles.
[2025-09-23 16:09:51,928] [INFO] Unique recommended titles after excluding user's list: 351
[2025-09-23 16:09:51,928] [INFO] Stage 1 - Occurrence filter: 220 candidates with >= 3 occurrences
[2025-09-23 16:09:51,928] [INFO] Stage 2 - Limited to top 50 by occurrence count: 50 candidates
[2025-09-23 16:09:51,928] [INFO] Stage 3 - Country-balanced sampling: 24 final candidates
[2025-09-23 16:09:51,928] [INFO] Cache performance: 0 cached, 24 need API calls
[2025-09-23 16:09:51,929] [INFO] Limited API calls to top 20 candidates by occurrence: 20
[2025-09-23 16:09:51,929] [INFO] Fetching global recommendation totals for 20 candidates (batch_size=2, interval=3.0s).
[2025-09-23 16:10:20,759] [INFO] Fetched global rec totals for 20 candidates (requested 20). Rate-limited/exhausted hits may be reflected as 0 totals.
[2025-09-23 16:10:20,761] [INFO] Top recommendations (top 10):
[2025-09-23 16:10:20,762] [INFO] #1: Made in Abyss (id=86551) — Votes: 65, occurrences: 7
[2025-09-23 16:10:20,762] [INFO] #2: Historie (id=32924) — Votes: 46, occurrences: 6
[2025-09-23 16:10:20,762] [INFO] #3: My Dearest Self With Malice Aforethought (id=106867) — Votes: 45, occurrences: 6
[2025-09-23 16:10:20,762] [INFO] #4: Tales of Demons and Gods (id=86707) — Votes: 45, occurrences: 4
[2025-09-23 16:10:20,762] [INFO] #5: Nano Machine (id=120980) — Votes: 43, occurrences: 4
[2025-09-23 16:10:20,762] [INFO] #6: Kakegurui - Compulsive Gambler - (id=85793) — Votes: 42, occurrences: 6
[2025-09-23 16:10:20,762] [INFO] #7: Angel Densetsu (id=30838) — Votes: 38, occurrences: 6
[2025-09-23 16:10:20,763] [INFO] #8: Gambling Apocalypse Kaiji (id=33572) — Votes: 36, occurrences: 6
[2025-09-23 16:10:20,763] [INFO] #9: Altair: A Record of Battles (id=31605) — Votes: 28, occurrences: 6
[2025-09-23 16:10:20,763] [INFO] #10: Hwasanjeonsaeng (id=101418) — Votes: 28, occurrences: 4
[2025-09-23 16:10:20,763] [INFO] Top sizes -> Manga: 10, Manhwa: 10, Manhua: 10
[2025-09-23 16:10:20,763] [INFO] Created recommendation data -> Manga: 10, Manhwa: 10, Manhua: 10
[2025-09-23 16:11:08,807] [INFO] Saving recommendation caches before cog unload...
[2025-09-23 16:11:08,810] [INFO] Recommendation caches saved successfully
[2025-09-23 16:11:08,857] [INFO] Loaded 20 valid cache entries from persistent storage
[2025-09-23 16:11:08,863] [INFO] Loaded 11 popular titles from persistent storage
[2025-09-23 16:11:08,864] [INFO] Recommendations cog initialized with persistent cache system
[2025-09-23 16:11:37,133] [INFO] Saving recommendation caches before cog unload...
[2025-09-23 16:11:37,135] [INFO] Recommendation caches saved successfully
[2025-09-23 16:11:37,175] [INFO] Loaded 20 valid cache entries from persistent storage
[2025-09-23 16:11:37,176] [INFO] Loaded 11 popular titles from persistent storage
[2025-09-23 16:11:37,177] [INFO] Recommendations cog initialized with persistent cache system
[2025-09-23 16:12:01,375] [INFO] Saving recommendation caches before cog unload...
[2025-09-23 16:12:01,377] [INFO] Recommendation caches saved successfully
[2025-09-23 16:12:01,411] [INFO] Loaded 20 valid cache entries from persistent storage
[2025-09-23 16:12:01,412] [INFO] Loaded 11 popular titles from persistent storage
[2025-09-23 16:12:01,413] [INFO] Recommendations cog initialized with persistent cache system
[2025-09-23 16:12:22,532] [INFO] Loaded 20 valid cache entries from persistent storage
[2025-09-23 16:12:22,532] [INFO] Loaded 11 popular titles from persistent storage
[2025-09-23 16:12:37,723] [INFO] Saving recommendation caches before cog unload...
[2025-09-23 16:12:37,727] [INFO] Recommendation caches saved successfully
[2025-09-23 16:12:37,765] [INFO] Loaded 20 valid cache entries from persistent storage
[2025-09-23 16:12:37,766] [INFO] Loaded 11 popular titles from persistent storage
[2025-09-23 16:12:37,767] [INFO] Recommendations cog initialized with persistent cache system
[2025-09-23 16:12:57,930] [INFO] Saving recommendation caches before cog unload...
[2025-09-23 16:12:57,932] [INFO] Recommendation caches saved successfully
[2025-09-23 16:12:57,964] [INFO] Loaded 20 valid cache entries from persistent storage
[2025-09-23 16:12:57,965] [INFO] Loaded 11 popular titles from persistent storage
[2025-09-23 16:12:57,966] [INFO] Recommendations cog initialized with persistent cache system
[2025-09-23 16:13:10,061] [INFO] Saving recommendation caches before cog unload...
[2025-09-23 16:13:10,064] [INFO] Recommendation caches saved successfully
[2025-09-23 16:13:10,097] [INFO] Loaded 20 valid cache entries from persistent storage
[2025-09-23 16:13:10,098] [INFO] Loaded 11 popular titles from persistent storage
[2025-09-23 16:13:10,099] [INFO] Recommendations cog initialized with persistent cache system
[2025-09-23 16:13:46,362] [INFO] Saving recommendation caches before cog unload...
[2025-09-23 16:13:46,365] [INFO] Recommendation caches saved successfully
[2025-09-23 16:13:46,405] [INFO] Loaded 20 valid cache entries from persistent storage
[2025-09-23 16:13:46,407] [INFO] Loaded 11 popular titles from persistent storage
[2025-09-23 16:13:46,407] [INFO] Recommendations cog initialized with persistent cache system
[2025-09-23 16:14:00,540] [INFO] Saving recommendation caches before cog unload...
[2025-09-23 16:14:00,542] [INFO] Recommendation caches saved successfully
[2025-09-23 16:14:00,576] [INFO] Loaded 20 valid cache entries from persistent storage
[2025-09-23 16:14:00,577] [INFO] Loaded 11 popular titles from persistent storage
[2025-09-23 16:14:00,578] [INFO] Recommendations cog initialized with persistent cache system
[2025-09-23 16:14:37,810] [INFO] Loaded 20 valid cache entries from persistent storage
[2025-09-23 16:14:37,810] [INFO] Loaded 11 popular titles from persistent storage
[2025-09-23 16:15:05,092] [INFO] Saving recommendation caches before cog unload...
[2025-09-23 16:15:05,094] [INFO] Recommendation caches saved successfully
[2025-09-23 16:15:05,133] [INFO] Loaded 20 valid cache entries from persistent storage
[2025-09-23 16:15:05,134] [INFO] Loaded 11 popular titles from persistent storage
[2025-09-23 16:15:05,135] [INFO] Recommendations cog initialized with persistent cache system
[2025-09-23 16:15:07,738] [INFO] Recommendations command invoked for Discord user kyerstorm -> AniList 'Kyerstorm'
[2025-09-23 16:15:07,738] [INFO] Fetching MediaListCollection for AniList user 'Kyerstorm'
[2025-09-23 16:15:19,383] [INFO] Fetched 1787 entries for 'Kyerstorm' (raw entries: 1787, with recommendations: 1550)
[2025-09-23 16:15:19,385] [INFO] Total entries received from AniList for 'Kyerstorm': 1787
[2025-09-23 16:15:19,385] [INFO] User 'Kyerstorm' has 1485 titles on their list (includes Planning).
[2025-09-23 16:15:19,386] [INFO] Selected top 100 rated entries (by normalized score) out of 1722 scored entries.
[2025-09-23 16:15:19,387] [INFO] Using 100 high-rated entries (>= 8.0) out of 100 top entries
[2025-09-23 16:15:19,388] [INFO] Considered 680 recommendation entries across top 100 high-rated titles.
[2025-09-23 16:15:19,388] [INFO] Unique recommended titles after excluding user's list: 293
[2025-09-23 16:15:19,388] [INFO] Stage 1 - Occurrence filter: 66 candidates with >= 3 occurrences
[2025-09-23 16:15:19,388] [INFO] Stage 2 - Limited to top 50 by occurrence count: 50 candidates
[2025-09-23 16:15:19,388] [INFO] Stage 3 - Country-balanced sampling: 19 final candidates
[2025-09-23 16:15:19,388] [INFO] Cache performance: 0 cached, 19 need API calls
[2025-09-23 16:15:19,388] [INFO] Fetching global recommendation totals for 19 candidates (batch_size=2, interval=3.0s).
[2025-09-23 16:15:48,296] [INFO] Fetched global rec totals for 18 candidates (requested 19). Rate-limited/exhausted hits may be reflected as 0 totals.
[2025-09-23 16:15:48,298] [INFO] Top recommendations (top 10):
[2025-09-23 16:15:48,298] [INFO] #1: Fruits Basket (id=30102) — Votes: 108, occurrences: 7
[2025-09-23 16:15:48,298] [INFO] #2: Kubo Won't Let Me Be Invisible (id=112981) — Votes: 87, occurrences: 7
[2025-09-23 16:15:48,298] [INFO] #3: The Dangers in My Heart (id=101557) — Votes: 73, occurrences: 7
[2025-09-23 16:15:48,298] [INFO] #4: A Silent Voice (id=85135) — Votes: 72, occurrences: 7
[2025-09-23 16:15:48,299] [INFO] #5: Blue Box (id=132182) — Votes: 48, occurrences: 7
[2025-09-23 16:15:48,299] [INFO] #6: Love, That's an Understatement (id=136943) — Votes: 37, occurrences: 7
[2025-09-23 16:15:48,299] [INFO] #7: Senryuu Shoujo (id=99183) — Votes: 31, occurrences: 7
[2025-09-23 16:15:48,299] [INFO] #8: Kono Oto Tomare! (id=75143) — Votes: 29, occurrences: 7
[2025-09-23 16:15:48,299] [INFO] #9: The Advanced Player of the Tutorial Tower (id=119276) — Votes: 29, occurrences: 4
[2025-09-23 16:15:48,299] [INFO] #10: The Celestial Returned from Hell (id=132457) — Votes: 25, occurrences: 4
[2025-09-23 16:15:48,300] [INFO] Top sizes -> Manga: 10, Manhwa: 10, Manhua: 9
[2025-09-23 16:15:48,300] [INFO] Created recommendation data -> Manga: 10, Manhwa: 10, Manhua: 9
[2025-09-23 17:09:24,871] [INFO] Loaded 38 valid cache entries from persistent storage
[2025-09-23 17:09:24,871] [INFO] Loaded 22 popular titles from persistent storage
[2025-09-23 17:09:24,872] [INFO] Recommendations cog initialized with persistent cache system
[2025-09-23 23:59:04,161] [INFO] Loaded 38 valid cache entries from persistent storage
[2025-09-23 23:59:04,162] [INFO] Loaded 22 popular titles from persistent storage
[2025-09-23 23:59:04,163] [INFO] Recommendations cog initialized with persistent cache system
[2025-09-24 00:02:05,023] [INFO] Saving recommendation caches before cog unload...
[2025-09-24 00:02:05,026] [INFO] Recommendation caches saved successfully
[2025-09-24 00:02:05,066] [INFO] Recommendations cog initialized with persistent cache system
[2025-09-24 00:02:05,068] [INFO] Saving recommendation caches before cog unload...
[2025-09-24 00:02:05,070] [INFO] Recommendation caches saved successfully
[2025-09-24 00:02:57,911] [INFO] Loaded 38 valid cache entries from persistent storage
[2025-09-24 00:02:57,912] [INFO] Loaded 22 popular titles from persistent storage
[2025-09-24 00:02:57,913] [INFO] Recommendations cog initialized with persistent cache system
[2025-09-24 00:02:59,672] [INFO] Saving recommendation caches before cog unload...
[2025-09-24 00:02:59,675] [INFO] Recommendation caches saved successfully
[2025-09-24 00:03:06,043] [INFO] Loaded 38 valid cache entries from persistent storage
[2025-09-24 00:03:06,045] [INFO] Loaded 22 popular titles from persistent storage
[2025-09-24 00:03:06,046] [INFO] Recommendations cog initialized with persistent cache system
[2025-09-24 00:04:22,490] [INFO] Saving recommendation caches before cog unload...
[2025-09-24 00:04:22,493] [INFO] Recommendation caches saved successfully
[2025-09-24 00:11:43,327] [INFO] Loaded 38 valid cache entries from persistent storage
[2025-09-24 00:11:43,328] [INFO] Loaded 22 popular titles from persistent storage
[2025-09-24 00:11:43,329] [INFO] Recommendations cog initialized with persistent cache system
[2025-09-24 00:11:58,602] [INFO] Saving recommendation caches before cog unload...
[2025-09-24 00:11:58,605] [INFO] Recommendation caches saved successfully
[2025-09-24 00:13:41,978] [INFO] Loaded 38 valid cache entries from persistent storage
[2025-09-24 00:13:41,979] [INFO] Loaded 22 popular titles from persistent storage
[2025-09-24 00:13:41,980] [INFO] Recommendations cog initialized with persistent cache system
[2025-09-24 00:15:06,664] [INFO] Saving recommendation caches before cog unload...
[2025-09-24 00:15:06,668] [INFO] Recommendation caches saved successfully
[2025-09-24 00:17:04,001] [INFO] Loaded 38 valid cache entries from persistent storage
[2025-09-24 00:17:04,002] [INFO] Loaded 22 popular titles from persistent storage
[2025-09-24 00:17:04,003] [INFO] Recommendations cog initialized with persistent cache system
[2025-09-24 00:17:51,916] [INFO] Saving recommendation caches before cog unload...
[2025-09-24 00:17:51,919] [INFO] Recommendation caches saved successfully
[2025-09-24 00:25:03,909] [INFO] Loaded 38 valid cache entries from persistent storage
[2025-09-24 00:25:03,910] [INFO] Loaded 22 popular titles from persistent storage
[2025-09-24 00:25:03,911] [INFO] Recommendations cog initialized with persistent cache system
[2025-09-24 13:43:50,107] [INFO] Loaded 38 valid cache entries from persistent storage
[2025-09-24 13:43:50,107] [INFO] Loaded 22 popular titles from persistent storage
[2025-09-24 13:43:50,108] [INFO] Recommendations cog initialized with persistent cache system
[2025-09-24 13:45:38,426] [INFO] Saving recommendation caches before cog unload...
[2025-09-24 13:45:38,429] [INFO] Recommendation caches saved successfully
[2025-09-24 13:45:46,896] [INFO] Loaded 38 valid cache entries from persistent storage
[2025-09-24 13:45:46,897] [INFO] Loaded 22 popular titles from persistent storage
[2025-09-24 13:45:46,897] [INFO] Recommendations cog initialized with persistent cache system
[2025-09-24 18:26:06,736] [INFO] Checking AniList username: 'Vireon' for slopking._
[2025-09-24 18:26:50,040] [INFO] Recommendations command invoked for Discord user slopking._ -> AniList 'Vireon'
[2025-09-24 18:26:50,040] [INFO] Fetching MediaListCollection for AniList user 'Vireon'
[2025-09-24 18:27:15,419] [INFO] Fetched 4395 entries for 'Vireon' (raw entries: 4395, with recommendations: 3498)
[2025-09-24 18:27:15,427] [INFO] Total entries received from AniList for 'Vireon': 4395
[2025-09-24 18:27:15,429] [INFO] User 'Vireon' has 3271 titles on their list (includes Planning).
[2025-09-24 18:27:15,431] [INFO] Selected top 100 rated entries (by normalized score) out of 2088 scored entries.
[2025-09-24 18:27:15,431] [INFO] Using 100 high-rated entries (>= 8.0) out of 100 top entries
[2025-09-24 18:27:15,433] [INFO] Considered 1023 recommendation entries across top 100 high-rated titles.
[2025-09-24 18:27:15,433] [INFO] Unique recommended titles after excluding user's list: 369
[2025-09-24 18:27:15,434] [INFO] Stage 1 - Occurrence filter: 239 candidates with >= 3 occurrences
[2025-09-24 18:27:15,434] [INFO] Stage 2 - Limited to top 50 by occurrence count: 50 candidates
[2025-09-24 18:27:15,434] [INFO] Stage 3 - Country-balanced sampling: 23 final candidates
[2025-09-24 18:27:15,434] [INFO] Cache performance: 0 cached, 23 need API calls
[2025-09-24 18:27:15,434] [INFO] Limited API calls to top 20 candidates by occurrence: 20
[2025-09-24 18:27:15,434] [INFO] Fetching global recommendation totals for 20 candidates (batch_size=2, interval=3.0s).
[2025-09-24 18:27:44,370] [INFO] Fetched global rec totals for 20 candidates (requested 20). Rate-limited/exhausted hits may be reflected as 0 totals.
[2025-09-24 18:27:44,372] [INFO] Top recommendations (top 10):
[2025-09-24 18:27:44,372] [INFO] #1: Made in Abyss (id=86551) — Votes: 65, occurrences: 7
[2025-09-24 18:27:44,373] [INFO] #2: Historie (id=32924) — Votes: 46, occurrences: 6
[2025-09-24 18:27:44,373] [INFO] #3: Tales of Demons and Gods (id=86707) — Votes: 45, occurrences: 4
[2025-09-24 18:27:44,373] [INFO] #4: Nano Machine (id=120980) — Votes: 43, occurrences: 4
[2025-09-24 18:27:44,373] [INFO] #5: Kakegurui - Compulsive Gambler - (id=85793) — Votes: 42, occurrences: 6
[2025-09-24 18:27:44,373] [INFO] #6: Angel Densetsu (id=30838) — Votes: 38, occurrences: 6
[2025-09-24 18:27:44,373] [INFO] #7: Gambling Apocalypse Kaiji (id=33572) — Votes: 36, occurrences: 6
[2025-09-24 18:27:44,373] [INFO] #8: Altair: A Record of Battles (id=31605) — Votes: 28, occurrences: 6
[2025-09-24 18:27:44,373] [INFO] #9: Hwasanjeonsaeng (id=101418) — Votes: 28, occurrences: 4
[2025-09-24 18:27:44,374] [INFO] #10: City Hunter (id=30792) — Votes: 15, occurrences: 6
[2025-09-24 18:27:44,374] [INFO] Top sizes -> Manga: 10, Manhwa: 10, Manhua: 10
[2025-09-24 18:27:44,374] [INFO] Created recommendation data -> Manga: 10, Manhwa: 10, Manhua: 10
[2025-09-24 19:40:40,026] [INFO] Saving recommendation caches before cog unload...
[2025-09-24 19:40:40,029] [INFO] Recommendation caches saved successfully
[2025-09-24 19:41:28,144] [INFO] Loaded 20 valid cache entries from persistent storage
[2025-09-24 19:41:28,145] [INFO] Loaded 22 popular titles from persistent storage
[2025-09-24 19:41:28,146] [INFO] Recommendations cog initialized with persistent cache system
[2025-09-24 19:44:20,729] [INFO] Saving recommendation caches before cog unload...
[2025-09-24 19:44:20,731] [INFO] Recommendation caches saved successfully
[2025-09-24 19:44:22,059] [INFO] Loaded 20 valid cache entries from persistent storage
[2025-09-24 19:44:22,060] [INFO] Loaded 22 popular titles from persistent storage
[2025-09-24 19:44:22,061] [INFO] Recommendations cog initialized with persistent cache system
[2025-09-24 19:50:42,466] [INFO] Saving recommendation caches before cog unload...
[2025-09-24 19:50:42,469] [INFO] Recommendation caches saved successfully
[2025-09-24 19:50:43,449] [INFO] Loaded 20 valid cache entries from persistent storage
[2025-09-24 19:50:43,450] [INFO] Loaded 22 popular titles from persistent storage
[2025-09-24 19:50:43,451] [INFO] Recommendations cog initialized with persistent cache system
[2025-09-24 19:52:39,133] [INFO] Saving recommendation caches before cog unload...
[2025-09-24 19:52:39,135] [INFO] Recommendation caches saved successfully
[2025-09-24 19:57:36,871] [INFO] Loaded 20 valid cache entries from persistent storage
[2025-09-24 19:57:36,872] [INFO] Loaded 22 popular titles from persistent storage
[2025-09-24 19:57:36,872] [INFO] Recommendations cog initialized with persistent cache system
[2025-09-24 20:02:57,082] [INFO] Saving recommendation caches before cog unload...
[2025-09-24 20:02:57,085] [INFO] Recommendation caches saved successfully
[2025-09-24 20:09:50,279] [INFO] Loaded 20 valid cache entries from persistent storage
[2025-09-24 20:09:50,279] [INFO] Loaded 22 popular titles from persistent storage
[2025-09-24 20:09:50,280] [INFO] Recommendations cog initialized with persistent cache system
[2025-09-24 20:17:48,967] [INFO] Saving recommendation caches before cog unload...
[2025-09-24 20:17:48,969] [INFO] Recommendation caches saved successfully
[2025-09-24 20:17:49,945] [INFO] Loaded 20 valid cache entries from persistent storage
[2025-09-24 20:17:49,945] [INFO] Loaded 22 popular titles from persistent storage
[2025-09-24 20:17:49,946] [INFO] Recommendations cog initialized with persistent cache system
[2025-09-24 21:24:31,521] [INFO] Saving recommendation caches before cog unload...
[2025-09-24 21:24:31,523] [INFO] Recommendation caches saved successfully
[2025-09-24 21:24:32,800] [INFO] Loaded 20 valid cache entries from persistent storage
[2025-09-24 21:24:32,801] [INFO] Loaded 22 popular titles from persistent storage
[2025-09-24 21:24:32,801] [INFO] Recommendations cog initialized with persistent cache system
[2025-09-24 21:25:22,546] [INFO] Saving recommendation caches before cog unload...
[2025-09-24 21:25:22,549] [INFO] Recommendation caches saved successfully
[2025-09-24 21:25:23,576] [INFO] Loaded 20 valid cache entries from persistent storage
[2025-09-24 21:25:23,577] [INFO] Loaded 22 popular titles from persistent storage
[2025-09-24 21:25:23,577] [INFO] Recommendations cog initialized with persistent cache system
[2025-09-24 21:28:04,704] [INFO] Saving recommendation caches before cog unload...
[2025-09-24 21:28:04,706] [INFO] Recommendation caches saved successfully
[2025-09-24 21:28:05,711] [INFO] Loaded 20 valid cache entries from persistent storage
[2025-09-24 21:28:05,712] [INFO] Loaded 22 popular titles from persistent storage
[2025-09-24 21:28:05,713] [INFO] Recommendations cog initialized with persistent cache system
[2025-09-24 21:47:24,664] [INFO] Saving recommendation caches before cog unload...
[2025-09-24 21:47:24,667] [INFO] Recommendation caches saved successfully
[2025-09-24 21:47:25,689] [INFO] Loaded 20 valid cache entries from persistent storage
[2025-09-24 21:47:25,690] [INFO] Loaded 22 popular titles from persistent storage
[2025-09-24 21:47:25,691] [INFO] Recommendations cog initialized with persistent cache system
[2025-09-24 22:58:59,957] [INFO] Saving recommendation caches before cog unload...
[2025-09-24 22:58:59,959] [INFO] Recommendation caches saved successfully
[2025-09-24 22:59:01,497] [INFO] Loaded 20 valid cache entries from persistent storage
[2025-09-24 22:59:01,505] [INFO] Loaded 22 popular titles from persistent storage
[2025-09-24 22:59:01,507] [INFO] Recommendations cog initialized with persistent cache system
[2025-09-24 23:02:18,765] [INFO] Saving recommendation caches before cog unload...
[2025-09-24 23:02:18,768] [INFO] Recommendation caches saved successfully
[2025-09-24 23:02:20,735] [INFO] Loaded 20 valid cache entries from persistent storage
[2025-09-24 23:02:20,736] [INFO] Loaded 22 popular titles from persistent storage
[2025-09-24 23:02:20,737] [INFO] Recommendations cog initialized with persistent cache system
[2025-09-24 23:05:05,847] [INFO] Saving recommendation caches before cog unload...
[2025-09-24 23:05:05,850] [INFO] Recommendation caches saved successfully
[2025-09-24 23:05:07,250] [INFO] Loaded 20 valid cache entries from persistent storage
[2025-09-24 23:05:07,251] [INFO] Loaded 22 popular titles from persistent storage
[2025-09-24 23:05:07,252] [INFO] Recommendations cog initialized with persistent cache system
[2025-09-24 23:10:38,792] [INFO] Saving recommendation caches before cog unload...
[2025-09-24 23:10:38,795] [INFO] Recommendation caches saved successfully
[2025-09-24 23:10:40,038] [INFO] Loaded 20 valid cache entries from persistent storage
[2025-09-24 23:10:40,040] [INFO] Loaded 22 popular titles from persistent storage
[2025-09-24 23:10:40,040] [INFO] Recommendations cog initialized with persistent cache system
[2025-09-24 23:23:05,406] [INFO] Saving recommendation caches before cog unload...
[2025-09-24 23:23:05,409] [INFO] Recommendation caches saved successfully
[2025-09-24 23:23:06,632] [INFO] Loaded 20 valid cache entries from persistent storage
[2025-09-24 23:23:06,633] [INFO] Loaded 22 popular titles from persistent storage
[2025-09-24 23:23:06,634] [INFO] Recommendations cog initialized with persistent cache system
[2025-09-24 23:26:52,919] [INFO] Saving recommendation caches before cog unload...
[2025-09-24 23:26:52,922] [INFO] Recommendation caches saved successfully
[2025-09-24 23:26:55,125] [INFO] Loaded 20 valid cache entries from persistent storage
[2025-09-24 23:26:55,126] [INFO] Loaded 22 popular titles from persistent storage
[2025-09-24 23:26:55,127] [INFO] Recommendations cog initialized with persistent cache system
[2025-09-24 23:30:05,585] [INFO] Saving recommendation caches before cog unload...
[2025-09-24 23:30:05,587] [INFO] Recommendation caches saved successfully
[2025-09-24 23:30:06,645] [INFO] Loaded 20 valid cache entries from persistent storage
[2025-09-24 23:30:06,646] [INFO] Loaded 22 popular titles from persistent storage
[2025-09-24 23:30:06,647] [INFO] Recommendations cog initialized with persistent cache system
[2025-09-24 23:33:27,794] [INFO] Saving recommendation caches before cog unload...
[2025-09-24 23:33:27,796] [INFO] Recommendation caches saved successfully
[2025-09-24 23:33:28,823] [INFO] Loaded 20 valid cache entries from persistent storage
[2025-09-24 23:33:28,824] [INFO] Loaded 22 popular titles from persistent storage
[2025-09-24 23:33:28,824] [INFO] Recommendations cog initialized with persistent cache system
[2025-09-24 23:40:45,929] [INFO] Saving recommendation caches before cog unload...
[2025-09-24 23:40:45,931] [INFO] Recommendation caches saved successfully
[2025-09-24 23:40:55,219] [INFO] Loaded 20 valid cache entries from persistent storage
[2025-09-24 23:40:55,220] [INFO] Loaded 22 popular titles from persistent storage
[2025-09-24 23:40:55,220] [INFO] Recommendations cog initialized with persistent cache system
[2025-09-24 23:42:51,171] [INFO] Saving recommendation caches before cog unload...
[2025-09-24 23:42:51,174] [INFO] Recommendation caches saved successfully
[2025-09-24 23:42:52,285] [INFO] Loaded 20 valid cache entries from persistent storage
[2025-09-24 23:42:52,286] [INFO] Loaded 22 popular titles from persistent storage
[2025-09-24 23:42:52,287] [INFO] Recommendations cog initialized with persistent cache system
[2025-09-24 23:43:30,137] [INFO] Saving recommendation caches before cog unload...
[2025-09-24 23:43:30,140] [INFO] Recommendation caches saved successfully
[2025-09-24 23:43:31,298] [INFO] Loaded 20 valid cache entries from persistent storage
[2025-09-24 23:43:31,299] [INFO] Loaded 22 popular titles from persistent storage
[2025-09-24 23:43:31,299] [INFO] Recommendations cog initialized with persistent cache system
[2025-09-24 23:47:45,527] [INFO] Saving recommendation caches before cog unload...
[2025-09-24 23:47:45,530] [INFO] Recommendation caches saved successfully
[2025-09-24 23:47:46,622] [INFO] Loaded 20 valid cache entries from persistent storage
[2025-09-24 23:47:46,623] [INFO] Loaded 22 popular titles from persistent storage
[2025-09-24 23:47:46,624] [INFO] Recommendations cog initialized with persistent cache system
[2025-09-24 23:52:29,798] [INFO] Saving recommendation caches before cog unload...
[2025-09-24 23:52:29,800] [INFO] Recommendation caches saved successfully
[2025-09-24 23:52:30,854] [INFO] Loaded 20 valid cache entries from persistent storage
[2025-09-24 23:52:30,855] [INFO] Loaded 22 popular titles from persistent storage
[2025-09-24 23:52:30,855] [INFO] Recommendations cog initialized with persistent cache system
[2025-09-24 23:59:22,432] [INFO] Saving recommendation caches before cog unload...
[2025-09-24 23:59:22,434] [INFO] Recommendation caches saved successfully
[2025-09-24 23:59:23,743] [INFO] Loaded 20 valid cache entries from persistent storage
[2025-09-24 23:59:23,744] [INFO] Loaded 22 popular titles from persistent storage
[2025-09-24 23:59:23,745] [INFO] Recommendations cog initialized with persistent cache system
[2025-09-25 00:05:10,327] [INFO] Saving recommendation caches before cog unload...
[2025-09-25 00:05:10,329] [INFO] Recommendation caches saved successfully
[2025-09-25 00:06:03,488] [INFO] Loaded 20 valid cache entries from persistent storage
[2025-09-25 00:06:03,489] [INFO] Loaded 22 popular titles from persistent storage
[2025-09-25 00:06:03,490] [INFO] Recommendations cog initialized with persistent cache system
[2025-09-25 00:07:57,316] [INFO] Saving recommendation caches before cog unload...
[2025-09-25 00:07:57,318] [INFO] Recommendation caches saved successfully
[2025-09-25 00:12:44,294] [INFO] Loaded 20 valid cache entries from persistent storage
[2025-09-25 00:12:44,295] [INFO] Loaded 22 popular titles from persistent storage
[2025-09-25 00:12:44,296] [INFO] Recommendations cog initialized with persistent cache system
[2025-09-25 00:15:28,201] [INFO] Saving recommendation caches before cog unload...
[2025-09-25 00:15:28,203] [INFO] Recommendation caches saved successfully
[2025-09-25 00:15:29,393] [INFO] Loaded 20 valid cache entries from persistent storage
[2025-09-25 00:15:29,394] [INFO] Loaded 22 popular titles from persistent storage
[2025-09-25 00:15:29,395] [INFO] Recommendations cog initialized with persistent cache system
[2025-09-25 00:18:50,178] [INFO] Saving recommendation caches before cog unload...
[2025-09-25 00:18:50,180] [INFO] Recommendation caches saved successfully
[2025-09-25 00:18:51,177] [INFO] Loaded 20 valid cache entries from persistent storage
[2025-09-25 00:18:51,178] [INFO] Loaded 22 popular titles from persistent storage
[2025-09-25 00:18:51,179] [INFO] Recommendations cog initialized with persistent cache system
[2025-09-25 00:59:51,139] [INFO] Saving recommendation caches before cog unload...
[2025-09-25 00:59:51,142] [INFO] Recommendation caches saved successfully
[2025-09-25 01:12:34,994] [INFO] Loaded 20 valid cache entries from persistent storage
[2025-09-25 01:12:34,994] [INFO] Loaded 22 popular titles from persistent storage
[2025-09-25 01:12:34,995] [INFO] Recommendations cog initialized with persistent cache system
[2025-09-25 02:17:20,939] [INFO] Checking AniList username: 'kyerstorm' for kyerstorm
[2025-09-25 02:23:00,137] [INFO] Saving recommendation caches before cog unload...
[2025-09-25 02:23:00,139] [INFO] Recommendation caches saved successfully
[2025-09-25 02:23:00,174] [INFO] Recommendations cog initialized with persistent cache system
[2025-09-25 02:23:00,176] [INFO] Saving recommendation caches before cog unload...
[2025-09-25 02:23:00,178] [INFO] Recommendation caches saved successfully
[2025-09-25 02:23:43,023] [INFO] Loaded 20 valid cache entries from persistent storage
[2025-09-25 02:23:43,024] [INFO] Loaded 22 popular titles from persistent storage
[2025-09-25 02:23:43,024] [INFO] Recommendations cog initialized with persistent cache system
[2025-09-25 02:24:11,225] [INFO] Saving recommendation caches before cog unload...
[2025-09-25 02:24:11,227] [INFO] Recommendation caches saved successfully
[2025-09-25 02:24:11,269] [INFO] Loaded 20 valid cache entries from persistent storage
[2025-09-25 02:24:11,270] [INFO] Loaded 22 popular titles from persistent storage
[2025-09-25 02:24:11,271] [INFO] Recommendations cog initialized with persistent cache system
[2025-09-25 02:51:50,970] [INFO] Saving recommendation caches before cog unload...
[2025-09-25 02:51:50,972] [INFO] Recommendation caches saved successfully
[2025-09-25 02:51:52,003] [INFO] Loaded 20 valid cache entries from persistent storage
[2025-09-25 02:51:52,009] [INFO] Loaded 22 popular titles from persistent storage
[2025-09-25 02:51:52,009] [INFO] Recommendations cog initialized with persistent cache system
[2025-09-25 02:56:25,382] [INFO] Saving recommendation caches before cog unload...
[2025-09-25 02:56:25,384] [INFO] Recommendation caches saved successfully
[2025-09-25 02:56:26,407] [INFO] Loaded 20 valid cache entries from persistent storage
[2025-09-25 02:56:26,408] [INFO] Loaded 22 popular titles from persistent storage
[2025-09-25 02:56:26,409] [INFO] Recommendations cog initialized with persistent cache system
[2025-09-25 03:01:08,795] [INFO] Saving recommendation caches before cog unload...
[2025-09-25 03:01:08,797] [INFO] Recommendation caches saved successfully
[2025-09-25 03:06:06,476] [INFO] Loaded 20 valid cache entries from persistent storage
[2025-09-25 03:06:06,477] [INFO] Loaded 22 popular titles from persistent storage
[2025-09-25 03:06:06,477] [INFO] Recommendations cog initialized with persistent cache system
[2025-09-25 03:07:19,319] [INFO] Saving recommendation caches before cog unload...
[2025-09-25 03:07:19,322] [INFO] Recommendation caches saved successfully
[2025-09-25 03:07:47,094] [INFO] Loaded 20 valid cache entries from persistent storage
[2025-09-25 03:07:47,095] [INFO] Loaded 22 popular titles from persistent storage
[2025-09-25 03:07:47,096] [INFO] Recommendations cog initialized with persistent cache system
[2025-09-25 03:08:18,537] [INFO] Saving recommendation caches before cog unload...
[2025-09-25 03:08:18,540] [INFO] Recommendation caches saved successfully
[2025-09-25 03:09:12,561] [INFO] Loaded 20 valid cache entries from persistent storage
[2025-09-25 03:09:12,562] [INFO] Loaded 22 popular titles from persistent storage
[2025-09-25 03:09:12,563] [INFO] Recommendations cog initialized with persistent cache system
[2025-09-25 03:09:40,069] [INFO] Saving recommendation caches before cog unload...
[2025-09-25 03:09:40,071] [INFO] Recommendation caches saved successfully
[2025-09-25 03:10:28,044] [INFO] Loaded 20 valid cache entries from persistent storage
[2025-09-25 03:10:28,045] [INFO] Loaded 22 popular titles from persistent storage
[2025-09-25 03:10:28,046] [INFO] Recommendations cog initialized with persistent cache system
[2025-09-25 03:27:53,487] [INFO] Saving recommendation caches before cog unload...
[2025-09-25 03:27:53,489] [INFO] Recommendation caches saved successfully
[2025-09-25 03:27:53,521] [INFO] Loaded 20 valid cache entries from persistent storage
[2025-09-25 03:27:53,522] [INFO] Loaded 22 popular titles from persistent storage
[2025-09-25 03:27:53,522] [INFO] Recommendations cog initialized with persistent cache system
[2025-09-25 03:34:07,661] [INFO] Saving recommendation caches before cog unload...
[2025-09-25 03:34:07,664] [INFO] Recommendation caches saved successfully
[2025-09-25 03:34:07,703] [INFO] File handler already exists, skipping addition.
[2025-09-25 03:34:07,704] [INFO] Loaded 20 valid cache entries from persistent storage
[2025-09-25 03:34:07,705] [INFO] Loaded 22 popular titles from persistent storage
[2025-09-25 03:34:07,706] [INFO] Recommendations cog initialized with persistent cache system
[2025-09-25 03:35:24,650] [INFO] File handler added for logging.
[2025-09-25 03:35:24,651] [INFO] Loaded 20 valid cache entries from persistent storage
[2025-09-25 03:35:24,651] [INFO] Loaded 22 popular titles from persistent storage
[2025-09-25 03:35:24,652] [INFO] Recommendations cog initialized with persistent cache system
[2025-09-25 03:36:03,644] [INFO] Saving recommendation caches before cog unload...
[2025-09-25 03:36:03,647] [INFO] Recommendation caches saved successfully
[2025-09-25 03:42:44,645] [INFO] File handler added for logging.
[2025-09-25 03:42:44,647] [INFO] Loaded 20 valid cache entries from persistent storage
[2025-09-25 03:42:44,648] [INFO] Loaded 22 popular titles from persistent storage
[2025-09-25 03:42:44,648] [INFO] Recommendations cog initialized with persistent cache system
[2025-09-25 03:42:53,805] [INFO] Saving recommendation caches before cog unload...
[2025-09-25 03:42:53,807] [INFO] Recommendation caches saved successfully
[2025-09-25 03:43:07,970] [INFO] Saving recommendation caches before cog unload...
[2025-09-25 03:43:07,972] [INFO] Recommendation caches saved successfully
[2025-09-25 03:44:22,579] [INFO] File handler added for logging.
[2025-09-25 03:44:22,579] [INFO] Loaded 20 valid cache entries from persistent storage
[2025-09-25 03:44:22,579] [INFO] Loaded 22 popular titles from persistent storage
[2025-09-25 03:44:22,580] [INFO] Recommendations cog initialized with persistent cache system
[2025-09-25 03:44:41,815] [INFO] Saving recommendation caches before cog unload...
[2025-09-25 03:44:41,818] [INFO] Recommendation caches saved successfully
[2025-09-25 03:45:12,958] [INFO] File handler added for logging.
[2025-09-25 03:45:12,959] [INFO] Loaded 20 valid cache entries from persistent storage
[2025-09-25 03:45:12,960] [INFO] Loaded 22 popular titles from persistent storage
[2025-09-25 03:45:12,961] [INFO] Recommendations cog initialized with persistent cache system
[2025-09-25 03:45:30,424] [INFO] Saving recommendation caches before cog unload...
[2025-09-25 03:45:30,427] [INFO] Recommendation caches saved successfully
[2025-09-25 03:48:22,286] [INFO] File handler added for logging.
[2025-09-25 03:48:22,288] [INFO] Loaded 20 valid cache entries from persistent storage
[2025-09-25 03:48:22,289] [INFO] Loaded 22 popular titles from persistent storage
[2025-09-25 03:48:22,289] [INFO] Recommendations cog initialized with persistent cache system
[2025-09-25 03:48:32,050] [INFO] Saving recommendation caches before cog unload...
[2025-09-25 03:48:32,052] [INFO] Recommendation caches saved successfully
[2025-09-25 04:02:04,563] [INFO] File handler added for logging.
[2025-09-25 04:02:04,563] [INFO] Loaded 20 valid cache entries from persistent storage
[2025-09-25 04:02:04,564] [INFO] Loaded 22 popular titles from persistent storage
[2025-09-25 04:02:04,564] [INFO] Recommendations cog initialized with persistent cache system
[2025-09-25 04:02:24,461] [INFO] Saving recommendation caches before cog unload...
[2025-09-25 04:02:24,463] [INFO] Recommendation caches saved successfully
[2025-09-25 04:07:21,708] [INFO] File handler added for logging.
[2025-09-25 04:07:21,710] [INFO] Loaded 20 valid cache entries from persistent storage
[2025-09-25 04:07:21,711] [INFO] Loaded 22 popular titles from persistent storage
[2025-09-25 04:07:21,711] [INFO] Recommendations cog initialized with persistent cache system
[2025-09-25 04:07:39,273] [INFO] Saving recommendation caches before cog unload...
[2025-09-25 04:07:39,275] [INFO] Recommendation caches saved successfully
[2025-09-25 04:10:56,503] [INFO] File handler added for logging.
[2025-09-25 04:10:56,504] [INFO] Loaded 20 valid cache entries from persistent storage
[2025-09-25 04:10:56,505] [INFO] Loaded 22 popular titles from persistent storage
[2025-09-25 04:10:56,506] [INFO] Recommendations cog initialized with persistent cache system
[2025-09-25 04:13:30,025] [INFO] Saving recommendation caches before cog unload...
[2025-09-25 04:13:30,028] [INFO] Recommendation caches saved successfully
[2025-09-25 13:04:56,017] [INFO] File handler added for logging.
[2025-09-25 13:04:56,028] [INFO] Loaded 20 valid cache entries from persistent storage
[2025-09-25 13:04:56,033] [INFO] Loaded 22 popular titles from persistent storage
[2025-09-25 13:04:56,034] [INFO] Recommendations cog initialized with persistent cache system
[2025-09-25 13:05:32,092] [INFO] Saving recommendation caches before cog unload...
[2025-09-25 13:05:32,095] [INFO] Recommendation caches saved successfully
[2025-09-25 13:05:42,576] [INFO] File handler added for logging.
[2025-09-25 13:05:42,577] [INFO] Loaded 20 valid cache entries from persistent storage
[2025-09-25 13:05:42,578] [INFO] Loaded 22 popular titles from persistent storage
[2025-09-25 13:05:42,578] [INFO] Recommendations cog initialized with persistent cache system
[2025-09-25 13:07:12,493] [INFO] Saving recommendation caches before cog unload...
[2025-09-25 13:07:12,495] [INFO] Recommendation caches saved successfully
[2025-09-25 13:09:47,940] [INFO] File handler added for logging.
[2025-09-25 13:09:47,941] [INFO] Loaded 20 valid cache entries from persistent storage
[2025-09-25 13:09:47,942] [INFO] Loaded 22 popular titles from persistent storage
[2025-09-25 13:09:47,942] [INFO] Recommendations cog initialized with persistent cache system
[2025-09-25 13:31:38,217] [INFO] Saving recommendation caches before cog unload...
[2025-09-25 13:31:38,219] [INFO] Recommendation caches saved successfully
[2025-09-25 13:31:39,248] [INFO] File handler added for logging.
[2025-09-25 13:31:39,250] [INFO] Loaded 20 valid cache entries from persistent storage
[2025-09-25 13:31:39,251] [INFO] Loaded 22 popular titles from persistent storage
[2025-09-25 13:31:39,251] [INFO] Recommendations cog initialized with persistent cache system
[2025-09-25 13:37:32,163] [INFO] Saving recommendation caches before cog unload...
[2025-09-25 13:37:32,166] [INFO] Recommendation caches saved successfully
[2025-09-25 13:37:33,167] [INFO] File handler added for logging.
[2025-09-25 13:37:33,169] [INFO] Loaded 20 valid cache entries from persistent storage
[2025-09-25 13:37:33,170] [INFO] Loaded 22 popular titles from persistent storage
[2025-09-25 13:37:33,171] [INFO] Recommendations cog initialized with persistent cache system
[2025-09-25 13:41:20,960] [INFO] Saving recommendation caches before cog unload...
[2025-09-25 13:41:20,962] [INFO] Recommendation caches saved successfully
[2025-09-25 13:41:21,967] [INFO] File handler added for logging.
[2025-09-25 13:41:21,969] [INFO] Loaded 20 valid cache entries from persistent storage
[2025-09-25 13:41:21,969] [INFO] Loaded 22 popular titles from persistent storage
[2025-09-25 13:41:21,970] [INFO] Recommendations cog initialized with persistent cache system
[2025-09-25 18:18:56,113] [INFO] Recommendations command invoked for Discord user kyerstorm -> AniList 'Kyerstorm'
[2025-09-25 18:18:56,113] [INFO] Fetching MediaListCollection for AniList user 'Kyerstorm'
[2025-09-25 18:19:07,662] [INFO] Fetched 1787 entries for 'Kyerstorm' (raw entries: 1787, with recommendations: 1550)
[2025-09-25 18:19:07,671] [INFO] Total entries received from AniList for 'Kyerstorm': 1787
[2025-09-25 18:19:07,675] [INFO] User 'Kyerstorm' has 1485 titles on their list (includes Planning).
[2025-09-25 18:19:07,681] [INFO] Selected top 100 rated entries (by normalized score) out of 1722 scored entries.
[2025-09-25 18:19:07,681] [INFO] Using 100 high-rated entries (>= 8.0) out of 100 top entries
[2025-09-25 18:19:07,684] [INFO] Considered 680 recommendation entries across top 100 high-rated titles.
[2025-09-25 18:19:07,684] [INFO] Unique recommended titles after excluding user's list: 293
[2025-09-25 18:19:07,684] [INFO] Stage 1 - Occurrence filter: 66 candidates with >= 3 occurrences
[2025-09-25 18:19:07,685] [INFO] Stage 2 - Limited to top 50 by occurrence count: 50 candidates
[2025-09-25 18:19:07,685] [INFO] Stage 3 - Country-balanced sampling: 19 final candidates
[2025-09-25 18:19:07,685] [INFO] Cache performance: 0 cached, 19 need API calls
[2025-09-25 18:19:07,685] [INFO] Fetching global recommendation totals for 19 candidates (batch_size=2, interval=3.0s).
[2025-09-25 18:19:36,710] [INFO] Fetched global rec totals for 18 candidates (requested 19). Rate-limited/exhausted hits may be reflected as 0 totals.
[2025-09-25 18:19:36,713] [INFO] Top recommendations (top 10):
[2025-09-25 18:19:36,714] [INFO] #1: Fruits Basket (id=30102) — Votes: 108, occurrences: 7
[2025-09-25 18:19:36,714] [INFO] #2: Kubo Won't Let Me Be Invisible (id=112981) — Votes: 87, occurrences: 7
[2025-09-25 18:19:36,714] [INFO] #3: The Dangers in My Heart (id=101557) — Votes: 74, occurrences: 7
[2025-09-25 18:19:36,716] [INFO] #4: A Silent Voice (id=85135) — Votes: 72, occurrences: 7
[2025-09-25 18:19:36,717] [INFO] #5: Blue Box (id=132182) — Votes: 48, occurrences: 7
[2025-09-25 18:19:36,717] [INFO] #6: Love, That's an Understatement (id=136943) — Votes: 37, occurrences: 7
[2025-09-25 18:19:36,717] [INFO] #7: Senryuu Shoujo (id=99183) — Votes: 31, occurrences: 7
[2025-09-25 18:19:36,717] [INFO] #8: Kono Oto Tomare! (id=75143) — Votes: 29, occurrences: 7
[2025-09-25 18:19:36,718] [INFO] #9: The Advanced Player of the Tutorial Tower (id=119276) — Votes: 29, occurrences: 4
[2025-09-25 18:19:36,718] [INFO] #10: The Celestial Returned from Hell (id=132457) — Votes: 25, occurrences: 4
[2025-09-25 18:19:36,718] [INFO] Top sizes -> Manga: 10, Manhwa: 10, Manhua: 9
[2025-09-25 18:19:36,718] [INFO] Created recommendation data -> Manga: 10, Manhwa: 10, Manhua: 9
[2025-09-25 23:39:32,390] [INFO] Saving recommendation caches before cog unload...
[2025-09-25 23:39:32,401] [INFO] Recommendation caches saved successfully
[2025-09-27 04:36:34,440] [INFO] File handler added for logging.
[2025-09-27 04:36:34,440] [INFO] Loaded 0 valid cache entries from persistent storage
[2025-09-27 04:36:34,441] [INFO] Loaded 22 popular titles from persistent storage
[2025-09-27 04:36:34,441] [INFO] Recommendations cog initialized with persistent cache system
[2025-09-27 04:38:49,540] [INFO] Saving recommendation caches before cog unload...
[2025-09-27 04:38:49,542] [INFO] Recommendation caches saved successfully
[2025-09-27 04:39:29,158] [INFO] File handler added for logging.
[2025-09-27 04:39:29,159] [INFO] Loaded 0 valid cache entries from persistent storage
[2025-09-27 04:39:29,160] [INFO] Loaded 22 popular titles from persistent storage
[2025-09-27 04:39:29,160] [INFO] Recommendations cog initialized with persistent cache system
[2025-09-27 04:42:32,275] [INFO] Saving recommendation caches before cog unload...
[2025-09-27 04:42:32,277] [INFO] Recommendation caches saved successfully
[2025-09-27 04:42:33,414] [INFO] File handler added for logging.
[2025-09-27 04:42:33,414] [INFO] Loaded 0 valid cache entries from persistent storage
[2025-09-27 04:42:33,416] [INFO] Loaded 22 popular titles from persistent storage
[2025-09-27 04:42:33,416] [INFO] Recommendations cog initialized with persistent cache system
[2025-09-27 04:46:51,632] [INFO] File handler added for logging.
[2025-09-27 04:46:51,632] [INFO] Loaded 0 valid cache entries from persistent storage
[2025-09-27 04:46:51,632] [INFO] Loaded 22 popular titles from persistent storage
[2025-09-27 04:46:51,633] [INFO] Recommendations cog initialized with persistent cache system
[2025-09-27 05:02:42,579] [INFO] Saving recommendation caches before cog unload...
[2025-09-27 05:02:42,581] [INFO] Recommendation caches saved successfully
[2025-09-27 05:08:03,580] [INFO] File handler added for logging.
[2025-09-27 05:08:03,580] [INFO] Loaded 0 valid cache entries from persistent storage
[2025-09-27 05:08:03,582] [INFO] Loaded 22 popular titles from persistent storage
[2025-09-27 05:08:55,398] [INFO] File handler added for logging.
[2025-09-27 05:08:55,399] [INFO] Loaded 0 valid cache entries from persistent storage
[2025-09-27 05:08:55,399] [INFO] Loaded 22 popular titles from persistent storage
[2025-09-27 05:08:55,400] [INFO] Recommendations cog initialized with persistent cache system
[2025-09-27 05:30:15,930] [INFO] Saving recommendation caches before cog unload...
[2025-09-27 05:30:15,932] [INFO] Recommendation caches saved successfully
[2025-09-27 05:45:49,116] [INFO] File handler added for logging.
[2025-09-27 05:45:49,117] [INFO] Loaded 0 valid cache entries from persistent storage
[2025-09-27 05:45:49,117] [INFO] Loaded 22 popular titles from persistent storage
[2025-09-27 05:45:49,118] [INFO] Recommendations cog initialized with persistent cache system
[2025-09-27 05:45:49,264] [INFO] Saving recommendation caches before cog unload...
[2025-09-27 05:45:49,266] [INFO] Recommendation caches saved successfully
[2025-09-27 05:46:18,676] [INFO] File handler added for logging.
[2025-09-27 05:46:18,677] [INFO] Loaded 0 valid cache entries from persistent storage
[2025-09-27 05:46:18,678] [INFO] Loaded 22 popular titles from persistent storage
[2025-09-27 05:46:18,679] [INFO] Recommendations cog initialized with persistent cache system
[2025-09-27 05:46:18,886] [INFO] Saving recommendation caches before cog unload...
[2025-09-27 05:46:18,889] [INFO] Recommendation caches saved successfully
[2025-09-27 05:46:38,365] [INFO] File handler added for logging.
[2025-09-27 05:46:38,366] [INFO] Loaded 0 valid cache entries from persistent storage
[2025-09-27 05:46:38,367] [INFO] Loaded 22 popular titles from persistent storage
[2025-09-27 05:46:38,367] [INFO] Recommendations cog initialized with persistent cache system
[2025-09-27 05:46:38,552] [INFO] Saving recommendation caches before cog unload...
[2025-09-27 05:46:38,554] [INFO] Recommendation caches saved successfully
[2025-09-27 05:50:11,864] [INFO] File handler added for logging.
[2025-09-27 05:50:11,864] [INFO] Loaded 0 valid cache entries from persistent storage
[2025-09-27 05:50:11,865] [INFO] Loaded 22 popular titles from persistent storage
[2025-09-27 05:50:11,866] [INFO] Recommendations cog initialized with persistent cache system
[2025-09-27 05:50:12,003] [INFO] Saving recommendation caches before cog unload...
[2025-09-27 05:50:12,005] [INFO] Recommendation caches saved successfully
[2025-09-27 05:56:39,166] [INFO] File handler added for logging.
[2025-09-27 05:56:39,167] [INFO] Loaded 0 valid cache entries from persistent storage
[2025-09-27 05:56:39,168] [INFO] Loaded 22 popular titles from persistent storage
[2025-09-27 05:56:39,169] [INFO] Recommendations cog initialized with persistent cache system
[2025-09-27 05:56:39,298] [INFO] Saving recommendation caches before cog unload...
[2025-09-27 05:56:39,300] [INFO] Recommendation caches saved successfully
[2025-09-27 05:58:37,516] [INFO] File handler added for logging.
[2025-09-27 05:58:37,516] [INFO] Loaded 0 valid cache entries from persistent storage
[2025-09-27 05:58:37,517] [INFO] Loaded 22 popular titles from persistent storage
[2025-09-27 05:58:37,518] [INFO] Recommendations cog initialized with persistent cache system
[2025-09-27 05:58:37,664] [INFO] Saving recommendation caches before cog unload...
[2025-09-27 05:58:37,666] [INFO] Recommendation caches saved successfully
[2025-09-27 14:14:55,649] [INFO] File handler added for logging.
[2025-09-27 14:14:55,650] [INFO] Loaded 0 valid cache entries from persistent storage
[2025-09-27 14:14:55,658] [INFO] Loaded 22 popular titles from persistent storage
[2025-09-27 14:14:55,658] [INFO] Recommendations cog initialized with persistent cache system
[2025-09-27 14:14:55,914] [INFO] Saving recommendation caches before cog unload...
[2025-09-27 14:14:55,916] [INFO] Recommendation caches saved successfully
[2025-09-27 14:20:35,990] [INFO] File handler added for logging.
[2025-09-27 14:20:35,990] [INFO] Loaded 0 valid cache entries from persistent storage
[2025-09-27 14:20:35,991] [INFO] Loaded 22 popular titles from persistent storage
[2025-09-27 14:20:35,992] [INFO] Recommendations cog initialized with persistent cache system
[2025-09-27 14:20:36,145] [INFO] Saving recommendation caches before cog unload...
[2025-09-27 14:20:36,147] [INFO] Recommendation caches saved successfully
[2025-09-27 14:23:25,924] [INFO] File handler added for logging.
[2025-09-27 14:23:25,925] [INFO] Loaded 0 valid cache entries from persistent storage
[2025-09-27 14:23:25,926] [INFO] Loaded 22 popular titles from persistent storage
[2025-09-27 14:23:25,926] [INFO] Recommendations cog initialized with persistent cache system
[2025-09-27 14:23:26,078] [INFO] Saving recommendation caches before cog unload...
[2025-09-27 14:23:26,080] [INFO] Recommendation caches saved successfully
[2025-09-28 13:36:21,608] [INFO] File handler added for logging.
[2025-09-28 13:36:21,609] [INFO] Loaded 0 valid cache entries from persistent storage
[2025-09-28 13:36:21,615] [INFO] Loaded 22 popular titles from persistent storage
[2025-09-28 13:36:21,616] [INFO] Recommendations cog initialized with persistent cache system
[2025-09-28 13:39:52,365] [INFO] Saving recommendation caches before cog unload...
[2025-09-28 13:39:52,368] [INFO] Recommendation caches saved successfully
[2025-09-28 13:39:53,477] [INFO] File handler added for logging.
[2025-09-28 13:39:53,478] [INFO] Loaded 0 valid cache entries from persistent storage
[2025-09-28 13:39:53,479] [INFO] Loaded 22 popular titles from persistent storage
[2025-09-28 13:39:53,479] [INFO] Recommendations cog initialized with persistent cache system
[2025-09-28 13:42:41,257] [INFO] Saving recommendation caches before cog unload...
[2025-09-28 13:42:41,259] [INFO] Recommendation caches saved successfully
[2025-09-28 13:49:35,354] [INFO] File handler added for logging.
[2025-09-28 13:49:35,355] [INFO] Loaded 0 valid cache entries from persistent storage
[2025-09-28 13:49:35,356] [INFO] Loaded 22 popular titles from persistent storage
[2025-09-28 13:49:35,356] [INFO] Recommendations cog initialized with persistent cache system
[2025-09-28 13:51:35,706] [INFO] Saving recommendation caches before cog unload...
[2025-09-28 13:51:35,709] [INFO] Recommendation caches saved successfully
[2025-09-28 13:51:38,884] [INFO] File handler added for logging.
[2025-09-28 13:51:38,885] [INFO] Loaded 0 valid cache entries from persistent storage
[2025-09-28 13:51:38,886] [INFO] Loaded 22 popular titles from persistent storage
[2025-09-28 13:51:38,887] [INFO] Recommendations cog initialized with persistent cache system
[2025-09-28 13:52:26,545] [INFO] Saving recommendation caches before cog unload...
[2025-09-28 13:52:26,547] [INFO] Recommendation caches saved successfully
[2025-09-28 13:52:27,642] [INFO] File handler added for logging.
[2025-09-28 13:52:27,643] [INFO] Loaded 0 valid cache entries from persistent storage
[2025-09-28 13:52:27,643] [INFO] Loaded 22 popular titles from persistent storage
[2025-09-28 13:52:27,644] [INFO] Recommendations cog initialized with persistent cache system
[2025-09-28 13:54:36,120] [INFO] Saving recommendation caches before cog unload...
[2025-09-28 13:54:36,122] [INFO] Recommendation caches saved successfully
[2025-09-28 13:54:37,712] [INFO] File handler added for logging.
[2025-09-28 13:54:37,713] [INFO] Loaded 0 valid cache entries from persistent storage
[2025-09-28 13:54:37,714] [INFO] Loaded 22 popular titles from persistent storage
[2025-09-28 13:54:37,715] [INFO] Recommendations cog initialized with persistent cache system
[2025-09-28 13:57:15,432] [INFO] Saving recommendation caches before cog unload...
[2025-09-28 13:57:15,434] [INFO] Recommendation caches saved successfully
[2025-09-28 13:57:16,406] [INFO] File handler added for logging.
[2025-09-28 13:57:16,406] [INFO] Loaded 0 valid cache entries from persistent storage
[2025-09-28 13:57:16,408] [INFO] Loaded 22 popular titles from persistent storage
[2025-09-28 13:57:16,408] [INFO] Recommendations cog initialized with persistent cache system
[2025-09-28 14:08:23,696] [INFO] Saving recommendation caches before cog unload...
[2025-09-28 14:08:23,698] [INFO] Recommendation caches saved successfully
[2025-09-28 14:09:01,829] [INFO] File handler added for logging.
[2025-09-28 14:09:01,830] [INFO] Loaded 0 valid cache entries from persistent storage
[2025-09-28 14:09:01,831] [INFO] Loaded 22 popular titles from persistent storage
[2025-09-28 14:09:01,831] [INFO] Recommendations cog initialized with persistent cache system
[2025-09-28 14:18:31,667] [INFO] Saving recommendation caches before cog unload...
[2025-09-28 14:18:31,669] [INFO] Recommendation caches saved successfully
[2025-09-28 14:20:30,969] [INFO] File handler added for logging.
[2025-09-28 14:20:30,970] [INFO] Loaded 0 valid cache entries from persistent storage
[2025-09-28 14:20:30,971] [INFO] Loaded 22 popular titles from persistent storage
[2025-09-28 14:20:30,972] [INFO] Recommendations cog initialized with persistent cache system
[2025-09-28 14:37:24,882] [INFO] Saving recommendation caches before cog unload...
[2025-09-28 14:37:24,885] [INFO] Recommendation caches saved successfully
[2025-09-28 14:40:15,455] [INFO] File handler added for logging.
[2025-09-28 14:40:15,455] [INFO] Loaded 0 valid cache entries from persistent storage
[2025-09-28 14:40:15,456] [INFO] Loaded 22 popular titles from persistent storage
[2025-09-28 14:40:15,457] [INFO] Recommendations cog initialized with persistent cache system
[2025-09-28 14:40:15,592] [INFO] Saving recommendation caches before cog unload...
[2025-09-28 14:40:15,595] [INFO] Recommendation caches saved successfully
[2025-09-28 14:49:43,276] [INFO] File handler added for logging.
[2025-09-28 14:49:43,277] [INFO] Loaded 0 valid cache entries from persistent storage
[2025-09-28 14:49:43,278] [INFO] Loaded 22 popular titles from persistent storage
[2025-09-28 14:49:43,278] [INFO] Recommendations cog initialized with persistent cache system
[2025-09-28 14:50:15,810] [INFO] Saving recommendation caches before cog unload...
[2025-09-28 14:50:15,813] [INFO] Recommendation caches saved successfully
[2025-09-28 14:50:53,169] [INFO] File handler added for logging.
[2025-09-28 14:50:53,169] [INFO] Loaded 0 valid cache entries from persistent storage
[2025-09-28 14:50:53,170] [INFO] Loaded 22 popular titles from persistent storage
[2025-09-28 14:50:53,171] [INFO] Recommendations cog initialized with persistent cache system
[2025-09-28 14:52:46,341] [INFO] File handler added for logging.
[2025-09-28 14:52:46,342] [INFO] Loaded 0 valid cache entries from persistent storage
[2025-09-28 14:52:46,342] [INFO] Loaded 22 popular titles from persistent storage
[2025-09-28 14:52:46,342] [INFO] Recommendations cog initialized with persistent cache system
[2025-09-28 14:55:57,968] [INFO] File handler added for logging.
[2025-09-28 14:55:57,968] [INFO] Loaded 0 valid cache entries from persistent storage
[2025-09-28 14:55:57,969] [INFO] Loaded 22 popular titles from persistent storage
[2025-09-28 14:55:57,969] [INFO] Recommendations cog initialized with persistent cache system
[2025-09-28 14:56:35,216] [INFO] Saving recommendation caches before cog unload...
[2025-09-28 14:56:35,219] [INFO] Recommendation caches saved successfully
[2025-09-28 14:58:35,924] [INFO] File handler added for logging.
[2025-09-28 14:58:35,925] [INFO] Loaded 0 valid cache entries from persistent storage
[2025-09-28 14:58:35,926] [INFO] Loaded 22 popular titles from persistent storage
[2025-09-28 14:58:35,927] [INFO] Recommendations cog initialized with persistent cache system
[2025-09-28 14:59:02,974] [INFO] Saving recommendation caches before cog unload...
[2025-09-28 14:59:02,976] [INFO] Recommendation caches saved successfully
[2025-09-28 15:00:50,325] [INFO] File handler added for logging.
[2025-09-28 15:00:50,325] [INFO] Loaded 0 valid cache entries from persistent storage
[2025-09-28 15:00:50,326] [INFO] Loaded 22 popular titles from persistent storage
[2025-09-28 15:00:50,327] [INFO] Recommendations cog initialized with persistent cache system
[2025-09-28 15:01:16,545] [INFO] Saving recommendation caches before cog unload...
[2025-09-28 15:01:16,547] [INFO] Recommendation caches saved successfully
[2025-09-28 15:03:00,909] [INFO] File handler added for logging.
[2025-09-28 15:03:00,910] [INFO] Loaded 0 valid cache entries from persistent storage
[2025-09-28 15:03:00,911] [INFO] Loaded 22 popular titles from persistent storage
[2025-09-28 15:03:00,911] [INFO] Recommendations cog initialized with persistent cache system
[2025-09-28 15:04:18,468] [INFO] File handler added for logging.
[2025-09-28 15:04:18,469] [INFO] Loaded 0 valid cache entries from persistent storage
[2025-09-28 15:04:18,469] [INFO] Loaded 22 popular titles from persistent storage
[2025-09-28 15:04:18,470] [INFO] Recommendations cog initialized with persistent cache system
[2025-09-28 15:15:12,691] [INFO] Saving recommendation caches before cog unload...
[2025-09-28 15:15:12,693] [INFO] Recommendation caches saved successfully
[2025-09-28 15:19:33,837] [INFO] File handler added for logging.
[2025-09-28 15:19:33,838] [INFO] Loaded 0 valid cache entries from persistent storage
[2025-09-28 15:19:33,839] [INFO] Loaded 22 popular titles from persistent storage
[2025-09-28 15:19:33,840] [INFO] Recommendations cog initialized with persistent cache system
[2025-09-28 15:34:58,944] [INFO] Saving recommendation caches before cog unload...
[2025-09-28 15:34:58,946] [INFO] Recommendation caches saved successfully
[2025-09-28 15:35:15,689] [INFO] File handler added for logging.
[2025-09-28 15:35:15,690] [INFO] Loaded 0 valid cache entries from persistent storage
[2025-09-28 15:35:15,691] [INFO] Loaded 22 popular titles from persistent storage
[2025-09-28 15:35:15,691] [INFO] Recommendations cog initialized with persistent cache system
[2025-09-28 15:35:44,910] [INFO] Saving recommendation caches before cog unload...
[2025-09-28 15:35:44,911] [INFO] Recommendation caches saved successfully
[2025-09-28 15:36:20,189] [INFO] File handler added for logging.
[2025-09-28 15:36:20,190] [INFO] Loaded 0 valid cache entries from persistent storage
[2025-09-28 15:36:20,191] [INFO] Loaded 22 popular titles from persistent storage
[2025-09-28 15:36:20,191] [INFO] Recommendations cog initialized with persistent cache system
[2025-09-28 15:58:01,904] [INFO] Saving recommendation caches before cog unload...
[2025-09-28 15:58:01,906] [INFO] Recommendation caches saved successfully
[2025-09-28 15:58:02,869] [INFO] File handler added for logging.
[2025-09-28 15:58:02,870] [INFO] Loaded 0 valid cache entries from persistent storage
[2025-09-28 15:58:02,871] [INFO] Loaded 22 popular titles from persistent storage
[2025-09-28 15:58:02,871] [INFO] Recommendations cog initialized with persistent cache system
[2025-09-28 16:08:04,276] [INFO] Saving recommendation caches before cog unload...
[2025-09-28 16:08:04,278] [INFO] Recommendation caches saved successfully
[2025-09-28 16:08:05,300] [INFO] File handler added for logging.
[2025-09-28 16:08:05,300] [INFO] Loaded 0 valid cache entries from persistent storage
[2025-09-28 16:08:05,301] [INFO] Loaded 22 popular titles from persistent storage
[2025-09-28 16:08:05,302] [INFO] Recommendations cog initialized with persistent cache system
[2025-09-28 16:22:39,347] [INFO] Saving recommendation caches before cog unload...
[2025-09-28 16:22:39,349] [INFO] Recommendation caches saved successfully
[2025-09-28 16:22:39,381] [INFO] File handler already exists, skipping addition.
[2025-09-28 16:22:39,382] [INFO] Loaded 0 valid cache entries from persistent storage
[2025-09-28 16:22:39,383] [INFO] Loaded 22 popular titles from persistent storage
[2025-09-28 16:22:39,384] [INFO] Recommendations cog initialized with persistent cache system
