================================================================================
BOT SERVER INFORMATION - 2025-09-23 17:09:27
================================================================================
Bot User: Lemegeton#5196 (ID: 844560439525638144)
Total Servers: 4
Bot Latency: 112.52ms
--------------------------------------------------------------------------------

[1] SERVER: Apocrypha's Records
     Guild ID: 897814031346319382
     Owner: kyerstorm (ID: 331164413623009281)
     Members: 215
     Created: 2021-10-13
     Channels: 54 text, 12 voice
     Roles: 136
     Features: TIERLESS_BOOSTING_SYSTEM_MESSAGE, PIN_PERMISSION_MIGRATION_COMPLETE, VIDEO_QUALITY_1080_60FPS, ENABLED_MODERATION_EXPERIENCE_FOR_NON_COMMUNITY, TEXT_IN_VOICE_ENABLED, CHANNEL_ICON_EMOJIS_GENERATED, AUDIO_BITRATE_128_KBPS, ANIMATED_ICON, INVITE_SPLASH, GUILD_ONBOARDING_EVER_ENABLED, ROLE_ICONS, GUILD_ONBOARDING, STAGE_CHANNEL_VIEWERS_50, WELCOME_SCREEN_ENABLED, ACTIVITY_FEED_DISABLED_BY_USER, VIDEO_BITRATE_ENHANCED, AUDIO_BITRATE_256_KBPS, MEMBER_VERIFICATION_GATE_ENABLED, GUILD_SERVER_GUIDE, STAGE_CHANNEL_VIEWERS_150, MAX_FILE_SIZE_50_MB, COMMUNITY, TIERLESS_BOOSTING, GUILD_ONBOARDING_HAS_PROMPTS, PREVIEW_ENABLED, SOUNDBOARD, NEWS, BANNER, VIDEO_QUALITY_720_60FPS
     Bot Perms: Admin=True, Manage Server=True, Send Messages=True

[2] SERVER: Heil Sadaharu
     Guild ID: 1013906890608087080
     Owner: friendlysage (ID: 732714046272569354)
     Members: 10
     Created: 2022-08-29
     Channels: 11 text, 3 voice
     Roles: 13
     Features: SOUNDBOARD
     Bot Perms: Admin=False, Manage Server=False, Send Messages=True

[3] SERVER: Rea's Humble Abode
     Guild ID: 1288900941096943616
     Owner: nocturnis_. (ID: 1289332655959048212)
     Members: 18
     Created: 2024-09-26
     Channels: 14 text, 1 voice
     Roles: 20
     Features: COMMUNITY, GUILD_ONBOARDING_EVER_ENABLED, NEWS
     Bot Perms: Admin=True, Manage Server=True, Send Messages=True

[4] SERVER: Otaku Nexus
     Guild ID: 1417205672847736955
     Owner: christheotaku (ID: 1089679920923422761)
     Members: 62
     Created: 2025-09-15
     Channels: 25 text, 2 voice
     Roles: 78
     Features: GUILD_ONBOARDING_HAS_PROMPTS, INVITE_SPLASH, GUILD_SERVER_GUIDE, TIERLESS_BOOSTING, NEWS, ANIMATED_ICON, GUILD_ONBOARDING, COMMUNITY, VIDEO_QUALITY_720_60FPS, VIDEO_BITRATE_ENHANCED, GUILD_ONBOARDING_EVER_ENABLED, STAGE_CHANNEL_VIEWERS_50, AUDIO_BITRATE_128_KBPS
     Bot Perms: Admin=True, Manage Server=True, Send Messages=True

--------------------------------------------------------------------------------
SUMMARY:
Total Servers: 4
Total Members Across All Servers: 305
Average Members per Server: 76.2
================================================================================
