[2025-09-23 21:28:46] [INFO    ] [Steam] Logger 'Steam' initialized with level INFO
[2025-09-23 21:29:01] [INFO    ] [Steam] Logger 'Steam' initialized with level INFO
[2025-09-23 21:29:21] [INFO    ] [Steam] Logger 'Steam' initialized with level INFO
[2025-09-23 21:29:33] [INFO    ] [Steam] Logger 'Steam' initialized with level INFO
[2025-09-23 21:40:58] [INFO    ] [Steam] Logger 'Steam' initialized with level INFO
[2025-09-23 21:45:11] [INFO    ] [Steam] Logger 'Steam' initialized with level INFO
[2025-09-23 21:45:53] [INFO    ] [Steam] Logger 'Steam' initialized with level INFO
[2025-09-23 21:51:48] [INFO    ] [Steam] Logger 'Steam' initialized with level INFO
[2025-09-23 21:56:56] [INFO    ] [Steam] Logger 'Steam' initialized with level INFO
[2025-09-23 21:58:26] [INFO    ] [Steam] Logger 'Steam' initialized with level INFO
[2025-09-23 23:04:33] [INFO    ] [Steam] Logger 'Steam' initialized with level INFO
[2025-09-23 23:10:09] [INFO    ] [Steam] Logger 'Steam' initialized with level INFO
[2025-09-24 21:21:25] [INFO    ] [steam] Steam cog logging initialized
[2025-09-24 21:22:14] [INFO    ] [steam] Steam cog logging initialized
[2025-09-24 21:22:28] [DEBUG   ] [steam] Error getting app details for 379430: Session is closed
[2025-09-24 21:23:10] [INFO    ] [steam] Steam cog logging initialized
[2025-09-24 21:23:35] [INFO    ] [steam] Steam cog logging initialized
[2025-09-24 21:23:37] [INFO    ] [steam] Steam cog logging initialized
[2025-09-24 21:23:39] [INFO    ] [steam] Steam cog logging initialized
[2025-09-24 21:23:41] [INFO    ] [steam] Steam cog logging initialized
[2025-09-24 21:23:43] [INFO    ] [steam] Steam cog logging initialized
[2025-09-24 21:23:45] [INFO    ] [steam] Steam cog logging initialized
[2025-09-24 21:23:47] [INFO    ] [steam] Steam cog logging initialized
[2025-09-24 21:23:49] [INFO    ] [steam] Steam cog logging initialized
[2025-09-24 21:23:51] [INFO    ] [steam] Steam cog logging initialized
[2025-09-24 21:23:53] [INFO    ] [steam] Steam cog logging initialized
[2025-09-24 21:23:55] [INFO    ] [steam] Steam cog logging initialized
[2025-09-24 21:23:57] [INFO    ] [steam] Steam cog logging initialized
[2025-09-24 21:23:59] [INFO    ] [steam] Steam cog logging initialized
[2025-09-24 21:24:01] [INFO    ] [steam] Steam cog logging initialized
[2025-09-24 21:24:03] [INFO    ] [steam] Steam cog logging initialized
[2025-09-24 21:24:05] [INFO    ] [steam] Steam cog logging initialized
[2025-09-24 21:24:07] [INFO    ] [steam] Steam cog logging initialized
[2025-09-24 21:24:09] [INFO    ] [steam] Steam cog logging initialized
[2025-09-24 21:24:12] [INFO    ] [steam] Steam cog logging initialized
[2025-09-24 21:24:14] [INFO    ] [steam] Steam cog logging initialized
[2025-09-24 21:24:16] [INFO    ] [steam] Steam cog logging initialized
[2025-09-24 21:24:18] [INFO    ] [steam] Steam cog logging initialized
[2025-09-24 21:24:20] [INFO    ] [steam] Steam cog logging initialized
[2025-09-24 21:24:22] [INFO    ] [steam] Steam cog logging initialized
[2025-09-24 21:24:24] [INFO    ] [steam] Steam cog logging initialized
[2025-09-24 21:24:26] [INFO    ] [steam] Steam cog logging initialized
[2025-09-24 21:24:28] [INFO    ] [steam] Steam cog logging initialized
[2025-09-24 21:24:30] [INFO    ] [steam] Steam cog logging initialized
[2025-09-24 21:24:32] [INFO    ] [steam] Steam cog logging initialized
[2025-09-24 21:24:40] [INFO    ] [steam] Steam cog logging initialized
[2025-09-24 21:24:42] [INFO    ] [steam] Steam cog logging initialized
[2025-09-24 21:24:44] [INFO    ] [steam] Steam cog logging initialized
[2025-09-24 21:24:47] [INFO    ] [steam] Steam cog logging initialized
[2025-09-24 21:24:49] [INFO    ] [steam] Steam cog logging initialized
[2025-09-24 21:24:51] [INFO    ] [steam] Steam cog logging initialized
[2025-09-24 21:24:53] [INFO    ] [steam] Steam cog logging initialized
[2025-09-24 21:24:55] [INFO    ] [steam] Steam cog logging initialized
[2025-09-24 21:24:57] [INFO    ] [steam] Steam cog logging initialized
[2025-09-24 21:24:59] [INFO    ] [steam] Steam cog logging initialized
[2025-09-24 21:25:01] [INFO    ] [steam] Steam cog logging initialized
[2025-09-24 21:25:03] [INFO    ] [steam] Steam cog logging initialized
[2025-09-24 21:25:05] [INFO    ] [steam] Steam cog logging initialized
[2025-09-24 21:25:07] [INFO    ] [steam] Steam cog logging initialized
[2025-09-24 21:25:09] [INFO    ] [steam] Steam cog logging initialized
[2025-09-24 21:25:11] [INFO    ] [steam] Steam cog logging initialized
[2025-09-24 21:25:13] [INFO    ] [steam] Steam cog logging initialized
[2025-09-24 21:25:15] [INFO    ] [steam] Steam cog logging initialized
[2025-09-24 21:25:17] [INFO    ] [steam] Steam cog logging initialized
[2025-09-24 21:25:23] [INFO    ] [steam] Steam cog logging initialized
[2025-09-24 21:25:56] [DEBUG   ] [steam] Error getting app details for 379430: Session is closed
[2025-09-24 21:27:06] [INFO    ] [steam] Steam cog logging initialized
[2025-09-24 21:27:36] [INFO    ] [steam] Steam cog logging initialized
[2025-09-24 21:27:43] [INFO    ] [steam] Steam cog logging initialized
[2025-09-24 21:28:03] [INFO    ] [steam] Steam cog logging initialized
[2025-09-24 21:28:05] [INFO    ] [steam] Steam cog logging initialized
[2025-09-24 21:28:26] [DEBUG   ] [steam] _get_app_details requesting appid=379430 params={'appids': 379430, 'cc': 'us', 'l': 'en'} headers={'User-Agent': 'Mozilla/5.0 (compatible; LemegetonBot/1.0)', 'Accept-Language': 'en-US,en;q=0.9'}
[2025-09-24 21:28:26] [ERROR   ] [steam] Error getting app details for 379430: Session is closed
Traceback (most recent call last):
  File "C:\Users\benet\OneDrive\Documents\Coding\Projects\Personal Projects\Lemegeton_test\cogs\steam.py", line 1451, in _get_app_details
    async with session.get(url, params=params, headers=headers, timeout=aiohttp.ClientTimeout(total=15)) as resp:
               ~~~~~~~~~~~^^^^^^^^^^^^^^^^^^^^^^^^^^^^^^^^^^^^^^^^^^^^^^^^^^^^^^^^^^^^^^^^^^^^^^^^^^^^^^
  File "C:\Users\benet\OneDrive\Documents\Coding\Projects\Personal Projects\Lemegeton_test\.venv\Lib\site-packages\aiohttp\client.py", line 1488, in __aenter__
    self._resp: _RetType = await self._coro
                           ^^^^^^^^^^^^^^^^
  File "C:\Users\benet\OneDrive\Documents\Coding\Projects\Personal Projects\Lemegeton_test\.venv\Lib\site-packages\aiohttp\client.py", line 527, in _request
    raise RuntimeError("Session is closed")
RuntimeError: Session is closed
[2025-09-24 21:28:26] [WARNING ] [steam] enhanced_callback: failed to load app_data for appid=379430 name=Kingdom Come: Deliverance
[2025-09-24 21:29:24] [INFO    ] [steam] Steam cog logging initialized
[2025-09-24 21:29:36] [INFO    ] [steam] Steam cog logging initialized
[2025-09-24 21:29:48] [DEBUG   ] [steam] enhanced_callback: provided session closed or None for appid=379430; creating temp session
[2025-09-24 21:29:48] [DEBUG   ] [steam] _get_app_details requesting appid=379430 params={'appids': 379430, 'cc': 'us', 'l': 'en'} headers={'User-Agent': 'Mozilla/5.0 (compatible; LemegetonBot/1.0)', 'Accept-Language': 'en-US,en;q=0.9'}
[2025-09-24 21:29:48] [DEBUG   ] [steam] _get_app_details resp.status=200 for appid=379430
[2025-09-24 21:29:48] [DEBUG   ] [steam] _get_app_details found data for 379430: True
[2025-09-24 21:30:07] [DEBUG   ] [steam] enhanced_callback: provided session closed or None for appid=379430; creating temp session
[2025-09-24 21:30:07] [DEBUG   ] [steam] _get_app_details requesting appid=379430 params={'appids': 379430, 'cc': 'us', 'l': 'en'} headers={'User-Agent': 'Mozilla/5.0 (compatible; LemegetonBot/1.0)', 'Accept-Language': 'en-US,en;q=0.9'}
[2025-09-24 21:30:07] [DEBUG   ] [steam] _get_app_details resp.status=200 for appid=379430
[2025-09-24 21:30:07] [DEBUG   ] [steam] _get_app_details found data for 379430: True
[2025-09-24 21:30:22] [DEBUG   ] [steam] enhanced_callback: provided session closed or None for appid=379430; creating temp session
[2025-09-24 21:30:22] [DEBUG   ] [steam] _get_app_details requesting appid=379430 params={'appids': 379430, 'cc': 'us', 'l': 'en'} headers={'User-Agent': 'Mozilla/5.0 (compatible; LemegetonBot/1.0)', 'Accept-Language': 'en-US,en;q=0.9'}
[2025-09-24 21:30:22] [DEBUG   ] [steam] _get_app_details resp.status=200 for appid=379430
[2025-09-24 21:30:22] [DEBUG   ] [steam] _get_app_details found data for 379430: True
[2025-09-24 21:30:57] [INFO    ] [steam] Steam cog logging initialized
[2025-09-24 21:31:18] [DEBUG   ] [steam] enhanced_callback: provided session closed or None for appid=379430; creating temp session
[2025-09-24 21:31:18] [DEBUG   ] [steam] _get_app_details requesting appid=379430 params={'appids': 379430, 'cc': 'us', 'l': 'en'} headers={'User-Agent': 'Mozilla/5.0 (compatible; LemegetonBot/1.0)', 'Accept-Language': 'en-US,en;q=0.9'}
[2025-09-24 21:31:18] [DEBUG   ] [steam] _get_app_details resp.status=200 for appid=379430
[2025-09-24 21:31:18] [DEBUG   ] [steam] _get_app_details found data for 379430: True
[2025-09-24 21:31:18] [ERROR   ] [steam] enhanced_callback: failed to build/send embed for appid=379430 name=Kingdom Come: Deliverance: object of type 'int' has no len()
Traceback (most recent call last):
  File "C:\Users\benet\OneDrive\Documents\Coding\Projects\Personal Projects\Lemegeton_test\cogs\steam.py", line 1530, in enhanced_callback
    embed = await game_view.create_main_embed()
            ^^^^^^^^^^^^^^^^^^^^^^^^^^^^^^^^^^^
  File "C:\Users\benet\OneDrive\Documents\Coding\Projects\Personal Projects\Lemegeton_test\cogs\steam.py", line 2029, in create_main_embed
    achievement_count = len(self.app_data.get("achievements", {}).get("total", 0))
TypeError: object of type 'int' has no len()
[2025-09-24 21:33:38] [INFO    ] [steam] Steam cog logging initialized
[2025-09-24 21:34:27] [INFO    ] [steam] Steam cog logging initialized
[2025-09-24 21:34:36] [DEBUG   ] [steam] enhanced_callback: provided session closed or None for appid=379430; creating temp session
[2025-09-24 21:34:36] [DEBUG   ] [steam] _get_app_details requesting appid=379430 params={'appids': 379430, 'cc': 'us', 'l': 'en'} headers={'User-Agent': 'Mozilla/5.0 (compatible; LemegetonBot/1.0)', 'Accept-Language': 'en-US,en;q=0.9'}
[2025-09-24 21:34:37] [DEBUG   ] [steam] _get_app_details resp.status=200 for appid=379430
[2025-09-24 21:34:37] [DEBUG   ] [steam] _get_app_details found data for 379430: True
[2025-09-24 21:34:39] [DEBUG   ] [steam] enhanced_callback: sent enhanced embed for appid=379430 name=Kingdom Come: Deliverance
[2025-09-24 21:38:03] [INFO    ] [steam] Steam cog logging initialized
[2025-09-24 21:38:27] [DEBUG   ] [steam] enhanced_callback: provided session closed or None for appid=379430; creating temp session
[2025-09-24 21:38:27] [DEBUG   ] [steam] _get_app_details requesting appid=379430 params={'appids': 379430, 'cc': 'us', 'l': 'en'} headers={'User-Agent': 'Mozilla/5.0 (compatible; LemegetonBot/1.0)', 'Accept-Language': 'en-US,en;q=0.9'}
[2025-09-24 21:38:27] [DEBUG   ] [steam] _get_app_details resp.status=200 for appid=379430
[2025-09-24 21:38:27] [DEBUG   ] [steam] _get_app_details found data for 379430: True
[2025-09-24 21:38:28] [DEBUG   ] [steam] enhanced_callback: sent enhanced embed for appid=379430 name=Kingdom Come: Deliverance
[2025-09-24 21:42:57] [INFO    ] [steam] Steam cog logging initialized
[2025-09-24 21:47:25] [INFO    ] [steam] Steam cog logging initialized
[2025-09-24 22:59:01] [INFO    ] [steam] Steam cog logging initialized
[2025-09-24 23:02:20] [INFO    ] [steam] Steam cog logging initialized
[2025-09-24 23:05:07] [INFO    ] [steam] Steam cog logging initialized
[2025-09-24 23:10:40] [INFO    ] [steam] Steam cog logging initialized
[2025-09-24 23:23:06] [INFO    ] [steam] Steam cog logging initialized
[2025-09-24 23:26:55] [INFO    ] [steam] Steam cog logging initialized
[2025-09-24 23:30:06] [INFO    ] [steam] Steam cog logging initialized
[2025-09-24 23:33:28] [INFO    ] [steam] Steam cog logging initialized
[2025-09-24 23:40:55] [INFO    ] [steam] Steam cog logging initialized
[2025-09-24 23:42:52] [INFO    ] [steam] Steam cog logging initialized
[2025-09-24 23:43:31] [INFO    ] [steam] Steam cog logging initialized
[2025-09-24 23:47:46] [INFO    ] [steam] Steam cog logging initialized
[2025-09-24 23:52:30] [INFO    ] [steam] Steam cog logging initialized
[2025-09-24 23:59:23] [INFO    ] [steam] Steam cog logging initialized
[2025-09-25 00:06:03] [INFO    ] [steam] Steam cog logging initialized
[2025-09-25 00:12:44] [INFO    ] [steam] Steam cog logging initialized
[2025-09-25 00:15:29] [INFO    ] [steam] Steam cog logging initialized
[2025-09-25 00:18:51] [INFO    ] [steam] Steam cog logging initialized
[2025-09-25 01:12:35] [INFO    ] [steam] Steam cog logging initialized
[2025-09-25 01:14:32] [INFO    ] [steam] Steam cog logging initialized
[2025-09-25 02:51:52] [INFO    ] [steam] Steam cog logging initialized
[2025-09-25 02:56:26] [INFO    ] [steam] Steam cog logging initialized
[2025-09-25 03:06:06] [INFO    ] [steam] Steam cog logging initialized
[2025-09-25 03:07:47] [INFO    ] [steam] Steam cog logging initialized
[2025-09-25 03:09:12] [INFO    ] [steam] Steam cog logging initialized
[2025-09-25 03:10:28] [INFO    ] [steam] Steam cog logging initialized
[2025-09-25 03:26:52] [INFO    ] [steam] Steam cog logging initialized
[2025-09-25 03:35:24] [INFO    ] [steam] Steam cog logging initialized
[2025-09-25 03:42:44] [INFO    ] [steam] Steam cog logging initialized
[2025-09-25 03:44:22] [INFO    ] [steam] Steam cog logging initialized
[2025-09-25 03:45:13] [INFO    ] [steam] Steam cog logging initialized
[2025-09-25 03:48:22] [INFO    ] [steam] Steam cog logging initialized
[2025-09-25 04:02:04] [INFO    ] [steam] Steam cog logging initialized
[2025-09-25 04:07:21] [INFO    ] [steam] Steam cog logging initialized
[2025-09-25 04:10:56] [INFO    ] [steam] Steam cog logging initialized
