2025-09-21 19:48:56,695 - INFO - TimestampConverter cog initialized
2025-09-21 19:49:55,089 - INFO - TimestampConverter cog initialized
2025-09-21 19:50:49,279 - INFO - TimestampConverter cog initialized
2025-09-21 19:54:35,560 - INFO - TimestampConverter cog initialized
2025-09-21 19:55:42,049 - INFO - TimestampConverter cog initialized
2025-09-21 19:55:47,354 - INFO - TimestampConverter cog initialized
2025-09-21 19:56:14,088 - INFO - Timestamp watching enabled for channel 1409346772488425614 by kyerstorm
2025-09-21 19:56:23,843 - INFO - Auto-converted 1 times for kyerstorm in bot-test
2025-09-21 19:57:34,192 - INFO - TimestampConverter cog initialized
2025-09-21 19:57:42,268 - INFO - TimestampConverter cog initialized
2025-09-21 19:58:08,456 - INFO - TimestampConverter cog initialized
2025-09-21 19:58:42,700 - INFO - TimestampConverter cog initialized
2025-09-21 19:58:58,869 - INFO - TimestampConverter cog initialized
2025-09-21 19:59:15,013 - INFO - TimestampConverter cog initialized
2025-09-21 19:59:37,204 - INFO - TimestampConverter cog initialized
2025-09-21 20:00:05,427 - INFO - TimestampConverter cog initialized
2025-09-21 20:00:35,634 - INFO - TimestampConverter cog initialized
2025-09-21 20:00:45,002 - INFO - TimestampConverter cog initialized
2025-09-21 20:00:57,476 - INFO - Timestamp watching enabled globally by kyerstorm
2025-09-21 20:01:15,100 - INFO - Auto-converted timestamps for kyerstorm in bot-test
2025-09-21 20:02:14,473 - INFO - Auto-converted timestamps for kyerstorm in bot-test
2025-09-21 20:02:24,645 - INFO - Auto-converted timestamps for kyerstorm in bot-test
2025-09-21 20:02:46,193 - INFO - Auto-converted timestamps for kyerstorm in bot-test
2025-09-21 20:04:06,646 - INFO - TimestampConverter cog initialized
2025-09-21 20:04:36,893 - INFO - TimestampConverter cog initialized
2025-09-21 20:05:03,080 - INFO - TimestampConverter cog initialized
2025-09-21 20:05:59,382 - INFO - TimestampConverter cog initialized
2025-09-21 20:06:06,048 - INFO - Timestamp watching enabled globally by kyerstorm
2025-09-21 20:06:15,480 - INFO - Auto-converted timestamps for kyerstorm in bot-test
2025-09-21 20:07:28,150 - INFO - TimestampConverter cog initialized
2025-09-21 20:07:44,263 - INFO - TimestampConverter cog initialized
2025-09-21 20:08:12,451 - INFO - TimestampConverter cog initialized
2025-09-21 20:08:23,064 - INFO - Timestamp watching enabled globally by kyerstorm
2025-09-21 20:08:31,312 - INFO - Auto-converted timestamps for kyerstorm in bot-test
2025-09-21 20:09:10,897 - INFO - TimestampConverter cog initialized
2025-09-21 20:09:20,989 - INFO - TimestampConverter cog initialized
2025-09-21 20:09:53,185 - INFO - TimestampConverter cog initialized
2025-09-21 20:09:55,216 - INFO - TimestampConverter cog initialized
2025-09-21 20:09:57,244 - INFO - TimestampConverter cog initialized
2025-09-21 20:09:59,274 - INFO - TimestampConverter cog initialized
2025-09-21 20:10:01,305 - INFO - TimestampConverter cog initialized
2025-09-21 20:10:37,624 - INFO - TimestampConverter cog initialized
2025-09-21 20:10:47,130 - INFO - Timestamp watching enabled globally by kyerstorm
2025-09-21 20:11:03,284 - INFO - Auto-converted timestamps for kyerstorm in bot-test
2025-09-21 20:12:30,380 - INFO - TimestampConverter cog initialized
2025-09-21 20:13:00,615 - INFO - TimestampConverter cog initialized
2025-09-21 20:13:22,803 - INFO - TimestampConverter cog initialized
2025-09-21 20:14:00,091 - INFO - Timestamp watching enabled globally by kyerstorm
2025-09-21 20:14:10,015 - INFO - Auto-converted timestamps for kyerstorm in bot-test
2025-09-21 20:16:46,166 - INFO - TimestampConverter cog initialized
2025-09-21 20:17:00,260 - INFO - TimestampConverter cog initialized
2025-09-21 20:17:06,320 - INFO - TimestampConverter cog initialized
2025-09-21 20:17:12,946 - INFO - TimestampConverter cog initialized
2025-09-21 20:20:06,158 - INFO - TimestampConverter cog initialized
2025-09-21 20:26:12,810 - INFO - TimestampConverter cog initialized
2025-09-21 20:31:13,803 - INFO - TimestampConverter cog initialized
2025-09-21 20:31:54,364 - INFO - Auto-converted timestamps for kyerstorm in private-bot-test
2025-09-21 20:31:54,751 - ERROR - Error in on_message timestamp detection: 404 Not Found (error code: 10008): Unknown Message
2025-09-21 20:32:36,211 - INFO - Auto-converted timestamps for kyerstorm in private-bot-test
2025-09-21 20:32:36,215 - INFO - Auto-converted timestamps for kyerstorm in private-bot-test
2025-09-21 20:32:51,018 - INFO - Auto-converted timestamps for kyerstorm in bot-test
2025-09-21 20:32:51,045 - INFO - Auto-converted timestamps for kyerstorm in bot-test
2025-09-21 20:33:14,115 - INFO - Auto-converted timestamps for vireon._ in bot-test
2025-09-21 20:33:14,176 - INFO - Auto-converted timestamps for vireon._ in bot-test
2025-09-21 20:33:15,730 - INFO - Auto-converted timestamps for kyerstorm in private-bot-test
2025-09-21 20:33:15,774 - INFO - Auto-converted timestamps for kyerstorm in private-bot-test
2025-09-21 20:33:41,495 - INFO - Auto-converted timestamps for vireon._ in bot-test
2025-09-21 20:33:41,576 - INFO - Auto-converted timestamps for vireon._ in bot-test
2025-09-21 20:34:07,145 - INFO - TimestampConverter cog initialized
2025-09-21 20:34:15,221 - INFO - TimestampConverter cog initialized
2025-09-21 20:34:23,634 - INFO - TimestampConverter cog initialized
2025-09-21 20:34:31,797 - INFO - TimestampConverter cog initialized
2025-09-21 20:34:47,083 - INFO - TimestampConverter cog initialized
2025-09-21 20:35:22,086 - INFO - TimestampConverter cog initialized
2025-09-21 20:38:11,390 - INFO - TimestampConverter cog initialized
2025-09-21 20:44:15,843 - INFO - Auto-converted timestamps for kyerstorm in private-bot-test
2025-09-21 20:44:41,672 - INFO - Auto-converted timestamps for kyerstorm in bot-test
2025-09-21 20:57:09,542 - INFO - Auto-converted timestamps for vireon._ in bot-test
2025-09-21 20:57:42,878 - INFO - Auto-converted timestamps for vireon._ in bot-test
2025-09-21 21:12:12,730 - INFO - Auto-converted timestamps for vireon._ in bot-test
2025-09-21 23:14:50,869 - INFO - TimestampConverter cog initialized
2025-09-22 01:06:24,102 - INFO - TimestampConverter cog initialized
2025-09-22 01:10:04,024 - INFO - TimestampConverter cog initialized
2025-09-22 01:12:03,641 - INFO - TimestampConverter cog initialized
2025-09-22 01:12:59,330 - INFO - TimestampConverter cog initialized
2025-09-22 01:27:00,991 - INFO - TimestampConverter cog initialized
2025-09-22 01:31:30,404 - INFO - TimestampConverter cog initialized
2025-09-22 01:34:32,597 - INFO - TimestampConverter cog initialized
2025-09-22 01:34:43,248 - INFO - TimestampConverter cog initialized
2025-09-22 01:51:06,315 - INFO - TimestampConverter cog initialized
2025-09-22 01:56:12,256 - INFO - TimestampConverter cog initialized
2025-09-22 01:56:25,896 - INFO - TimestampConverter cog initialized
2025-09-22 01:57:10,424 - INFO - TimestampConverter cog initialized
2025-09-22 02:18:48,002 - INFO - TimestampConverter cog initialized
2025-09-22 02:20:46,560 - INFO - TimestampConverter cog initialized
2025-09-22 02:21:39,516 - INFO - TimestampConverter cog initialized
2025-09-22 02:23:48,499 - INFO - TimestampConverter cog initialized
2025-09-22 02:24:53,295 - INFO - TimestampConverter cog initialized
2025-09-22 02:26:17,739 - INFO - TimestampConverter cog initialized
2025-09-22 02:27:06,142 - INFO - TimestampConverter cog initialized
